[ 2016-12-08T10:39:48+08:00 ] ::1 /shop/index.php
INFO: [ app_init ] --START--
INFO: Run Behavior\BuildLiteBehavior [ RunTime:0.000044s ]
INFO: [ app_init ] --END-- [ RunTime:0.001084s ]
INFO: [ app_begin ] --START--
INFO: Run Behavior\ReadHtmlCacheBehavior [ RunTime:0.001108s ]
INFO: [ app_begin ] --END-- [ RunTime:0.001321s ]
ERR: 模板不存在:./Application/Home/View/Index/index.html

[ 2016-12-08T10:41:04+08:00 ] ::1 /shop/index.php
INFO: [ app_init ] --START--
INFO: Run Behavior\BuildLiteBehavior [ RunTime:0.000071s ]
INFO: [ app_init ] --END-- [ RunTime:0.001067s ]
INFO: [ app_begin ] --START--
INFO: Run Behavior\ReadHtmlCacheBehavior [ RunTime:0.001058s ]
INFO: [ app_begin ] --END-- [ RunTime:0.001267s ]
INFO: [ view_parse ] --START--
INFO: [ template_filter ] --START--
INFO: Run Behavior\ContentReplaceBehavior [ RunTime:0.000463s ]
INFO: [ template_filter ] --END-- [ RunTime:0.000685s ]
INFO: Run Behavior\ParseTemplateBehavior [ RunTime:0.035656s ]
INFO: [ view_parse ] --END-- [ RunTime:0.035879s ]
INFO: [ view_filter ] --START--
INFO: Run Behavior\WriteHtmlCacheBehavior [ RunTime:0.000806s ]
INFO: [ view_filter ] --END-- [ RunTime:0.000996s ]
INFO: [ app_end ] --START--
INFO: Run Behavior\ShowPageTraceBehavior [ RunTime:0.001486s ]
INFO: [ app_end ] --END-- [ RunTime:0.001828s ]

[ 2016-12-08T10:42:07+08:00 ] ::1 /shop/index.php
INFO: [ app_init ] --START--
INFO: Run Behavior\BuildLiteBehavior [ RunTime:0.000045s ]
INFO: [ app_init ] --END-- [ RunTime:0.001124s ]
INFO: [ app_begin ] --START--
INFO: Run Behavior\ReadHtmlCacheBehavior [ RunTime:0.001691s ]
INFO: [ app_begin ] --END-- [ RunTime:0.002096s ]
INFO: [ view_parse ] --START--
INFO: [ template_filter ] --START--
INFO: Run Behavior\ContentReplaceBehavior [ RunTime:0.000626s ]
INFO: [ template_filter ] --END-- [ RunTime:0.000874s ]
INFO: Run Behavior\ParseTemplateBehavior [ RunTime:0.038337s ]
INFO: [ view_parse ] --END-- [ RunTime:0.038564s ]
INFO: [ view_filter ] --START--
INFO: Run Behavior\WriteHtmlCacheBehavior [ RunTime:0.000902s ]
INFO: [ view_filter ] --END-- [ RunTime:0.001100s ]
INFO: [ app_end ] --START--
INFO: Run Behavior\ShowPageTraceBehavior [ RunTime:0.001411s ]
INFO: [ app_end ] --END-- [ RunTime:0.001752s ]

[ 2016-12-08T11:47:29+08:00 ] ::1 /shop/index.php
INFO: [ app_init ] --START--
INFO: Run Behavior\BuildLiteBehavior [ RunTime:0.000066s ]
INFO: [ app_init ] --END-- [ RunTime:0.018018s ]
INFO: [ app_begin ] --START--
INFO: Run Behavior\ReadHtmlCacheBehavior [ RunTime:0.014058s ]
INFO: [ app_begin ] --END-- [ RunTime:0.014499s ]
ERR: 没有定义数据库配置

[ 2016-12-08T11:48:11+08:00 ] ::1 /shop/index.php/Home/Index/index
INFO: [ app_init ] --START--
INFO: Run Behavior\BuildLiteBehavior [ RunTime:0.000049s ]
INFO: [ app_init ] --END-- [ RunTime:0.000797s ]
INFO: [ app_begin ] --START--
INFO: Run Behavior\ReadHtmlCacheBehavior [ RunTime:0.001126s ]
INFO: [ app_begin ] --END-- [ RunTime:0.001370s ]
ERR: 没有定义数据库配置

[ 2016-12-08T11:50:47+08:00 ] ::1 /shop/index.php/Home/Index/index
INFO: [ app_init ] --START--
INFO: Run Behavior\BuildLiteBehavior [ RunTime:0.000124s ]
INFO: [ app_init ] --END-- [ RunTime:0.001636s ]
INFO: [ app_begin ] --START--
INFO: Run Behavior\ReadHtmlCacheBehavior [ RunTime:0.002328s ]
INFO: [ app_begin ] --END-- [ RunTime:0.003437s ]
ERR: 没有定义数据库配置

[ 2016-12-08T11:50:50+08:00 ] ::1 /shop/index.php/Home/Index/index
INFO: [ app_init ] --START--
INFO: Run Behavior\BuildLiteBehavior [ RunTime:0.000096s ]
INFO: [ app_init ] --END-- [ RunTime:0.001743s ]
INFO: [ app_begin ] --START--
INFO: Run Behavior\ReadHtmlCacheBehavior [ RunTime:0.002054s ]
INFO: [ app_begin ] --END-- [ RunTime:0.002556s ]
ERR: 没有定义数据库配置

[ 2016-12-08T11:51:06+08:00 ] ::1 /shop/index.php/Home/Index/index
INFO: [ app_init ] --START--
INFO: Run Behavior\BuildLiteBehavior [ RunTime:0.000054s ]
INFO: [ app_init ] --END-- [ RunTime:0.001118s ]
INFO: [ app_begin ] --START--
INFO: Run Behavior\ReadHtmlCacheBehavior [ RunTime:0.001557s ]
INFO: [ app_begin ] --END-- [ RunTime:0.001842s ]
ERR: 没有定义数据库配置

[ 2016-12-08T11:51:08+08:00 ] ::1 /shop/index.php/Home/Index/index
INFO: [ app_init ] --START--
INFO: Run Behavior\BuildLiteBehavior [ RunTime:0.000056s ]
INFO: [ app_init ] --END-- [ RunTime:0.001279s ]
INFO: [ app_begin ] --START--
INFO: Run Behavior\ReadHtmlCacheBehavior [ RunTime:0.001916s ]
INFO: [ app_begin ] --END-- [ RunTime:0.002259s ]
ERR: 没有定义数据库配置

[ 2016-12-08T11:51:11+08:00 ] ::1 /shop/index.php/Home/Index/index
INFO: [ app_init ] --START--
INFO: Run Behavior\BuildLiteBehavior [ RunTime:0.000054s ]
INFO: [ app_init ] --END-- [ RunTime:0.001188s ]
INFO: [ app_begin ] --START--
INFO: Run Behavior\ReadHtmlCacheBehavior [ RunTime:0.001370s ]
INFO: [ app_begin ] --END-- [ RunTime:0.001642s ]
ERR: 没有定义数据库配置

[ 2016-12-08T11:51:22+08:00 ] ::1 /shop/index.php/Home/Index/index
INFO: [ app_init ] --START--
INFO: Run Behavior\BuildLiteBehavior [ RunTime:0.000056s ]
INFO: [ app_init ] --END-- [ RunTime:0.001199s ]
INFO: [ app_begin ] --START--
INFO: Run Behavior\ReadHtmlCacheBehavior [ RunTime:0.002029s ]
INFO: [ app_begin ] --END-- [ RunTime:0.002619s ]
ERR: 没有定义数据库配置

[ 2016-12-08T11:51:23+08:00 ] ::1 /shop/index.php/Home/Index/index
INFO: [ app_init ] --START--
INFO: Run Behavior\BuildLiteBehavior [ RunTime:0.000056s ]
INFO: [ app_init ] --END-- [ RunTime:0.001071s ]
INFO: [ app_begin ] --START--
INFO: Run Behavior\ReadHtmlCacheBehavior [ RunTime:0.002727s ]
INFO: [ app_begin ] --END-- [ RunTime:0.003154s ]
ERR: 没有定义数据库配置

[ 2016-12-08T11:53:25+08:00 ] ::1 /shop/index.php/Home/
INFO: [ app_init ] --START--
INFO: Run Behavior\BuildLiteBehavior [ RunTime:0.000045s ]
INFO: [ app_init ] --END-- [ RunTime:0.001087s ]
INFO: [ app_begin ] --START--
INFO: Run Behavior\ReadHtmlCacheBehavior [ RunTime:0.001183s ]
INFO: [ app_begin ] --END-- [ RunTime:0.001529s ]
ERR: 没有定义数据库配置

[ 2016-12-08T11:53:33+08:00 ] ::1 /shop/index.php/Home/Index/index
INFO: [ app_init ] --START--
INFO: Run Behavior\BuildLiteBehavior [ RunTime:0.000045s ]
INFO: [ app_init ] --END-- [ RunTime:0.000886s ]
INFO: [ app_begin ] --START--
INFO: Run Behavior\ReadHtmlCacheBehavior [ RunTime:0.001638s ]
INFO: [ app_begin ] --END-- [ RunTime:0.002078s ]
ERR: 没有定义数据库配置

[ 2016-12-08T11:55:01+08:00 ] ::1 /shop/index.php/Home/Index/index
INFO: [ app_init ] --START--
INFO: Run Behavior\BuildLiteBehavior [ RunTime:0.000085s ]
INFO: [ app_init ] --END-- [ RunTime:0.001073s ]
INFO: [ app_begin ] --START--
INFO: Run Behavior\ReadHtmlCacheBehavior [ RunTime:0.001819s ]
INFO: [ app_begin ] --END-- [ RunTime:0.002226s ]
ERR: 无法加载数据库驱动: Think\Db\Driver\Mmysql

[ 2016-12-08T11:55:20+08:00 ] ::1 /shop/index.php/Home/Index/index
INFO: [ app_init ] --START--
INFO: Run Behavior\BuildLiteBehavior [ RunTime:0.000283s ]
INFO: [ app_init ] --END-- [ RunTime:0.002003s ]
INFO: [ app_begin ] --START--
INFO: Run Behavior\ReadHtmlCacheBehavior [ RunTime:0.003368s ]
INFO: [ app_begin ] --END-- [ RunTime:0.003821s ]
NOTIC: [8192] mysql_connect(): The mysql extension is deprecated and will be removed in the future: use mysqli or PDO instead D:\appserv\www\shop\ThinkPHP\Library\Think\Db\Driver\Mysql.class.php 第 52 行.
SQL: SHOW COLUMNS FROM `cz_category` [ RunTime:0.047012s ]
NOTIC: [8] Undefined index: GoodsType D:\appserv\www\shop\ThinkPHP\Library\Think\Db\Driver\Mysql.class.php 第 213 行.
NOTIC: [8] Undefined index: GoodsType D:\appserv\www\shop\ThinkPHP\Library\Think\Db\Driver\Mysql.class.php 第 213 行.
NOTIC: [8] Undefined index: GoodsType D:\appserv\www\shop\ThinkPHP\Library\Think\Db\Driver\Mysql.class.php 第 213 行.
NOTIC: [8] Undefined index: GoodsType D:\appserv\www\shop\ThinkPHP\Library\Think\Db\Driver\Mysql.class.php 第 213 行.
NOTIC: [8] Undefined index: GoodsType D:\appserv\www\shop\ThinkPHP\Library\Think\Db\Driver\Mysql.class.php 第 213 行.
NOTIC: [8] Undefined index: GoodsType D:\appserv\www\shop\ThinkPHP\Library\Think\Db\Driver\Mysql.class.php 第 213 行.
NOTIC: [8] Undefined index: GoodsType D:\appserv\www\shop\ThinkPHP\Library\Think\Db\Driver\Mysql.class.php 第 213 行.
SQL: SELECT * FROM `cz_category`  [ RunTime:0.000933s ]
INFO: [ view_parse ] --START--
INFO: [ template_filter ] --START--
INFO: Run Behavior\ContentReplaceBehavior [ RunTime:0.001374s ]
INFO: [ template_filter ] --END-- [ RunTime:0.001918s ]
INFO: Run Behavior\ParseTemplateBehavior [ RunTime:0.103058s ]
INFO: [ view_parse ] --END-- [ RunTime:0.103452s ]
INFO: [ view_filter ] --START--
INFO: Run Behavior\WriteHtmlCacheBehavior [ RunTime:0.001631s ]
INFO: [ view_filter ] --END-- [ RunTime:0.002210s ]
NOTIC: [2] Cannot modify header information - headers already sent by (output started at D:\appserv\www\shop\Application\Home\Controller\IndexController.class.php:9) D:\appserv\www\shop\ThinkPHP\Library\Think\View.class.php 第 91 行.
NOTIC: [2] Cannot modify header information - headers already sent by (output started at D:\appserv\www\shop\Application\Home\Controller\IndexController.class.php:9) D:\appserv\www\shop\ThinkPHP\Library\Think\View.class.php 第 92 行.
NOTIC: [2] Cannot modify header information - headers already sent by (output started at D:\appserv\www\shop\Application\Home\Controller\IndexController.class.php:9) D:\appserv\www\shop\ThinkPHP\Library\Think\View.class.php 第 93 行.
INFO: [ app_end ] --START--
INFO: Run Behavior\ShowPageTraceBehavior [ RunTime:0.002548s ]
INFO: [ app_end ] --END-- [ RunTime:0.003625s ]

[ 2016-12-08T11:55:40+08:00 ] ::1 /shop/index.php/Home/Index/index
INFO: [ app_init ] --START--
INFO: Run Behavior\BuildLiteBehavior [ RunTime:0.000056s ]
INFO: [ app_init ] --END-- [ RunTime:0.001059s ]
INFO: [ app_begin ] --START--
INFO: Run Behavior\ReadHtmlCacheBehavior [ RunTime:0.001771s ]
INFO: [ app_begin ] --END-- [ RunTime:0.002274s ]
NOTIC: [8192] mysql_connect(): The mysql extension is deprecated and will be removed in the future: use mysqli or PDO instead D:\appserv\www\shop\ThinkPHP\Library\Think\Db\Driver\Mysql.class.php 第 52 行.
SQL: SHOW COLUMNS FROM `cz_category` [ RunTime:0.002267s ]
NOTIC: [8] Undefined index: GoodsType D:\appserv\www\shop\ThinkPHP\Library\Think\Db\Driver\Mysql.class.php 第 213 行.
NOTIC: [8] Undefined index: GoodsType D:\appserv\www\shop\ThinkPHP\Library\Think\Db\Driver\Mysql.class.php 第 213 行.
NOTIC: [8] Undefined index: GoodsType D:\appserv\www\shop\ThinkPHP\Library\Think\Db\Driver\Mysql.class.php 第 213 行.
NOTIC: [8] Undefined index: GoodsType D:\appserv\www\shop\ThinkPHP\Library\Think\Db\Driver\Mysql.class.php 第 213 行.
NOTIC: [8] Undefined index: GoodsType D:\appserv\www\shop\ThinkPHP\Library\Think\Db\Driver\Mysql.class.php 第 213 行.
NOTIC: [8] Undefined index: GoodsType D:\appserv\www\shop\ThinkPHP\Library\Think\Db\Driver\Mysql.class.php 第 213 行.
NOTIC: [8] Undefined index: GoodsType D:\appserv\www\shop\ThinkPHP\Library\Think\Db\Driver\Mysql.class.php 第 213 行.
SQL: SELECT * FROM `cz_category`  [ RunTime:0.012964s ]
INFO: [ view_parse ] --START--
INFO: [ template_filter ] --START--
INFO: Run Behavior\ContentReplaceBehavior [ RunTime:0.002163s ]
INFO: [ template_filter ] --END-- [ RunTime:0.003769s ]
INFO: Run Behavior\ParseTemplateBehavior [ RunTime:0.066369s ]
INFO: [ view_parse ] --END-- [ RunTime:0.066777s ]
INFO: [ view_filter ] --START--
INFO: Run Behavior\WriteHtmlCacheBehavior [ RunTime:0.002279s ]
INFO: [ view_filter ] --END-- [ RunTime:0.003684s ]
NOTIC: [2] Cannot modify header information - headers already sent by (output started at D:\appserv\www\shop\Application\Home\Controller\IndexController.class.php:9) D:\appserv\www\shop\ThinkPHP\Library\Think\View.class.php 第 91 行.
NOTIC: [2] Cannot modify header information - headers already sent by (output started at D:\appserv\www\shop\Application\Home\Controller\IndexController.class.php:9) D:\appserv\www\shop\ThinkPHP\Library\Think\View.class.php 第 92 行.
NOTIC: [2] Cannot modify header information - headers already sent by (output started at D:\appserv\www\shop\Application\Home\Controller\IndexController.class.php:9) D:\appserv\www\shop\ThinkPHP\Library\Think\View.class.php 第 93 行.
INFO: [ app_end ] --START--
INFO: Run Behavior\ShowPageTraceBehavior [ RunTime:0.008505s ]
INFO: [ app_end ] --END-- [ RunTime:0.009329s ]

[ 2016-12-08T11:55:57+08:00 ] ::1 /shop/index.php/Home/Index/index
INFO: [ app_init ] --START--
INFO: Run Behavior\BuildLiteBehavior [ RunTime:0.000057s ]
INFO: [ app_init ] --END-- [ RunTime:0.001287s ]
INFO: [ app_begin ] --START--
INFO: Run Behavior\ReadHtmlCacheBehavior [ RunTime:0.001767s ]
INFO: [ app_begin ] --END-- [ RunTime:0.002237s ]
NOTIC: [8192] mysql_connect(): The mysql extension is deprecated and will be removed in the future: use mysqli or PDO instead D:\appserv\www\shop\ThinkPHP\Library\Think\Db\Driver\Mysql.class.php 第 52 行.
SQL: SHOW COLUMNS FROM `cz_category` [ RunTime:0.025769s ]
NOTIC: [8] Undefined index: GoodsType D:\appserv\www\shop\ThinkPHP\Library\Think\Db\Driver\Mysql.class.php 第 213 行.
NOTIC: [8] Undefined index: GoodsType D:\appserv\www\shop\ThinkPHP\Library\Think\Db\Driver\Mysql.class.php 第 213 行.
NOTIC: [8] Undefined index: GoodsType D:\appserv\www\shop\ThinkPHP\Library\Think\Db\Driver\Mysql.class.php 第 213 行.
NOTIC: [8] Undefined index: GoodsType D:\appserv\www\shop\ThinkPHP\Library\Think\Db\Driver\Mysql.class.php 第 213 行.
NOTIC: [8] Undefined index: GoodsType D:\appserv\www\shop\ThinkPHP\Library\Think\Db\Driver\Mysql.class.php 第 213 行.
NOTIC: [8] Undefined index: GoodsType D:\appserv\www\shop\ThinkPHP\Library\Think\Db\Driver\Mysql.class.php 第 213 行.
NOTIC: [8] Undefined index: GoodsType D:\appserv\www\shop\ThinkPHP\Library\Think\Db\Driver\Mysql.class.php 第 213 行.
SQL: SELECT * FROM `cz_category`  [ RunTime:0.000787s ]
INFO: [ app_end ] --START--
INFO: Run Behavior\ShowPageTraceBehavior [ RunTime:0.002338s ]
INFO: [ app_end ] --END-- [ RunTime:0.002746s ]

[ 2016-12-08T11:56:15+08:00 ] ::1 /shop/index.php/Home/Index/index
INFO: [ app_init ] --START--
INFO: Run Behavior\BuildLiteBehavior [ RunTime:0.000095s ]
INFO: [ app_init ] --END-- [ RunTime:0.002367s ]
INFO: [ app_begin ] --START--
INFO: Run Behavior\ReadHtmlCacheBehavior [ RunTime:0.001872s ]
INFO: [ app_begin ] --END-- [ RunTime:0.002173s ]
NOTIC: [8192] mysql_connect(): The mysql extension is deprecated and will be removed in the future: use mysqli or PDO instead D:\appserv\www\shop\ThinkPHP\Library\Think\Db\Driver\Mysql.class.php 第 52 行.
SQL: SHOW COLUMNS FROM `cz_category` [ RunTime:0.001349s ]
NOTIC: [8] Undefined index: GoodsType D:\appserv\www\shop\ThinkPHP\Library\Think\Db\Driver\Mysql.class.php 第 213 行.
NOTIC: [8] Undefined index: GoodsType D:\appserv\www\shop\ThinkPHP\Library\Think\Db\Driver\Mysql.class.php 第 213 行.
NOTIC: [8] Undefined index: GoodsType D:\appserv\www\shop\ThinkPHP\Library\Think\Db\Driver\Mysql.class.php 第 213 行.
NOTIC: [8] Undefined index: GoodsType D:\appserv\www\shop\ThinkPHP\Library\Think\Db\Driver\Mysql.class.php 第 213 行.
NOTIC: [8] Undefined index: GoodsType D:\appserv\www\shop\ThinkPHP\Library\Think\Db\Driver\Mysql.class.php 第 213 行.
NOTIC: [8] Undefined index: GoodsType D:\appserv\www\shop\ThinkPHP\Library\Think\Db\Driver\Mysql.class.php 第 213 行.
NOTIC: [8] Undefined index: GoodsType D:\appserv\www\shop\ThinkPHP\Library\Think\Db\Driver\Mysql.class.php 第 213 行.
SQL: SELECT * FROM `cz_category`  [ RunTime:0.000796s ]
INFO: [ app_end ] --START--
INFO: Run Behavior\ShowPageTraceBehavior [ RunTime:0.002057s ]
INFO: [ app_end ] --END-- [ RunTime:0.002467s ]

[ 2016-12-08T11:57:19+08:00 ] ::1 /shop/index.php/Home/Index/index
INFO: [ app_init ] --START--
INFO: Run Behavior\BuildLiteBehavior [ RunTime:0.000042s ]
INFO: [ app_init ] --END-- [ RunTime:0.000780s ]
INFO: [ app_begin ] --START--
INFO: Run Behavior\ReadHtmlCacheBehavior [ RunTime:0.001290s ]
INFO: [ app_begin ] --END-- [ RunTime:0.001529s ]
NOTIC: [8192] mysql_connect(): The mysql extension is deprecated and will be removed in the future: use mysqli or PDO instead D:\appserv\www\shop\ThinkPHP\Library\Think\Db\Driver\Mysql.class.php 第 52 行.
SQL: SHOW COLUMNS FROM `cz_category` [ RunTime:0.001040s ]
NOTIC: [8] Undefined index: GoodsType D:\appserv\www\shop\ThinkPHP\Library\Think\Db\Driver\Mysql.class.php 第 213 行.
NOTIC: [8] Undefined index: GoodsType D:\appserv\www\shop\ThinkPHP\Library\Think\Db\Driver\Mysql.class.php 第 213 行.
NOTIC: [8] Undefined index: GoodsType D:\appserv\www\shop\ThinkPHP\Library\Think\Db\Driver\Mysql.class.php 第 213 行.
NOTIC: [8] Undefined index: GoodsType D:\appserv\www\shop\ThinkPHP\Library\Think\Db\Driver\Mysql.class.php 第 213 行.
NOTIC: [8] Undefined index: GoodsType D:\appserv\www\shop\ThinkPHP\Library\Think\Db\Driver\Mysql.class.php 第 213 行.
NOTIC: [8] Undefined index: GoodsType D:\appserv\www\shop\ThinkPHP\Library\Think\Db\Driver\Mysql.class.php 第 213 行.
NOTIC: [8] Undefined index: GoodsType D:\appserv\www\shop\ThinkPHP\Library\Think\Db\Driver\Mysql.class.php 第 213 行.
SQL: SELECT * FROM `cz_category`  [ RunTime:0.000608s ]
INFO: [ view_parse ] --START--
INFO: [ template_filter ] --START--
INFO: Run Behavior\ContentReplaceBehavior [ RunTime:0.000558s ]
INFO: [ template_filter ] --END-- [ RunTime:0.006163s ]
INFO: Run Behavior\ParseTemplateBehavior [ RunTime:0.042749s ]
INFO: [ view_parse ] --END-- [ RunTime:0.043060s ]
INFO: [ view_filter ] --START--
INFO: Run Behavior\WriteHtmlCacheBehavior [ RunTime:0.001360s ]
INFO: [ view_filter ] --END-- [ RunTime:0.001629s ]
INFO: [ app_end ] --START--
INFO: Run Behavior\ShowPageTraceBehavior [ RunTime:0.001674s ]
INFO: [ app_end ] --END-- [ RunTime:0.001923s ]

[ 2016-12-08T18:21:56+08:00 ] ::1 /shop/index.php/Home/Index/index
INFO: [ app_init ] --START--
INFO: Run Behavior\BuildLiteBehavior [ RunTime:0.000161s ]
INFO: [ app_init ] --END-- [ RunTime:0.028859s ]
INFO: [ app_begin ] --START--
INFO: Run Behavior\ReadHtmlCacheBehavior [ RunTime:0.015214s ]
INFO: [ app_begin ] --END-- [ RunTime:0.016049s ]
NOTIC: [8192] mysql_connect(): The mysql extension is deprecated and will be removed in the future: use mysqli or PDO instead D:\appserv\www\shop\ThinkPHP\Library\Think\Db\Driver\Mysql.class.php 第 52 行.
SQL: SHOW COLUMNS FROM `cz_category` [ RunTime:0.085988s ]
NOTIC: [8] Undefined index: GoodsType D:\appserv\www\shop\ThinkPHP\Library\Think\Db\Driver\Mysql.class.php 第 213 行.
NOTIC: [8] Undefined index: GoodsType D:\appserv\www\shop\ThinkPHP\Library\Think\Db\Driver\Mysql.class.php 第 213 行.
NOTIC: [8] Undefined index: GoodsType D:\appserv\www\shop\ThinkPHP\Library\Think\Db\Driver\Mysql.class.php 第 213 行.
NOTIC: [8] Undefined index: GoodsType D:\appserv\www\shop\ThinkPHP\Library\Think\Db\Driver\Mysql.class.php 第 213 行.
NOTIC: [8] Undefined index: GoodsType D:\appserv\www\shop\ThinkPHP\Library\Think\Db\Driver\Mysql.class.php 第 213 行.
NOTIC: [8] Undefined index: GoodsType D:\appserv\www\shop\ThinkPHP\Library\Think\Db\Driver\Mysql.class.php 第 213 行.
NOTIC: [8] Undefined index: GoodsType D:\appserv\www\shop\ThinkPHP\Library\Think\Db\Driver\Mysql.class.php 第 213 行.
SQL: SELECT * FROM `cz_category`  [ RunTime:0.003077s ]
INFO: [ view_parse ] --START--
INFO: [ template_filter ] --START--
INFO: Run Behavior\ContentReplaceBehavior [ RunTime:0.000771s ]
INFO: [ template_filter ] --END-- [ RunTime:0.001166s ]
INFO: Run Behavior\ParseTemplateBehavior [ RunTime:0.202024s ]
INFO: [ view_parse ] --END-- [ RunTime:0.202481s ]
INFO: [ view_filter ] --START--
INFO: Run Behavior\WriteHtmlCacheBehavior [ RunTime:0.033123s ]
INFO: [ view_filter ] --END-- [ RunTime:0.033406s ]
INFO: [ app_end ] --START--
INFO: Run Behavior\ShowPageTraceBehavior [ RunTime:0.058650s ]
INFO: [ app_end ] --END-- [ RunTime:0.059276s ]

