[ 2017-02-14T09:45:10+08:00 ] ::1 /shop/ecshop/index.php/Home/Register/register
INFO: [ app_init ] --START--
INFO: Run Behavior\BuildLiteBehavior [ RunTime:0.000060s ]
INFO: [ app_init ] --END-- [ RunTime:0.093267s ]
INFO: [ app_begin ] --START--
INFO: Run Behavior\ReadHtmlCacheBehavior [ RunTime:0.007459s ]
INFO: [ app_begin ] --END-- [ RunTime:0.007903s ]
NOTIC: [8192] Function eregi_replace() is deprecated D:\appserv\www\shop\ecshop\Application\Home\Common\function.php 第 23 行.

[ 2017-02-14T09:46:37+08:00 ] ::1 /shop/ecshop/index.php/Home/Register/register
INFO: [ app_init ] --START--
INFO: Run Behavior\BuildLiteBehavior [ RunTime:0.000044s ]
INFO: [ app_init ] --END-- [ RunTime:0.000823s ]
INFO: [ app_begin ] --START--
INFO: Run Behavior\ReadHtmlCacheBehavior [ RunTime:0.001200s ]
INFO: [ app_begin ] --END-- [ RunTime:0.001577s ]
NOTIC: [8192] Function eregi_replace() is deprecated D:\appserv\www\shop\ecshop\Application\Home\Common\function.php 第 23 行.

[ 2017-02-14T09:59:56+08:00 ] ::1 /shop/ecshop/index.php/Home/Register/register
INFO: [ app_init ] --START--
INFO: Run Behavior\BuildLiteBehavior [ RunTime:0.000045s ]
INFO: [ app_init ] --END-- [ RunTime:0.001006s ]
INFO: [ app_begin ] --START--
INFO: Run Behavior\ReadHtmlCacheBehavior [ RunTime:0.001114s ]
INFO: [ app_begin ] --END-- [ RunTime:0.001341s ]
NOTIC: [8192] Function eregi_replace() is deprecated D:\appserv\www\shop\ecshop\Application\Home\Common\function.php 第 23 行.

[ 2017-02-14T10:00:05+08:00 ] ::1 /shop/ecshop/index.php/Home/Register/register
INFO: [ app_init ] --START--
INFO: Run Behavior\BuildLiteBehavior [ RunTime:0.000055s ]
INFO: [ app_init ] --END-- [ RunTime:0.001053s ]
INFO: [ app_begin ] --START--
INFO: Run Behavior\ReadHtmlCacheBehavior [ RunTime:0.000873s ]
INFO: [ app_begin ] --END-- [ RunTime:0.001111s ]
NOTIC: [8192] Function eregi_replace() is deprecated D:\appserv\www\shop\ecshop\Application\Home\Common\function.php 第 23 行.

[ 2017-02-14T10:02:23+08:00 ] ::1 /shop/ecshop/index.php/Home/Register/register
INFO: [ app_init ] --START--
INFO: Run Behavior\BuildLiteBehavior [ RunTime:0.000045s ]
INFO: [ app_init ] --END-- [ RunTime:0.000889s ]
INFO: [ app_begin ] --START--
INFO: Run Behavior\ReadHtmlCacheBehavior [ RunTime:0.001000s ]
INFO: [ app_begin ] --END-- [ RunTime:0.001221s ]
NOTIC: [8192] Function eregi_replace() is deprecated D:\appserv\www\shop\ecshop\Application\Home\Common\function.php 第 23 行.

[ 2017-02-14T10:03:52+08:00 ] ::1 /shop/ecshop/index.php/Home/Register/register
INFO: [ app_init ] --START--
INFO: Run Behavior\BuildLiteBehavior [ RunTime:0.000045s ]
INFO: [ app_init ] --END-- [ RunTime:0.000966s ]
INFO: [ app_begin ] --START--
INFO: Run Behavior\ReadHtmlCacheBehavior [ RunTime:0.000941s ]
INFO: [ app_begin ] --END-- [ RunTime:0.001163s ]
NOTIC: [8192] Function eregi_replace() is deprecated D:\appserv\www\shop\ecshop\Application\Home\Common\function.php 第 23 行.

[ 2017-02-14T10:04:12+08:00 ] ::1 /shop/ecshop/index.php/Home/Register/register
INFO: [ app_init ] --START--
INFO: Run Behavior\BuildLiteBehavior [ RunTime:0.000044s ]
INFO: [ app_init ] --END-- [ RunTime:0.000803s ]
INFO: [ app_begin ] --START--
INFO: Run Behavior\ReadHtmlCacheBehavior [ RunTime:0.001247s ]
INFO: [ app_begin ] --END-- [ RunTime:0.001567s ]
NOTIC: [8192] Function eregi_replace() is deprecated D:\appserv\www\shop\ecshop\Application\Home\Common\function.php 第 23 行.

[ 2017-02-14T10:04:15+08:00 ] ::1 /shop/ecshop/index.php/Home/Register/register
INFO: [ app_init ] --START--
INFO: Run Behavior\BuildLiteBehavior [ RunTime:0.000044s ]
INFO: [ app_init ] --END-- [ RunTime:0.000788s ]
INFO: [ app_begin ] --START--
INFO: Run Behavior\ReadHtmlCacheBehavior [ RunTime:0.000805s ]
INFO: [ app_begin ] --END-- [ RunTime:0.001022s ]
NOTIC: [8192] Function eregi_replace() is deprecated D:\appserv\www\shop\ecshop\Application\Home\Common\function.php 第 23 行.

[ 2017-02-14T10:06:29+08:00 ] ::1 /shop/ecshop/index.php/Home/Register/register
INFO: [ app_init ] --START--
INFO: Run Behavior\BuildLiteBehavior [ RunTime:0.000052s ]
INFO: [ app_init ] --END-- [ RunTime:0.001169s ]
INFO: [ app_begin ] --START--
INFO: Run Behavior\ReadHtmlCacheBehavior [ RunTime:0.000943s ]
INFO: [ app_begin ] --END-- [ RunTime:0.001155s ]
NOTIC: [8192] Function eregi_replace() is deprecated D:\appserv\www\shop\ecshop\Application\Home\Common\function.php 第 23 行.

[ 2017-02-14T10:07:36+08:00 ] ::1 /shop/ecshop/index.php/Home/Register/register
INFO: [ app_init ] --START--
INFO: Run Behavior\BuildLiteBehavior [ RunTime:0.000043s ]
INFO: [ app_init ] --END-- [ RunTime:0.000744s ]
INFO: [ app_begin ] --START--
INFO: Run Behavior\ReadHtmlCacheBehavior [ RunTime:0.000829s ]
INFO: [ app_begin ] --END-- [ RunTime:0.001044s ]
NOTIC: [8192] Function eregi_replace() is deprecated D:\appserv\www\shop\ecshop\Application\Home\Common\function.php 第 23 行.

[ 2017-02-14T10:08:36+08:00 ] ::1 /shop/ecshop/index.php/Home/Register/register
INFO: [ app_init ] --START--
INFO: Run Behavior\BuildLiteBehavior [ RunTime:0.000051s ]
INFO: [ app_init ] --END-- [ RunTime:0.000977s ]
INFO: [ app_begin ] --START--
INFO: Run Behavior\ReadHtmlCacheBehavior [ RunTime:0.001000s ]
INFO: [ app_begin ] --END-- [ RunTime:0.001231s ]
NOTIC: [8192] Function eregi_replace() is deprecated D:\appserv\www\shop\ecshop\Application\Home\Common\function.php 第 23 行.

[ 2017-02-14T10:08:44+08:00 ] ::1 /shop/ecshop/index.php/Home/Register/register
INFO: [ app_init ] --START--
INFO: Run Behavior\BuildLiteBehavior [ RunTime:0.000045s ]
INFO: [ app_init ] --END-- [ RunTime:0.000838s ]
INFO: [ app_begin ] --START--
INFO: Run Behavior\ReadHtmlCacheBehavior [ RunTime:0.001144s ]
INFO: [ app_begin ] --END-- [ RunTime:0.001454s ]
NOTIC: [8192] Function eregi_replace() is deprecated D:\appserv\www\shop\ecshop\Application\Home\Common\function.php 第 23 行.

[ 2017-02-14T14:25:09+08:00 ] ::1 /shop/ecshop/index.php/Home/Register/register
INFO: [ app_init ] --START--
INFO: Run Behavior\BuildLiteBehavior [ RunTime:0.000129s ]
INFO: [ app_init ] --END-- [ RunTime:0.031845s ]
INFO: [ app_begin ] --START--
INFO: Run Behavior\ReadHtmlCacheBehavior [ RunTime:0.014356s ]
INFO: [ app_begin ] --END-- [ RunTime:0.015304s ]
NOTIC: [8192] Function eregi_replace() is deprecated D:\appserv\www\shop\ecshop\Application\Home\Common\function.php 第 23 行.

[ 2017-02-14T14:25:25+08:00 ] ::1 /shop/ecshop/index.php/Home/Register/register
INFO: [ app_init ] --START--
INFO: Run Behavior\BuildLiteBehavior [ RunTime:0.000051s ]
INFO: [ app_init ] --END-- [ RunTime:0.000813s ]
INFO: [ app_begin ] --START--
INFO: Run Behavior\ReadHtmlCacheBehavior [ RunTime:0.000951s ]
INFO: [ app_begin ] --END-- [ RunTime:0.001281s ]
NOTIC: [8192] Function eregi_replace() is deprecated D:\appserv\www\shop\ecshop\Application\Home\Common\function.php 第 23 行.

[ 2017-02-14T14:27:39+08:00 ] ::1 /shop/ecshop/index.php/Home/Register/register
INFO: [ app_init ] --START--
INFO: Run Behavior\BuildLiteBehavior [ RunTime:0.000043s ]
INFO: [ app_init ] --END-- [ RunTime:0.000803s ]
INFO: [ app_begin ] --START--
INFO: Run Behavior\ReadHtmlCacheBehavior [ RunTime:0.000957s ]
INFO: [ app_begin ] --END-- [ RunTime:0.001177s ]
NOTIC: [8192] Function eregi_replace() is deprecated D:\appserv\www\shop\ecshop\Application\Home\Common\function.php 第 23 行.

[ 2017-02-14T14:34:40+08:00 ] ::1 /shop/ecshop/index.php/Home/Register/register
INFO: [ app_init ] --START--
INFO: Run Behavior\BuildLiteBehavior [ RunTime:0.000046s ]
INFO: [ app_init ] --END-- [ RunTime:0.000918s ]
INFO: [ app_begin ] --START--
INFO: Run Behavior\ReadHtmlCacheBehavior [ RunTime:0.001102s ]
INFO: [ app_begin ] --END-- [ RunTime:0.001338s ]
NOTIC: [8192] Function eregi_replace() is deprecated D:\appserv\www\shop\ecshop\Application\Home\Common\function.php 第 23 行.

[ 2017-02-14T14:34:43+08:00 ] ::1 /shop/ecshop/index.php/Home/Register/register
INFO: [ app_init ] --START--
INFO: Run Behavior\BuildLiteBehavior [ RunTime:0.000043s ]
INFO: [ app_init ] --END-- [ RunTime:0.000755s ]
INFO: [ app_begin ] --START--
INFO: Run Behavior\ReadHtmlCacheBehavior [ RunTime:0.000832s ]
INFO: [ app_begin ] --END-- [ RunTime:0.001086s ]
NOTIC: [8192] Function eregi_replace() is deprecated D:\appserv\www\shop\ecshop\Application\Home\Common\function.php 第 23 行.

[ 2017-02-14T14:35:02+08:00 ] ::1 /shop/ecshop/index.php/Home/Register/register
INFO: [ app_init ] --START--
INFO: Run Behavior\BuildLiteBehavior [ RunTime:0.000046s ]
INFO: [ app_init ] --END-- [ RunTime:0.000791s ]
INFO: [ app_begin ] --START--
INFO: Run Behavior\ReadHtmlCacheBehavior [ RunTime:0.000959s ]
INFO: [ app_begin ] --END-- [ RunTime:0.001247s ]
NOTIC: [8192] Function eregi_replace() is deprecated D:\appserv\www\shop\ecshop\Application\Home\Common\function.php 第 23 行.

[ 2017-02-14T14:35:07+08:00 ] ::1 /shop/ecshop/index.php/Home/Register/register
INFO: [ app_init ] --START--
INFO: Run Behavior\BuildLiteBehavior [ RunTime:0.000042s ]
INFO: [ app_init ] --END-- [ RunTime:0.000769s ]
INFO: [ app_begin ] --START--
INFO: Run Behavior\ReadHtmlCacheBehavior [ RunTime:0.000803s ]
INFO: [ app_begin ] --END-- [ RunTime:0.001012s ]
NOTIC: [8192] Function eregi_replace() is deprecated D:\appserv\www\shop\ecshop\Application\Home\Common\function.php 第 23 行.

[ 2017-02-14T14:36:36+08:00 ] ::1 /shop/ecshop/index.php/Home/Register/register
INFO: [ app_init ] --START--
INFO: Run Behavior\BuildLiteBehavior [ RunTime:0.000059s ]
INFO: [ app_init ] --END-- [ RunTime:0.001025s ]
INFO: [ app_begin ] --START--
INFO: Run Behavior\ReadHtmlCacheBehavior [ RunTime:0.000804s ]
INFO: [ app_begin ] --END-- [ RunTime:0.001022s ]
NOTIC: [8192] Function eregi_replace() is deprecated D:\appserv\www\shop\ecshop\Application\Home\Common\function.php 第 23 行.

[ 2017-02-14T14:37:14+08:00 ] ::1 /shop/ecshop/index.php/Home/Register/register
INFO: [ app_init ] --START--
INFO: Run Behavior\BuildLiteBehavior [ RunTime:0.000068s ]
INFO: [ app_init ] --END-- [ RunTime:0.000987s ]
INFO: [ app_begin ] --START--
INFO: Run Behavior\ReadHtmlCacheBehavior [ RunTime:0.001033s ]
INFO: [ app_begin ] --END-- [ RunTime:0.001258s ]
NOTIC: [8192] Function eregi_replace() is deprecated D:\appserv\www\shop\ecshop\Application\Home\Common\function.php 第 23 行.

[ 2017-02-14T14:37:17+08:00 ] ::1 /shop/ecshop/index.php/Home/Register/register
INFO: [ app_init ] --START--
INFO: Run Behavior\BuildLiteBehavior [ RunTime:0.000045s ]
INFO: [ app_init ] --END-- [ RunTime:0.000853s ]
INFO: [ app_begin ] --START--
INFO: Run Behavior\ReadHtmlCacheBehavior [ RunTime:0.000980s ]
INFO: [ app_begin ] --END-- [ RunTime:0.001332s ]
NOTIC: [8192] Function eregi_replace() is deprecated D:\appserv\www\shop\ecshop\Application\Home\Common\function.php 第 23 行.

[ 2017-02-14T14:38:14+08:00 ] ::1 /shop/ecshop/index.php/Home/Register/register
INFO: [ app_init ] --START--
INFO: Run Behavior\BuildLiteBehavior [ RunTime:0.000074s ]
INFO: [ app_init ] --END-- [ RunTime:0.001115s ]
INFO: [ app_begin ] --START--
INFO: Run Behavior\ReadHtmlCacheBehavior [ RunTime:0.000913s ]
INFO: [ app_begin ] --END-- [ RunTime:0.001209s ]
NOTIC: [8192] Function eregi_replace() is deprecated D:\appserv\www\shop\ecshop\Application\Home\Common\function.php 第 23 行.

[ 2017-02-14T14:59:53+08:00 ] ::1 /shop/ecshop/index.php/Home/Register/register
INFO: [ app_init ] --START--
INFO: Run Behavior\BuildLiteBehavior [ RunTime:0.000130s ]
INFO: [ app_init ] --END-- [ RunTime:0.033501s ]
INFO: [ app_begin ] --START--
INFO: Run Behavior\ReadHtmlCacheBehavior [ RunTime:0.013769s ]
INFO: [ app_begin ] --END-- [ RunTime:0.015231s ]
NOTIC: [8192] Function eregi_replace() is deprecated D:\appserv\www\shop\ecshop\Application\Home\Common\function.php 第 23 行.

[ 2017-02-14T15:06:41+08:00 ] ::1 /shop/ecshop/index.php/Home/Register/register
INFO: [ app_init ] --START--
INFO: Run Behavior\BuildLiteBehavior [ RunTime:0.000068s ]
INFO: [ app_init ] --END-- [ RunTime:0.001036s ]
INFO: [ app_begin ] --START--
INFO: Run Behavior\ReadHtmlCacheBehavior [ RunTime:0.001050s ]
INFO: [ app_begin ] --END-- [ RunTime:0.001278s ]
NOTIC: [8192] Function eregi_replace() is deprecated D:\appserv\www\shop\ecshop\Application\Home\Common\function.php 第 23 行.

[ 2017-02-14T15:07:55+08:00 ] ::1 /shop/ecshop/index.php/Home/Register/register
INFO: [ app_init ] --START--
INFO: Run Behavior\BuildLiteBehavior [ RunTime:0.000048s ]
INFO: [ app_init ] --END-- [ RunTime:0.000823s ]
INFO: [ app_begin ] --START--
INFO: Run Behavior\ReadHtmlCacheBehavior [ RunTime:0.001367s ]
INFO: [ app_begin ] --END-- [ RunTime:0.001723s ]
NOTIC: [8192] Function eregi_replace() is deprecated D:\appserv\www\shop\ecshop\Application\Home\Common\function.php 第 23 行.

[ 2017-02-14T15:08:21+08:00 ] ::1 /shop/ecshop/index.php/Home/Register/register
INFO: [ app_init ] --START--
INFO: Run Behavior\BuildLiteBehavior [ RunTime:0.000043s ]
INFO: [ app_init ] --END-- [ RunTime:0.000695s ]
INFO: [ app_begin ] --START--
INFO: Run Behavior\ReadHtmlCacheBehavior [ RunTime:0.000841s ]
INFO: [ app_begin ] --END-- [ RunTime:0.001086s ]
NOTIC: [8192] Function eregi_replace() is deprecated D:\appserv\www\shop\ecshop\Application\Home\Common\function.php 第 23 行.

[ 2017-02-14T15:08:44+08:00 ] ::1 /shop/ecshop/index.php/Home/Register/register
INFO: [ app_init ] --START--
INFO: Run Behavior\BuildLiteBehavior [ RunTime:0.000071s ]
INFO: [ app_init ] --END-- [ RunTime:0.000897s ]
INFO: [ app_begin ] --START--
INFO: Run Behavior\ReadHtmlCacheBehavior [ RunTime:0.001245s ]
INFO: [ app_begin ] --END-- [ RunTime:0.001554s ]
NOTIC: [8192] Function eregi_replace() is deprecated D:\appserv\www\shop\ecshop\Application\Home\Common\function.php 第 23 行.

[ 2017-02-14T15:08:47+08:00 ] ::1 /shop/ecshop/index.php/Home/Register/register
INFO: [ app_init ] --START--
INFO: Run Behavior\BuildLiteBehavior [ RunTime:0.000045s ]
INFO: [ app_init ] --END-- [ RunTime:0.000750s ]
INFO: [ app_begin ] --START--
INFO: Run Behavior\ReadHtmlCacheBehavior [ RunTime:0.001053s ]
INFO: [ app_begin ] --END-- [ RunTime:0.001404s ]
NOTIC: [8192] Function eregi_replace() is deprecated D:\appserv\www\shop\ecshop\Application\Home\Common\function.php 第 23 行.

[ 2017-02-14T15:10:00+08:00 ] ::1 /shop/ecshop/index.php/Home/Register/register
INFO: [ app_init ] --START--
INFO: Run Behavior\BuildLiteBehavior [ RunTime:0.000102s ]
INFO: [ app_init ] --END-- [ RunTime:0.001889s ]
INFO: [ app_begin ] --START--
INFO: Run Behavior\ReadHtmlCacheBehavior [ RunTime:0.001052s ]
INFO: [ app_begin ] --END-- [ RunTime:0.001419s ]
NOTIC: [8192] Function eregi_replace() is deprecated D:\appserv\www\shop\ecshop\Application\Home\Common\function.php 第 23 行.

[ 2017-02-14T15:12:13+08:00 ] ::1 /shop/ecshop/index.php/Home/Register/register
INFO: [ app_init ] --START--
INFO: Run Behavior\BuildLiteBehavior [ RunTime:0.000094s ]
INFO: [ app_init ] --END-- [ RunTime:0.001312s ]
INFO: [ app_begin ] --START--
INFO: Run Behavior\ReadHtmlCacheBehavior [ RunTime:0.001757s ]
INFO: [ app_begin ] --END-- [ RunTime:0.002181s ]
NOTIC: [8192] Function eregi_replace() is deprecated D:\appserv\www\shop\ecshop\Application\Home\Common\function.php 第 23 行.

[ 2017-02-14T15:12:51+08:00 ] ::1 /shop/ecshop/index.php/Home/Register/register
INFO: [ app_init ] --START--
INFO: Run Behavior\BuildLiteBehavior [ RunTime:0.000054s ]
INFO: [ app_init ] --END-- [ RunTime:0.000915s ]
INFO: [ app_begin ] --START--
INFO: Run Behavior\ReadHtmlCacheBehavior [ RunTime:0.001049s ]
INFO: [ app_begin ] --END-- [ RunTime:0.001326s ]
NOTIC: [8192] Function eregi_replace() is deprecated D:\appserv\www\shop\ecshop\Application\Home\Common\function.php 第 23 行.

[ 2017-02-14T15:17:16+08:00 ] ::1 /shop/ecshop/index.php/Home/Register/register
INFO: [ app_init ] --START--
INFO: Run Behavior\BuildLiteBehavior [ RunTime:0.000093s ]
INFO: [ app_init ] --END-- [ RunTime:0.001484s ]
INFO: [ app_begin ] --START--
INFO: Run Behavior\ReadHtmlCacheBehavior [ RunTime:0.001625s ]
INFO: [ app_begin ] --END-- [ RunTime:0.002012s ]
NOTIC: [8192] Function eregi_replace() is deprecated D:\appserv\www\shop\ecshop\Application\Home\Common\function.php 第 23 行.

[ 2017-02-14T15:18:07+08:00 ] ::1 /shop/ecshop/index.php/Home/Register/register
INFO: [ app_init ] --START--
INFO: Run Behavior\BuildLiteBehavior [ RunTime:0.000071s ]
INFO: [ app_init ] --END-- [ RunTime:0.001635s ]
INFO: [ app_begin ] --START--
INFO: Run Behavior\ReadHtmlCacheBehavior [ RunTime:0.001451s ]
INFO: [ app_begin ] --END-- [ RunTime:0.001979s ]

[ 2017-02-14T15:18:10+08:00 ] ::1 /shop/ecshop/index.php/Home/Register/register
INFO: [ app_init ] --START--
INFO: Run Behavior\BuildLiteBehavior [ RunTime:0.000100s ]
INFO: [ app_init ] --END-- [ RunTime:0.001563s ]
INFO: [ app_begin ] --START--
INFO: Run Behavior\ReadHtmlCacheBehavior [ RunTime:0.001114s ]
INFO: [ app_begin ] --END-- [ RunTime:0.001496s ]

[ 2017-02-14T15:18:28+08:00 ] ::1 /shop/ecshop/index.php/Home/Register/register
INFO: [ app_init ] --START--
INFO: Run Behavior\BuildLiteBehavior [ RunTime:0.000054s ]
INFO: [ app_init ] --END-- [ RunTime:0.000937s ]
INFO: [ app_begin ] --START--
INFO: Run Behavior\ReadHtmlCacheBehavior [ RunTime:0.001577s ]
INFO: [ app_begin ] --END-- [ RunTime:0.002032s ]

[ 2017-02-14T15:19:15+08:00 ] ::1 /shop/ecshop/index.php/Home/Register/register
INFO: [ app_init ] --START--
INFO: Run Behavior\BuildLiteBehavior [ RunTime:0.000106s ]
INFO: [ app_init ] --END-- [ RunTime:0.006277s ]
INFO: [ app_begin ] --START--
INFO: Run Behavior\ReadHtmlCacheBehavior [ RunTime:0.001802s ]
INFO: [ app_begin ] --END-- [ RunTime:0.002300s ]
NOTIC: [8192] Function eregi_replace() is deprecated D:\appserv\www\shop\ecshop\Application\Home\Common\function.php 第 23 行.

[ 2017-02-14T15:19:18+08:00 ] ::1 /shop/ecshop/index.php/Home/Register/register
INFO: [ app_init ] --START--
INFO: Run Behavior\BuildLiteBehavior [ RunTime:0.000056s ]
INFO: [ app_init ] --END-- [ RunTime:0.001136s ]
INFO: [ app_begin ] --START--
INFO: Run Behavior\ReadHtmlCacheBehavior [ RunTime:0.001021s ]
INFO: [ app_begin ] --END-- [ RunTime:0.001419s ]
NOTIC: [8192] Function eregi_replace() is deprecated D:\appserv\www\shop\ecshop\Application\Home\Common\function.php 第 23 行.

[ 2017-02-14T15:19:39+08:00 ] ::1 /shop/ecshop/index.php/Home/Register/register
INFO: [ app_init ] --START--
INFO: Run Behavior\BuildLiteBehavior [ RunTime:0.000103s ]
INFO: [ app_init ] --END-- [ RunTime:0.001866s ]
INFO: [ app_begin ] --START--
INFO: Run Behavior\ReadHtmlCacheBehavior [ RunTime:0.002146s ]
INFO: [ app_begin ] --END-- [ RunTime:0.002507s ]
NOTIC: [8192] Function eregi_replace() is deprecated D:\appserv\www\shop\ecshop\Application\Home\Common\function.php 第 23 行.

[ 2017-02-14T15:21:43+08:00 ] ::1 /shop/ecshop/index.php/Home/Register/register
INFO: [ app_init ] --START--
INFO: Run Behavior\BuildLiteBehavior [ RunTime:0.000054s ]
INFO: [ app_init ] --END-- [ RunTime:0.001033s ]
INFO: [ app_begin ] --START--
INFO: Run Behavior\ReadHtmlCacheBehavior [ RunTime:0.001720s ]
INFO: [ app_begin ] --END-- [ RunTime:0.002112s ]
NOTIC: [8192] Function eregi_replace() is deprecated D:\appserv\www\shop\ecshop\Application\Home\Common\function.php 第 23 行.

[ 2017-02-14T15:27:46+08:00 ] ::1 /shop/ecshop/index.php/Home/Register/register
INFO: [ app_init ] --START--
INFO: Run Behavior\BuildLiteBehavior [ RunTime:0.000055s ]
INFO: [ app_init ] --END-- [ RunTime:0.001246s ]
INFO: [ app_begin ] --START--
INFO: Run Behavior\ReadHtmlCacheBehavior [ RunTime:0.001207s ]
INFO: [ app_begin ] --END-- [ RunTime:0.001479s ]
NOTIC: [8192] Function eregi_replace() is deprecated D:\appserv\www\shop\ecshop\Application\Home\Common\function.php 第 23 行.

[ 2017-02-14T15:28:27+08:00 ] ::1 /shop/ecshop/index.php/Home/Register/register
INFO: [ app_init ] --START--
INFO: Run Behavior\BuildLiteBehavior [ RunTime:0.000054s ]
INFO: [ app_init ] --END-- [ RunTime:0.000977s ]
INFO: [ app_begin ] --START--
INFO: Run Behavior\ReadHtmlCacheBehavior [ RunTime:0.001185s ]
INFO: [ app_begin ] --END-- [ RunTime:0.001482s ]
NOTIC: [8192] Function eregi_replace() is deprecated D:\appserv\www\shop\ecshop\Application\Home\Common\function.php 第 23 行.

[ 2017-02-14T15:28:30+08:00 ] ::1 /shop/ecshop/index.php/Home/Register/register
INFO: [ app_init ] --START--
INFO: Run Behavior\BuildLiteBehavior [ RunTime:0.000054s ]
INFO: [ app_init ] --END-- [ RunTime:0.000917s ]
INFO: [ app_begin ] --START--
INFO: Run Behavior\ReadHtmlCacheBehavior [ RunTime:0.001008s ]
INFO: [ app_begin ] --END-- [ RunTime:0.001333s ]
NOTIC: [8192] Function eregi_replace() is deprecated D:\appserv\www\shop\ecshop\Application\Home\Common\function.php 第 23 行.

[ 2017-02-14T15:28:33+08:00 ] ::1 /shop/ecshop/index.php/Home/Register/register
INFO: [ app_init ] --START--
INFO: Run Behavior\BuildLiteBehavior [ RunTime:0.000176s ]
INFO: [ app_init ] --END-- [ RunTime:0.002234s ]
INFO: [ app_begin ] --START--
INFO: Run Behavior\ReadHtmlCacheBehavior [ RunTime:0.001580s ]
INFO: [ app_begin ] --END-- [ RunTime:0.002101s ]
NOTIC: [8192] Function eregi_replace() is deprecated D:\appserv\www\shop\ecshop\Application\Home\Common\function.php 第 23 行.

[ 2017-02-14T15:33:42+08:00 ] ::1 /shop/ecshop/index.php/Home/Register/register
INFO: [ app_init ] --START--
INFO: Run Behavior\BuildLiteBehavior [ RunTime:0.000055s ]
INFO: [ app_init ] --END-- [ RunTime:0.001104s ]
INFO: [ app_begin ] --START--
INFO: Run Behavior\ReadHtmlCacheBehavior [ RunTime:0.001222s ]
INFO: [ app_begin ] --END-- [ RunTime:0.001504s ]
NOTIC: [8192] Function eregi_replace() is deprecated D:\appserv\www\shop\ecshop\Application\Home\Common\function.php 第 23 行.

[ 2017-02-14T15:34:57+08:00 ] ::1 /shop/ecshop/index.php/Home/Register/register
INFO: [ app_init ] --START--
INFO: Run Behavior\BuildLiteBehavior [ RunTime:0.000056s ]
INFO: [ app_init ] --END-- [ RunTime:0.001333s ]
INFO: [ app_begin ] --START--
INFO: Run Behavior\ReadHtmlCacheBehavior [ RunTime:0.001081s ]
INFO: [ app_begin ] --END-- [ RunTime:0.001469s ]
NOTIC: [8192] Function eregi_replace() is deprecated D:\appserv\www\shop\ecshop\Application\Home\Common\function.php 第 23 行.

[ 2017-02-14T15:35:07+08:00 ] ::1 /shop/ecshop/index.php/Home/Register/register
INFO: [ app_init ] --START--
INFO: Run Behavior\BuildLiteBehavior [ RunTime:0.000648s ]
INFO: [ app_init ] --END-- [ RunTime:0.002780s ]
INFO: [ app_begin ] --START--
INFO: Run Behavior\ReadHtmlCacheBehavior [ RunTime:0.001482s ]
INFO: [ app_begin ] --END-- [ RunTime:0.001866s ]
NOTIC: [8192] Function eregi_replace() is deprecated D:\appserv\www\shop\ecshop\Application\Home\Common\function.php 第 23 行.

[ 2017-02-14T15:35:09+08:00 ] ::1 /shop/ecshop/index.php/Home/Register/register
INFO: [ app_init ] --START--
INFO: Run Behavior\BuildLiteBehavior [ RunTime:0.000070s ]
INFO: [ app_init ] --END-- [ RunTime:0.001325s ]
INFO: [ app_begin ] --START--
INFO: Run Behavior\ReadHtmlCacheBehavior [ RunTime:0.001009s ]
INFO: [ app_begin ] --END-- [ RunTime:0.001282s ]
NOTIC: [8192] Function eregi_replace() is deprecated D:\appserv\www\shop\ecshop\Application\Home\Common\function.php 第 23 行.

[ 2017-02-14T15:35:40+08:00 ] ::1 /shop/ecshop/index.php/Home/Register/register
INFO: [ app_init ] --START--
INFO: Run Behavior\BuildLiteBehavior [ RunTime:0.000094s ]
INFO: [ app_init ] --END-- [ RunTime:0.001487s ]
INFO: [ app_begin ] --START--
INFO: Run Behavior\ReadHtmlCacheBehavior [ RunTime:0.001607s ]
INFO: [ app_begin ] --END-- [ RunTime:0.002117s ]
NOTIC: [8192] Function eregi_replace() is deprecated D:\appserv\www\shop\ecshop\Application\Home\Common\function.php 第 23 行.

[ 2017-02-14T15:38:46+08:00 ] ::1 /shop/ecshop/index.php/Home/Register/register
INFO: [ app_init ] --START--
INFO: Run Behavior\BuildLiteBehavior [ RunTime:0.000042s ]
INFO: [ app_init ] --END-- [ RunTime:0.000802s ]
INFO: [ app_begin ] --START--
INFO: Run Behavior\ReadHtmlCacheBehavior [ RunTime:0.001037s ]
INFO: [ app_begin ] --END-- [ RunTime:0.001270s ]
NOTIC: [8192] Function eregi_replace() is deprecated D:\appserv\www\shop\ecshop\Application\Home\Common\function.php 第 23 行.

[ 2017-02-14T15:40:12+08:00 ] ::1 /shop/ecshop/index.php/Home/Register/register
INFO: [ app_init ] --START--
INFO: Run Behavior\BuildLiteBehavior [ RunTime:0.000048s ]
INFO: [ app_init ] --END-- [ RunTime:0.001006s ]
INFO: [ app_begin ] --START--
INFO: Run Behavior\ReadHtmlCacheBehavior [ RunTime:0.001023s ]
INFO: [ app_begin ] --END-- [ RunTime:0.001248s ]
NOTIC: [8192] Function eregi_replace() is deprecated D:\appserv\www\shop\ecshop\Application\Home\Common\function.php 第 23 行.

[ 2017-02-14T15:40:15+08:00 ] ::1 /shop/ecshop/index.php/Home/Register/register
INFO: [ app_init ] --START--
INFO: Run Behavior\BuildLiteBehavior [ RunTime:0.000045s ]
INFO: [ app_init ] --END-- [ RunTime:0.000829s ]
INFO: [ app_begin ] --START--
INFO: Run Behavior\ReadHtmlCacheBehavior [ RunTime:0.000797s ]
INFO: [ app_begin ] --END-- [ RunTime:0.001008s ]
NOTIC: [8192] Function eregi_replace() is deprecated D:\appserv\www\shop\ecshop\Application\Home\Common\function.php 第 23 行.

[ 2017-02-14T15:40:31+08:00 ] ::1 /shop/ecshop/index.php/Home/Register/register
INFO: [ app_init ] --START--
INFO: Run Behavior\BuildLiteBehavior [ RunTime:0.000332s ]
INFO: [ app_init ] --END-- [ RunTime:0.001588s ]
INFO: [ app_begin ] --START--
INFO: Run Behavior\ReadHtmlCacheBehavior [ RunTime:0.000968s ]
INFO: [ app_begin ] --END-- [ RunTime:0.001199s ]
NOTIC: [8192] Function eregi_replace() is deprecated D:\appserv\www\shop\ecshop\Application\Home\Common\function.php 第 23 行.

[ 2017-02-14T15:40:37+08:00 ] ::1 /shop/ecshop/index.php/Home/Register/register
INFO: [ app_init ] --START--
INFO: Run Behavior\BuildLiteBehavior [ RunTime:0.000062s ]
INFO: [ app_init ] --END-- [ RunTime:0.000906s ]
INFO: [ app_begin ] --START--
INFO: Run Behavior\ReadHtmlCacheBehavior [ RunTime:0.000884s ]
INFO: [ app_begin ] --END-- [ RunTime:0.001108s ]
NOTIC: [8192] Function eregi_replace() is deprecated D:\appserv\www\shop\ecshop\Application\Home\Common\function.php 第 23 行.

[ 2017-02-14T15:40:45+08:00 ] ::1 /shop/ecshop/index.php/Home/Register/register
INFO: [ app_init ] --START--
INFO: Run Behavior\BuildLiteBehavior [ RunTime:0.000045s ]
INFO: [ app_init ] --END-- [ RunTime:0.000939s ]
INFO: [ app_begin ] --START--
INFO: Run Behavior\ReadHtmlCacheBehavior [ RunTime:0.000821s ]
INFO: [ app_begin ] --END-- [ RunTime:0.001029s ]
NOTIC: [8192] Function eregi_replace() is deprecated D:\appserv\www\shop\ecshop\Application\Home\Common\function.php 第 23 行.

[ 2017-02-14T15:41:28+08:00 ] ::1 /shop/ecshop/index.php/Home/Register/register
INFO: [ app_init ] --START--
INFO: Run Behavior\BuildLiteBehavior [ RunTime:0.000048s ]
INFO: [ app_init ] --END-- [ RunTime:0.001116s ]
INFO: [ app_begin ] --START--
INFO: Run Behavior\ReadHtmlCacheBehavior [ RunTime:0.000987s ]
INFO: [ app_begin ] --END-- [ RunTime:0.001203s ]
NOTIC: [8192] Function eregi_replace() is deprecated D:\appserv\www\shop\ecshop\Application\Home\Common\function.php 第 23 行.

[ 2017-02-14T15:41:32+08:00 ] ::1 /shop/ecshop/index.php/Home/Register/register
INFO: [ app_init ] --START--
INFO: Run Behavior\BuildLiteBehavior [ RunTime:0.000044s ]
INFO: [ app_init ] --END-- [ RunTime:0.000763s ]
INFO: [ app_begin ] --START--
INFO: Run Behavior\ReadHtmlCacheBehavior [ RunTime:0.000819s ]
INFO: [ app_begin ] --END-- [ RunTime:0.001054s ]
NOTIC: [8192] Function eregi_replace() is deprecated D:\appserv\www\shop\ecshop\Application\Home\Common\function.php 第 23 行.

[ 2017-02-14T15:42:03+08:00 ] ::1 /shop/ecshop/index.php/Home/Register/register
INFO: [ app_init ] --START--
INFO: Run Behavior\BuildLiteBehavior [ RunTime:0.000045s ]
INFO: [ app_init ] --END-- [ RunTime:0.000815s ]
INFO: [ app_begin ] --START--
INFO: Run Behavior\ReadHtmlCacheBehavior [ RunTime:0.000867s ]
INFO: [ app_begin ] --END-- [ RunTime:0.001093s ]
NOTIC: [8192] Function eregi_replace() is deprecated D:\appserv\www\shop\ecshop\Application\Home\Common\function.php 第 23 行.

[ 2017-02-14T15:44:18+08:00 ] ::1 /shop/ecshop/index.php/Home/Register/register
INFO: [ app_init ] --START--
INFO: Run Behavior\BuildLiteBehavior [ RunTime:0.000043s ]
INFO: [ app_init ] --END-- [ RunTime:0.000819s ]
INFO: [ app_begin ] --START--
INFO: Run Behavior\ReadHtmlCacheBehavior [ RunTime:0.001118s ]
INFO: [ app_begin ] --END-- [ RunTime:0.001344s ]
NOTIC: [8192] Function eregi_replace() is deprecated D:\appserv\www\shop\ecshop\Application\Home\Common\function.php 第 23 行.

[ 2017-02-14T15:44:58+08:00 ] ::1 /shop/ecshop/index.php/Home/Register/register
INFO: [ app_init ] --START--
INFO: Run Behavior\BuildLiteBehavior [ RunTime:0.000049s ]
INFO: [ app_init ] --END-- [ RunTime:0.000899s ]
INFO: [ app_begin ] --START--
INFO: Run Behavior\ReadHtmlCacheBehavior [ RunTime:0.000979s ]
INFO: [ app_begin ] --END-- [ RunTime:0.001198s ]
NOTIC: [8192] Function eregi_replace() is deprecated D:\appserv\www\shop\ecshop\Application\Home\Common\function.php 第 23 行.

[ 2017-02-14T15:45:00+08:00 ] ::1 /shop/ecshop/index.php/Home/Register/register
INFO: [ app_init ] --START--
INFO: Run Behavior\BuildLiteBehavior [ RunTime:0.000040s ]
INFO: [ app_init ] --END-- [ RunTime:0.000693s ]
INFO: [ app_begin ] --START--
INFO: Run Behavior\ReadHtmlCacheBehavior [ RunTime:0.000767s ]
INFO: [ app_begin ] --END-- [ RunTime:0.000973s ]
NOTIC: [8192] Function eregi_replace() is deprecated D:\appserv\www\shop\ecshop\Application\Home\Common\function.php 第 23 行.

[ 2017-02-14T15:54:37+08:00 ] ::1 /shop/ecshop/index.php/Home/Register/register
INFO: [ app_init ] --START--
INFO: Run Behavior\BuildLiteBehavior [ RunTime:0.000066s ]
INFO: [ app_init ] --END-- [ RunTime:0.001363s ]
INFO: [ app_begin ] --START--
INFO: Run Behavior\ReadHtmlCacheBehavior [ RunTime:0.001439s ]
INFO: [ app_begin ] --END-- [ RunTime:0.001782s ]
NOTIC: [8192] Function eregi_replace() is deprecated D:\appserv\www\shop\ecshop\Application\Home\Common\function.php 第 23 行.

[ 2017-02-14T15:58:25+08:00 ] ::1 /shop/ecshop/index.php/Home/Register/register
INFO: [ app_init ] --START--
INFO: Run Behavior\BuildLiteBehavior [ RunTime:0.000045s ]
INFO: [ app_init ] --END-- [ RunTime:0.000931s ]
INFO: [ app_begin ] --START--
INFO: Run Behavior\ReadHtmlCacheBehavior [ RunTime:0.001105s ]
INFO: [ app_begin ] --END-- [ RunTime:0.001331s ]
NOTIC: [8192] Function eregi_replace() is deprecated D:\appserv\www\shop\ecshop\Application\Home\Common\function.php 第 23 行.

[ 2017-02-14T15:58:28+08:00 ] ::1 /shop/ecshop/index.php/Home/Register/register
INFO: [ app_init ] --START--
INFO: Run Behavior\BuildLiteBehavior [ RunTime:0.000044s ]
INFO: [ app_init ] --END-- [ RunTime:0.000818s ]
INFO: [ app_begin ] --START--
INFO: Run Behavior\ReadHtmlCacheBehavior [ RunTime:0.001165s ]
INFO: [ app_begin ] --END-- [ RunTime:0.001607s ]
NOTIC: [8192] Function eregi_replace() is deprecated D:\appserv\www\shop\ecshop\Application\Home\Common\function.php 第 23 行.

[ 2017-02-14T16:00:50+08:00 ] ::1 /shop/ecshop/index.php/Home/Register/register
INFO: [ app_init ] --START--
INFO: Run Behavior\BuildLiteBehavior [ RunTime:0.000046s ]
INFO: [ app_init ] --END-- [ RunTime:0.000950s ]
INFO: [ app_begin ] --START--
INFO: Run Behavior\ReadHtmlCacheBehavior [ RunTime:0.001034s ]
INFO: [ app_begin ] --END-- [ RunTime:0.001249s ]
NOTIC: [8192] Function eregi_replace() is deprecated D:\appserv\www\shop\ecshop\Application\Home\Common\function.php 第 23 行.

[ 2017-02-14T16:01:26+08:00 ] ::1 /shop/ecshop/index.php/Home/Register/register
INFO: [ app_init ] --START--
INFO: Run Behavior\BuildLiteBehavior [ RunTime:0.000046s ]
INFO: [ app_init ] --END-- [ RunTime:0.000866s ]
INFO: [ app_begin ] --START--
INFO: Run Behavior\ReadHtmlCacheBehavior [ RunTime:0.001023s ]
INFO: [ app_begin ] --END-- [ RunTime:0.001253s ]
NOTIC: [8192] Function eregi_replace() is deprecated D:\appserv\www\shop\ecshop\Application\Home\Common\function.php 第 23 行.

[ 2017-02-14T16:01:49+08:00 ] ::1 /shop/ecshop/index.php/Home/Register/register
INFO: [ app_init ] --START--
INFO: Run Behavior\BuildLiteBehavior [ RunTime:0.000042s ]
INFO: [ app_init ] --END-- [ RunTime:0.000702s ]
INFO: [ app_begin ] --START--
INFO: Run Behavior\ReadHtmlCacheBehavior [ RunTime:0.001191s ]
INFO: [ app_begin ] --END-- [ RunTime:0.001489s ]
NOTIC: [8192] Function eregi_replace() is deprecated D:\appserv\www\shop\ecshop\Application\Home\Common\function.php 第 23 行.

[ 2017-02-14T16:03:19+08:00 ] ::1 /shop/ecshop/index.php/Home/Register/register
INFO: [ app_init ] --START--
INFO: Run Behavior\BuildLiteBehavior [ RunTime:0.000044s ]
INFO: [ app_init ] --END-- [ RunTime:0.000787s ]
INFO: [ app_begin ] --START--
INFO: Run Behavior\ReadHtmlCacheBehavior [ RunTime:0.000906s ]
INFO: [ app_begin ] --END-- [ RunTime:0.001115s ]
NOTIC: [8192] Function eregi_replace() is deprecated D:\appserv\www\shop\ecshop\Application\Home\Common\function.php 第 23 行.

[ 2017-02-14T16:03:23+08:00 ] ::1 /shop/ecshop/index.php/Home/Register/register
INFO: [ app_init ] --START--
INFO: Run Behavior\BuildLiteBehavior [ RunTime:0.000077s ]
INFO: [ app_init ] --END-- [ RunTime:0.001041s ]
INFO: [ app_begin ] --START--
INFO: Run Behavior\ReadHtmlCacheBehavior [ RunTime:0.000831s ]
INFO: [ app_begin ] --END-- [ RunTime:0.001050s ]
NOTIC: [8192] Function eregi_replace() is deprecated D:\appserv\www\shop\ecshop\Application\Home\Common\function.php 第 23 行.

[ 2017-02-14T16:03:26+08:00 ] ::1 /shop/ecshop/index.php/Home/Register/register
INFO: [ app_init ] --START--
INFO: Run Behavior\BuildLiteBehavior [ RunTime:0.000045s ]
INFO: [ app_init ] --END-- [ RunTime:0.000962s ]
INFO: [ app_begin ] --START--
INFO: Run Behavior\ReadHtmlCacheBehavior [ RunTime:0.001233s ]
INFO: [ app_begin ] --END-- [ RunTime:0.001484s ]
NOTIC: [8192] Function eregi_replace() is deprecated D:\appserv\www\shop\ecshop\Application\Home\Common\function.php 第 23 行.

[ 2017-02-14T16:08:16+08:00 ] ::1 /shop/ecshop/index.php/Home/Register/register
INFO: [ app_init ] --START--
INFO: Run Behavior\BuildLiteBehavior [ RunTime:0.000046s ]
INFO: [ app_init ] --END-- [ RunTime:0.000877s ]
INFO: [ app_begin ] --START--
INFO: Run Behavior\ReadHtmlCacheBehavior [ RunTime:0.000908s ]
INFO: [ app_begin ] --END-- [ RunTime:0.001131s ]
NOTIC: [8192] Function eregi_replace() is deprecated D:\appserv\www\shop\ecshop\Application\Home\Common\function.php 第 23 行.

[ 2017-02-14T16:10:05+08:00 ] ::1 /shop/ecshop/index.php/Home/Register/register
INFO: [ app_init ] --START--
INFO: Run Behavior\BuildLiteBehavior [ RunTime:0.000045s ]
INFO: [ app_init ] --END-- [ RunTime:0.000797s ]
INFO: [ app_begin ] --START--
INFO: Run Behavior\ReadHtmlCacheBehavior [ RunTime:0.000992s ]
INFO: [ app_begin ] --END-- [ RunTime:0.001317s ]
NOTIC: [8192] Function eregi_replace() is deprecated D:\appserv\www\shop\ecshop\Application\Home\Common\function.php 第 23 行.

[ 2017-02-14T16:10:56+08:00 ] ::1 /shop/ecshop/index.php/Home/Register/register
INFO: [ app_init ] --START--
INFO: Run Behavior\BuildLiteBehavior [ RunTime:0.000080s ]
INFO: [ app_init ] --END-- [ RunTime:0.001317s ]
INFO: [ app_begin ] --START--
INFO: Run Behavior\ReadHtmlCacheBehavior [ RunTime:0.003292s ]
INFO: [ app_begin ] --END-- [ RunTime:0.003643s ]
NOTIC: [8192] Function eregi_replace() is deprecated D:\appserv\www\shop\ecshop\Application\Home\Common\function.php 第 23 行.

[ 2017-02-14T16:11:52+08:00 ] ::1 /shop/ecshop/index.php/Home/Register/register
INFO: [ app_init ] --START--
INFO: Run Behavior\BuildLiteBehavior [ RunTime:0.000044s ]
INFO: [ app_init ] --END-- [ RunTime:0.000777s ]
INFO: [ app_begin ] --START--
INFO: Run Behavior\ReadHtmlCacheBehavior [ RunTime:0.000861s ]
INFO: [ app_begin ] --END-- [ RunTime:0.001097s ]
NOTIC: [8192] Function eregi_replace() is deprecated D:\appserv\www\shop\ecshop\Application\Home\Common\function.php 第 23 行.

[ 2017-02-14T16:15:11+08:00 ] ::1 /shop/ecshop/index.php/Home/Register/register
INFO: [ app_init ] --START--
INFO: Run Behavior\BuildLiteBehavior [ RunTime:0.000045s ]
INFO: [ app_init ] --END-- [ RunTime:0.000940s ]
INFO: [ app_begin ] --START--
INFO: Run Behavior\ReadHtmlCacheBehavior [ RunTime:0.001493s ]
INFO: [ app_begin ] --END-- [ RunTime:0.001723s ]
NOTIC: [8192] Function eregi_replace() is deprecated D:\appserv\www\shop\ecshop\Application\Home\Common\function.php 第 23 行.

[ 2017-02-14T21:00:02+08:00 ] ::1 /shop/ecshop/index.php/Home/Register/register
INFO: [ app_init ] --START--
INFO: Run Behavior\BuildLiteBehavior [ RunTime:0.000134s ]
INFO: [ app_init ] --END-- [ RunTime:0.083939s ]
INFO: [ app_begin ] --START--
INFO: Run Behavior\ReadHtmlCacheBehavior [ RunTime:0.015011s ]
INFO: [ app_begin ] --END-- [ RunTime:0.015262s ]

[ 2017-02-14T21:00:36+08:00 ] ::1 /shop/ecshop/index.php/Home/Register/register
INFO: [ app_init ] --START--
INFO: Run Behavior\BuildLiteBehavior [ RunTime:0.000044s ]
INFO: [ app_init ] --END-- [ RunTime:0.000790s ]
INFO: [ app_begin ] --START--
INFO: Run Behavior\ReadHtmlCacheBehavior [ RunTime:0.000787s ]
INFO: [ app_begin ] --END-- [ RunTime:0.001012s ]

[ 2017-02-14T21:00:41+08:00 ] ::1 /shop/ecshop/index.php/Home/Register/register
INFO: [ app_init ] --START--
INFO: Run Behavior\BuildLiteBehavior [ RunTime:0.000044s ]
INFO: [ app_init ] --END-- [ RunTime:0.000781s ]
INFO: [ app_begin ] --START--
INFO: Run Behavior\ReadHtmlCacheBehavior [ RunTime:0.001095s ]
INFO: [ app_begin ] --END-- [ RunTime:0.001346s ]

[ 2017-02-14T21:01:36+08:00 ] ::1 /shop/ecshop/index.php/Home/Register/register
INFO: [ app_init ] --START--
INFO: Run Behavior\BuildLiteBehavior [ RunTime:0.000073s ]
INFO: [ app_init ] --END-- [ RunTime:0.000953s ]
INFO: [ app_begin ] --START--
INFO: Run Behavior\ReadHtmlCacheBehavior [ RunTime:0.001237s ]
INFO: [ app_begin ] --END-- [ RunTime:0.001639s ]

[ 2017-02-14T22:38:58+08:00 ] ::1 /shop/ecshop/index.php/Home/Register/register
INFO: [ app_init ] --START--
INFO: Run Behavior\BuildLiteBehavior [ RunTime:0.000061s ]
INFO: [ app_init ] --END-- [ RunTime:0.010929s ]
INFO: [ app_begin ] --START--
INFO: Run Behavior\ReadHtmlCacheBehavior [ RunTime:0.014697s ]
INFO: [ app_begin ] --END-- [ RunTime:0.015235s ]
INFO: [ view_parse ] --START--
INFO: [ template_filter ] --START--
INFO: Run Behavior\ContentReplaceBehavior [ RunTime:0.000127s ]
INFO: [ template_filter ] --END-- [ RunTime:0.000344s ]
NOTIC: [8] Undefined variable: page_title D:\appserv\www\shop\ecshop\Application\Runtime\Cache\Home\524a08806bc29449645d93a7a8f8e680.php 第 5 行.
NOTIC: [8] Undefined variable: page_keywords D:\appserv\www\shop\ecshop\Application\Runtime\Cache\Home\524a08806bc29449645d93a7a8f8e680.php 第 6 行.
NOTIC: [8] Undefined variable: page_description D:\appserv\www\shop\ecshop\Application\Runtime\Cache\Home\524a08806bc29449645d93a7a8f8e680.php 第 7 行.
INFO: Run Behavior\ParseTemplateBehavior [ RunTime:0.220372s ]
INFO: [ view_parse ] --END-- [ RunTime:0.220709s ]
INFO: [ view_filter ] --START--
INFO: Run Behavior\WriteHtmlCacheBehavior [ RunTime:0.029078s ]
INFO: [ view_filter ] --END-- [ RunTime:0.029366s ]
INFO: [ app_end ] --START--
INFO: Run Behavior\ShowPageTraceBehavior [ RunTime:0.014594s ]
INFO: [ app_end ] --END-- [ RunTime:0.014920s ]

[ 2017-02-14T22:38:59+08:00 ] ::1 /shop/ecshop/index.php/Home/Register/checkCode
INFO: [ app_init ] --START--
INFO: Run Behavior\BuildLiteBehavior [ RunTime:0.000046s ]
INFO: [ app_init ] --END-- [ RunTime:0.000844s ]
INFO: [ app_begin ] --START--
INFO: Run Behavior\ReadHtmlCacheBehavior [ RunTime:0.001204s ]
INFO: [ app_begin ] --END-- [ RunTime:0.001455s ]
INFO: [ app_end ] --START--
INFO: Run Behavior\ShowPageTraceBehavior [ RunTime:0.001222s ]
INFO: [ app_end ] --END-- [ RunTime:0.001467s ]

[ 2017-02-14T22:41:00+08:00 ] ::1 /shop/ecshop/index.php/Home/Register/register
INFO: [ app_init ] --START--
INFO: Run Behavior\BuildLiteBehavior [ RunTime:0.000044s ]
INFO: [ app_init ] --END-- [ RunTime:0.000927s ]
INFO: [ app_begin ] --START--
INFO: Run Behavior\ReadHtmlCacheBehavior [ RunTime:0.001378s ]
INFO: [ app_begin ] --END-- [ RunTime:0.001614s ]
INFO: [ view_parse ] --START--
INFO: [ template_filter ] --START--
INFO: Run Behavior\ContentReplaceBehavior [ RunTime:0.000517s ]
INFO: [ template_filter ] --END-- [ RunTime:0.001030s ]
NOTIC: [8] Undefined variable: page_title D:\appserv\www\shop\ecshop\Application\Runtime\Cache\Home\524a08806bc29449645d93a7a8f8e680.php 第 5 行.
NOTIC: [8] Undefined variable: page_keywords D:\appserv\www\shop\ecshop\Application\Runtime\Cache\Home\524a08806bc29449645d93a7a8f8e680.php 第 6 行.
NOTIC: [8] Undefined variable: page_description D:\appserv\www\shop\ecshop\Application\Runtime\Cache\Home\524a08806bc29449645d93a7a8f8e680.php 第 7 行.
INFO: Run Behavior\ParseTemplateBehavior [ RunTime:0.027967s ]
INFO: [ view_parse ] --END-- [ RunTime:0.028285s ]
INFO: [ view_filter ] --START--
INFO: Run Behavior\WriteHtmlCacheBehavior [ RunTime:0.001385s ]
INFO: [ view_filter ] --END-- [ RunTime:0.001774s ]
INFO: [ app_end ] --START--
INFO: Run Behavior\ShowPageTraceBehavior [ RunTime:0.001654s ]
INFO: [ app_end ] --END-- [ RunTime:0.002031s ]

[ 2017-02-14T22:41:00+08:00 ] ::1 /shop/ecshop/index.php/Home/Register/checkCode
INFO: [ app_init ] --START--
INFO: Run Behavior\BuildLiteBehavior [ RunTime:0.000068s ]
INFO: [ app_init ] --END-- [ RunTime:0.001289s ]
INFO: [ app_begin ] --START--
INFO: Run Behavior\ReadHtmlCacheBehavior [ RunTime:0.001688s ]
INFO: [ app_begin ] --END-- [ RunTime:0.002116s ]
INFO: [ app_end ] --START--
INFO: Run Behavior\ShowPageTraceBehavior [ RunTime:0.001110s ]
INFO: [ app_end ] --END-- [ RunTime:0.001343s ]

[ 2017-02-14T22:41:05+08:00 ] ::1 /shop/ecshop/index.php/Home/Register/register
INFO: [ app_init ] --START--
INFO: Run Behavior\BuildLiteBehavior [ RunTime:0.000072s ]
INFO: [ app_init ] --END-- [ RunTime:0.001038s ]
INFO: [ app_begin ] --START--
INFO: Run Behavior\ReadHtmlCacheBehavior [ RunTime:0.001252s ]
INFO: [ app_begin ] --END-- [ RunTime:0.001581s ]
INFO: [ view_parse ] --START--
INFO: [ template_filter ] --START--
INFO: Run Behavior\ContentReplaceBehavior [ RunTime:0.000497s ]
INFO: [ template_filter ] --END-- [ RunTime:0.000855s ]
INFO: Run Behavior\ParseTemplateBehavior [ RunTime:0.020398s ]
INFO: [ view_parse ] --END-- [ RunTime:0.020682s ]
INFO: [ view_filter ] --START--
INFO: Run Behavior\WriteHtmlCacheBehavior [ RunTime:0.000852s ]
INFO: [ view_filter ] --END-- [ RunTime:0.001128s ]

[ 2017-02-14T22:41:07+08:00 ] ::1 /shop/ecshop/index.php/Home/Login/login.html
INFO: [ app_init ] --START--
INFO: Run Behavior\BuildLiteBehavior [ RunTime:0.000045s ]
INFO: [ app_init ] --END-- [ RunTime:0.000881s ]
INFO: [ app_begin ] --START--
INFO: Run Behavior\ReadHtmlCacheBehavior [ RunTime:0.001198s ]
INFO: [ app_begin ] --END-- [ RunTime:0.001433s ]
ERR: 无法加载控制器:Login

[ 2017-02-14T22:41:09+08:00 ] ::1 /shop/ecshop/index.php/Home/Login/login.html
INFO: [ app_init ] --START--
INFO: Run Behavior\BuildLiteBehavior [ RunTime:0.000091s ]
INFO: [ app_init ] --END-- [ RunTime:0.001102s ]
INFO: [ app_begin ] --START--
INFO: Run Behavior\ReadHtmlCacheBehavior [ RunTime:0.001083s ]
INFO: [ app_begin ] --END-- [ RunTime:0.001307s ]
ERR: 无法加载控制器:Login

