[ 2016-12-27T10:40:33+08:00 ] ::1 /shop/ecshop/index.php/Admin/Goods/goodedit
INFO: [ app_init ] --START--
INFO: Run Behavior\BuildLiteBehavior [ RunTime:0.000128s ]
INFO: [ app_init ] --END-- [ RunTime:0.032791s ]
INFO: [ app_begin ] --START--
INFO: Run Behavior\ReadHtmlCacheBehavior [ RunTime:0.058602s ]
INFO: [ app_begin ] --END-- [ RunTime:0.059965s ]
INFO: [ view_parse ] --START--
INFO: [ template_filter ] --START--
INFO: Run Behavior\ContentReplaceBehavior [ RunTime:0.000102s ]
INFO: [ template_filter ] --END-- [ RunTime:0.000397s ]
INFO: Run Behavior\ParseTemplateBehavior [ RunTime:0.190692s ]
INFO: [ view_parse ] --END-- [ RunTime:0.191576s ]
INFO: [ view_filter ] --START--
INFO: Run Behavior\WriteHtmlCacheBehavior [ RunTime:0.026406s ]
INFO: [ view_filter ] --END-- [ RunTime:0.026630s ]

[ 2016-12-27T10:40:34+08:00 ] ::1 /shop/ecshop/index.php/Admin/Login/login.html
INFO: [ app_init ] --START--
INFO: Run Behavior\BuildLiteBehavior [ RunTime:0.000074s ]
INFO: [ app_init ] --END-- [ RunTime:0.001439s ]
INFO: [ app_begin ] --START--
INFO: Run Behavior\ReadHtmlCacheBehavior [ RunTime:0.001289s ]
INFO: [ app_begin ] --END-- [ RunTime:0.001640s ]
INFO: [ view_parse ] --START--
INFO: [ template_filter ] --START--
INFO: Run Behavior\ContentReplaceBehavior [ RunTime:0.000177s ]
INFO: [ template_filter ] --END-- [ RunTime:0.000686s ]
INFO: Run Behavior\ParseTemplateBehavior [ RunTime:0.030275s ]
INFO: [ view_parse ] --END-- [ RunTime:0.030716s ]
INFO: [ view_filter ] --START--
INFO: Run Behavior\WriteHtmlCacheBehavior [ RunTime:0.001216s ]
INFO: [ view_filter ] --END-- [ RunTime:0.001563s ]
INFO: [ app_end ] --START--
INFO: Run Behavior\ShowPageTraceBehavior [ RunTime:0.031587s ]
INFO: [ app_end ] --END-- [ RunTime:0.031943s ]

[ 2016-12-27T10:40:34+08:00 ] ::1 /shop/ecshop/index.php/Admin/Login/verifyCode
INFO: [ app_init ] --START--
INFO: Run Behavior\BuildLiteBehavior [ RunTime:0.000043s ]
INFO: [ app_init ] --END-- [ RunTime:0.000772s ]
INFO: [ app_begin ] --START--
INFO: Run Behavior\ReadHtmlCacheBehavior [ RunTime:0.000806s ]
INFO: [ app_begin ] --END-- [ RunTime:0.001029s ]
INFO: [ app_end ] --START--
INFO: Run Behavior\ShowPageTraceBehavior [ RunTime:0.001726s ]
INFO: [ app_end ] --END-- [ RunTime:0.002086s ]

[ 2016-12-27T10:40:42+08:00 ] ::1 /shop/ecshop/index.php/Admin/Login/login.html
INFO: [ app_init ] --START--
INFO: Run Behavior\BuildLiteBehavior [ RunTime:0.000042s ]
INFO: [ app_init ] --END-- [ RunTime:0.000768s ]
INFO: [ app_begin ] --START--
INFO: Run Behavior\ReadHtmlCacheBehavior [ RunTime:0.000746s ]
INFO: [ app_begin ] --END-- [ RunTime:0.001037s ]
NOTIC: [8192] mysql_connect(): The mysql extension is deprecated and will be removed in the future: use mysqli or PDO instead D:\appserv\www\shop\ecshop\ThinkPHP\Library\Think\Db\Driver\Mysql.class.php 第 52 行.
SQL: SHOW COLUMNS FROM `cz_admin` [ RunTime:0.004421s ]
NOTIC: [8] Undefined index: GoodsType D:\appserv\www\shop\ecshop\ThinkPHP\Library\Think\Db\Driver\Mysql.class.php 第 213 行.
NOTIC: [8] Undefined index: GoodsType D:\appserv\www\shop\ecshop\ThinkPHP\Library\Think\Db\Driver\Mysql.class.php 第 213 行.
NOTIC: [8] Undefined index: GoodsType D:\appserv\www\shop\ecshop\ThinkPHP\Library\Think\Db\Driver\Mysql.class.php 第 213 行.
NOTIC: [8] Undefined index: GoodsType D:\appserv\www\shop\ecshop\ThinkPHP\Library\Think\Db\Driver\Mysql.class.php 第 213 行.
NOTIC: [8] Undefined index: GoodsType D:\appserv\www\shop\ecshop\ThinkPHP\Library\Think\Db\Driver\Mysql.class.php 第 213 行.
NOTIC: [8] Undefined index: GoodsType D:\appserv\www\shop\ecshop\ThinkPHP\Library\Think\Db\Driver\Mysql.class.php 第 213 行.
SQL: SELECT * FROM `cz_admin` WHERE `admin_name` = 'admin' LIMIT 1   [ RunTime:0.001126s ]
INFO: [ view_parse ] --START--
INFO: [ template_filter ] --START--
INFO: Run Behavior\ContentReplaceBehavior [ RunTime:0.000163s ]
INFO: [ template_filter ] --END-- [ RunTime:0.000518s ]
INFO: Run Behavior\ParseTemplateBehavior [ RunTime:0.017793s ]
INFO: [ view_parse ] --END-- [ RunTime:0.018123s ]
INFO: [ view_filter ] --START--
INFO: Run Behavior\WriteHtmlCacheBehavior [ RunTime:0.000739s ]
INFO: [ view_filter ] --END-- [ RunTime:0.000978s ]
INFO: [ app_end ] --START--
INFO: Run Behavior\ShowPageTraceBehavior [ RunTime:0.001030s ]
INFO: [ app_end ] --END-- [ RunTime:0.001231s ]

[ 2016-12-27T10:40:43+08:00 ] ::1 /shop/ecshop/index.php/Admin/Index/index.html
INFO: [ app_init ] --START--
INFO: Run Behavior\BuildLiteBehavior [ RunTime:0.000063s ]
INFO: [ app_init ] --END-- [ RunTime:0.001185s ]
INFO: [ app_begin ] --START--
INFO: Run Behavior\ReadHtmlCacheBehavior [ RunTime:0.001335s ]
INFO: [ app_begin ] --END-- [ RunTime:0.001793s ]
INFO: [ view_parse ] --START--
INFO: [ template_filter ] --START--
INFO: Run Behavior\ContentReplaceBehavior [ RunTime:0.000250s ]
INFO: [ template_filter ] --END-- [ RunTime:0.000693s ]
NOTIC: [8] Undefined variable: shop_url D:\appserv\www\shop\ecshop\Application\Runtime\Cache\Admin\b595b808c2ebeeeb0478ffc30bb4e87a.php 第 16 行.
INFO: Run Behavior\ParseTemplateBehavior [ RunTime:0.026256s ]
INFO: [ view_parse ] --END-- [ RunTime:0.026583s ]
INFO: [ view_filter ] --START--
INFO: Run Behavior\WriteHtmlCacheBehavior [ RunTime:0.000832s ]
INFO: [ view_filter ] --END-- [ RunTime:0.001111s ]
INFO: [ app_end ] --START--
INFO: Run Behavior\ShowPageTraceBehavior [ RunTime:0.001354s ]
INFO: [ app_end ] --END-- [ RunTime:0.001636s ]

[ 2016-12-27T10:40:44+08:00 ] ::1 /shop/ecshop/index.php/Admin/Index/menu1
INFO: [ app_init ] --START--
INFO: Run Behavior\BuildLiteBehavior [ RunTime:0.000076s ]
INFO: [ app_init ] --END-- [ RunTime:0.001090s ]
INFO: [ app_begin ] --START--
INFO: Run Behavior\ReadHtmlCacheBehavior [ RunTime:0.001251s ]
INFO: [ app_begin ] --END-- [ RunTime:0.001694s ]
NOTIC: [8192] mysql_connect(): The mysql extension is deprecated and will be removed in the future: use mysqli or PDO instead D:\appserv\www\shop\ecshop\ThinkPHP\Library\Think\Db\Driver\Mysql.class.php 第 52 行.
SQL: SHOW COLUMNS FROM `cz_role` [ RunTime:0.001333s ]
NOTIC: [8] Undefined index: GoodsType D:\appserv\www\shop\ecshop\ThinkPHP\Library\Think\Db\Driver\Mysql.class.php 第 213 行.
NOTIC: [8] Undefined index: GoodsType D:\appserv\www\shop\ecshop\ThinkPHP\Library\Think\Db\Driver\Mysql.class.php 第 213 行.
NOTIC: [8] Undefined index: GoodsType D:\appserv\www\shop\ecshop\ThinkPHP\Library\Think\Db\Driver\Mysql.class.php 第 213 行.
NOTIC: [8] Undefined index: GoodsType D:\appserv\www\shop\ecshop\ThinkPHP\Library\Think\Db\Driver\Mysql.class.php 第 213 行.
SQL: SELECT * FROM `cz_role` WHERE `role_id` = '1' LIMIT 1   [ RunTime:0.000870s ]
INFO: [ view_parse ] --START--
INFO: [ template_filter ] --START--
INFO: Run Behavior\ContentReplaceBehavior [ RunTime:0.000304s ]
INFO: [ template_filter ] --END-- [ RunTime:0.000699s ]
INFO: Run Behavior\ParseTemplateBehavior [ RunTime:0.019987s ]
INFO: [ view_parse ] --END-- [ RunTime:0.020737s ]
INFO: [ view_filter ] --START--
INFO: Run Behavior\WriteHtmlCacheBehavior [ RunTime:0.001655s ]
INFO: [ view_filter ] --END-- [ RunTime:0.002047s ]
INFO: [ app_end ] --START--
INFO: Run Behavior\ShowPageTraceBehavior [ RunTime:0.001322s ]
INFO: [ app_end ] --END-- [ RunTime:0.001712s ]

[ 2016-12-27T10:40:44+08:00 ] ::1 /shop/ecshop/index.php/Admin/Index/top1
INFO: [ app_init ] --START--
INFO: Run Behavior\BuildLiteBehavior [ RunTime:0.000063s ]
INFO: [ app_init ] --END-- [ RunTime:0.001804s ]
INFO: [ app_begin ] --START--
INFO: Run Behavior\ReadHtmlCacheBehavior [ RunTime:0.020493s ]
INFO: [ app_begin ] --END-- [ RunTime:0.020911s ]
INFO: [ view_parse ] --START--
INFO: [ template_filter ] --START--
INFO: Run Behavior\ContentReplaceBehavior [ RunTime:0.000111s ]
INFO: [ template_filter ] --END-- [ RunTime:0.000357s ]
INFO: Run Behavior\ParseTemplateBehavior [ RunTime:0.049582s ]
INFO: [ view_parse ] --END-- [ RunTime:0.049942s ]
INFO: [ view_filter ] --START--
INFO: Run Behavior\WriteHtmlCacheBehavior [ RunTime:0.001057s ]
INFO: [ view_filter ] --END-- [ RunTime:0.001503s ]
INFO: [ app_end ] --START--
INFO: Run Behavior\ShowPageTraceBehavior [ RunTime:0.001169s ]
INFO: [ app_end ] --END-- [ RunTime:0.001473s ]

[ 2016-12-27T10:40:44+08:00 ] ::1 /shop/ecshop/index.php/Admin/Index/main
INFO: [ app_init ] --START--
INFO: Run Behavior\BuildLiteBehavior [ RunTime:0.000077s ]
INFO: [ app_init ] --END-- [ RunTime:0.001762s ]
INFO: [ app_begin ] --START--
INFO: Run Behavior\ReadHtmlCacheBehavior [ RunTime:0.001957s ]
INFO: [ app_begin ] --END-- [ RunTime:0.002458s ]
INFO: [ view_parse ] --START--
INFO: [ template_filter ] --START--
INFO: Run Behavior\ContentReplaceBehavior [ RunTime:0.000095s ]
INFO: [ template_filter ] --END-- [ RunTime:0.000320s ]
INFO: Run Behavior\ParseTemplateBehavior [ RunTime:0.033021s ]
INFO: [ view_parse ] --END-- [ RunTime:0.033245s ]
INFO: [ view_filter ] --START--
INFO: Run Behavior\WriteHtmlCacheBehavior [ RunTime:0.000991s ]
INFO: [ view_filter ] --END-- [ RunTime:0.001235s ]
INFO: [ app_end ] --START--
INFO: Run Behavior\ShowPageTraceBehavior [ RunTime:0.001124s ]
INFO: [ app_end ] --END-- [ RunTime:0.001345s ]

[ 2016-12-27T10:40:44+08:00 ] ::1 /shop/ecshop/index.php/Admin/Index/drag1
INFO: [ app_init ] --START--
INFO: Run Behavior\BuildLiteBehavior [ RunTime:0.000077s ]
INFO: [ app_init ] --END-- [ RunTime:0.001533s ]
INFO: [ app_begin ] --START--
INFO: Run Behavior\ReadHtmlCacheBehavior [ RunTime:0.000995s ]
INFO: [ app_begin ] --END-- [ RunTime:0.001220s ]
INFO: [ view_parse ] --START--
INFO: [ template_filter ] --START--
INFO: Run Behavior\ContentReplaceBehavior [ RunTime:0.000100s ]
INFO: [ template_filter ] --END-- [ RunTime:0.000313s ]
INFO: Run Behavior\ParseTemplateBehavior [ RunTime:0.033743s ]
INFO: [ view_parse ] --END-- [ RunTime:0.034137s ]
INFO: [ view_filter ] --START--
INFO: Run Behavior\WriteHtmlCacheBehavior [ RunTime:0.000586s ]
INFO: [ view_filter ] --END-- [ RunTime:0.000780s ]
INFO: [ app_end ] --START--
INFO: Run Behavior\ShowPageTraceBehavior [ RunTime:0.001002s ]
INFO: [ app_end ] --END-- [ RunTime:0.001205s ]

[ 2016-12-27T10:40:46+08:00 ] ::1 /shop/ecshop/index.php/Admin/Index/order.php?act=list
INFO: [ app_init ] --START--
INFO: Run Behavior\BuildLiteBehavior [ RunTime:0.000042s ]
INFO: [ app_init ] --END-- [ RunTime:0.000778s ]
INFO: [ app_begin ] --START--
INFO: Run Behavior\ReadHtmlCacheBehavior [ RunTime:0.001223s ]
INFO: [ app_begin ] --END-- [ RunTime:0.001513s ]
ERR: 非法操作:order.php

[ 2016-12-27T10:40:50+08:00 ] ::1 /shop/ecshop/index.php/Admin/Index/order.php?act=list
INFO: [ app_init ] --START--
INFO: Run Behavior\BuildLiteBehavior [ RunTime:0.000043s ]
INFO: [ app_init ] --END-- [ RunTime:0.000789s ]
INFO: [ app_begin ] --START--
INFO: Run Behavior\ReadHtmlCacheBehavior [ RunTime:0.000938s ]
INFO: [ app_begin ] --END-- [ RunTime:0.001158s ]
ERR: 非法操作:order.php

[ 2016-12-27T10:40:51+08:00 ] ::1 /shop/ecshop/index.php/Admin/Index/order.php?act=add
INFO: [ app_init ] --START--
INFO: Run Behavior\BuildLiteBehavior [ RunTime:0.000043s ]
INFO: [ app_init ] --END-- [ RunTime:0.000810s ]
INFO: [ app_begin ] --START--
INFO: Run Behavior\ReadHtmlCacheBehavior [ RunTime:0.000979s ]
INFO: [ app_begin ] --END-- [ RunTime:0.001196s ]
ERR: 非法操作:order.php

[ 2016-12-27T10:41:41+08:00 ] ::1 /shop/ecshop/index.php/Admin/Index/order.php?act=list
INFO: [ app_init ] --START--
INFO: Run Behavior\BuildLiteBehavior [ RunTime:0.000046s ]
INFO: [ app_init ] --END-- [ RunTime:0.000984s ]
INFO: [ app_begin ] --START--
INFO: Run Behavior\ReadHtmlCacheBehavior [ RunTime:0.001126s ]
INFO: [ app_begin ] --END-- [ RunTime:0.001406s ]
ERR: 非法操作:order.php

[ 2016-12-27T10:41:45+08:00 ] ::1 /shop/ecshop/index.php/Admin/Index/order.php?act=add
INFO: [ app_init ] --START--
INFO: Run Behavior\BuildLiteBehavior [ RunTime:0.000044s ]
INFO: [ app_init ] --END-- [ RunTime:0.000816s ]
INFO: [ app_begin ] --START--
INFO: Run Behavior\ReadHtmlCacheBehavior [ RunTime:0.001062s ]
INFO: [ app_begin ] --END-- [ RunTime:0.001278s ]
ERR: 非法操作:order.php

[ 2016-12-27T10:41:46+08:00 ] ::1 /shop/ecshop/index.php/Admin/Index/order.php?act=delivery_list
INFO: [ app_init ] --START--
INFO: Run Behavior\BuildLiteBehavior [ RunTime:0.000044s ]
INFO: [ app_init ] --END-- [ RunTime:0.000914s ]
INFO: [ app_begin ] --START--
INFO: Run Behavior\ReadHtmlCacheBehavior [ RunTime:0.000966s ]
INFO: [ app_begin ] --END-- [ RunTime:0.001177s ]
ERR: 非法操作:order.php

[ 2016-12-27T10:41:47+08:00 ] ::1 /shop/ecshop/index.php/Admin/Index/order.php?act=list
INFO: [ app_init ] --START--
INFO: Run Behavior\BuildLiteBehavior [ RunTime:0.000045s ]
INFO: [ app_init ] --END-- [ RunTime:0.000896s ]
INFO: [ app_begin ] --START--
INFO: Run Behavior\ReadHtmlCacheBehavior [ RunTime:0.001282s ]
INFO: [ app_begin ] --END-- [ RunTime:0.001605s ]
ERR: 非法操作:order.php

[ 2016-12-27T10:41:48+08:00 ] ::1 /shop/ecshop/index.php/Admin/Index/order.php?act=add
INFO: [ app_init ] --START--
INFO: Run Behavior\BuildLiteBehavior [ RunTime:0.000044s ]
INFO: [ app_init ] --END-- [ RunTime:0.000860s ]
INFO: [ app_begin ] --START--
INFO: Run Behavior\ReadHtmlCacheBehavior [ RunTime:0.000967s ]
INFO: [ app_begin ] --END-- [ RunTime:0.001221s ]
ERR: 非法操作:order.php

[ 2016-12-27T10:41:48+08:00 ] ::1 /shop/ecshop/index.php/Admin/Index/order.php?act=delivery_list
INFO: [ app_init ] --START--
INFO: Run Behavior\BuildLiteBehavior [ RunTime:0.000044s ]
INFO: [ app_init ] --END-- [ RunTime:0.000887s ]
INFO: [ app_begin ] --START--
INFO: Run Behavior\ReadHtmlCacheBehavior [ RunTime:0.001007s ]
INFO: [ app_begin ] --END-- [ RunTime:0.001217s ]
ERR: 非法操作:order.php

[ 2016-12-27T10:42:42+08:00 ] ::1 /shop/ecshop/index.php/Admin/Brand/brandIndex
INFO: [ app_init ] --START--
INFO: Run Behavior\BuildLiteBehavior [ RunTime:0.000044s ]
INFO: [ app_init ] --END-- [ RunTime:0.000874s ]
INFO: [ app_begin ] --START--
INFO: Run Behavior\ReadHtmlCacheBehavior [ RunTime:0.001040s ]
INFO: [ app_begin ] --END-- [ RunTime:0.001255s ]
NOTIC: [8192] mysql_connect(): The mysql extension is deprecated and will be removed in the future: use mysqli or PDO instead D:\appserv\www\shop\ecshop\ThinkPHP\Library\Think\Db\Driver\Mysql.class.php 第 52 行.
SQL: SHOW COLUMNS FROM `cz_brand` [ RunTime:0.001209s ]
NOTIC: [8] Undefined index: GoodsType D:\appserv\www\shop\ecshop\ThinkPHP\Library\Think\Db\Driver\Mysql.class.php 第 213 行.
NOTIC: [8] Undefined index: GoodsType D:\appserv\www\shop\ecshop\ThinkPHP\Library\Think\Db\Driver\Mysql.class.php 第 213 行.
NOTIC: [8] Undefined index: GoodsType D:\appserv\www\shop\ecshop\ThinkPHP\Library\Think\Db\Driver\Mysql.class.php 第 213 行.
NOTIC: [8] Undefined index: GoodsType D:\appserv\www\shop\ecshop\ThinkPHP\Library\Think\Db\Driver\Mysql.class.php 第 213 行.
NOTIC: [8] Undefined index: GoodsType D:\appserv\www\shop\ecshop\ThinkPHP\Library\Think\Db\Driver\Mysql.class.php 第 213 行.
NOTIC: [8] Undefined index: GoodsType D:\appserv\www\shop\ecshop\ThinkPHP\Library\Think\Db\Driver\Mysql.class.php 第 213 行.
NOTIC: [8] Undefined index: GoodsType D:\appserv\www\shop\ecshop\ThinkPHP\Library\Think\Db\Driver\Mysql.class.php 第 213 行.
SQL: SELECT COUNT(*) AS tp_count FROM `cz_brand` WHERE `brand_name` LIKE '%%' LIMIT 1   [ RunTime:0.017652s ]
SQL: SELECT * FROM `cz_brand` WHERE `brand_name` LIKE '%%' ORDER BY sort_order asc LIMIT 0,3   [ RunTime:0.001598s ]
INFO: [ view_parse ] --START--
INFO: [ template_filter ] --START--
INFO: Run Behavior\ContentReplaceBehavior [ RunTime:0.000266s ]
INFO: [ template_filter ] --END-- [ RunTime:0.000770s ]
NOTIC: [8] Undefined index: brand_logo D:\appserv\www\shop\ecshop\Application\Runtime\Cache\Admin\9565800db338b186b90e85da70dcb484.php 第 45 行.
NOTIC: [8] Undefined index: brand_logo D:\appserv\www\shop\ecshop\Application\Runtime\Cache\Admin\9565800db338b186b90e85da70dcb484.php 第 45 行.
NOTIC: [8] Undefined index: brand_logo D:\appserv\www\shop\ecshop\Application\Runtime\Cache\Admin\9565800db338b186b90e85da70dcb484.php 第 45 行.
INFO: Run Behavior\ParseTemplateBehavior [ RunTime:0.072999s ]
INFO: [ view_parse ] --END-- [ RunTime:0.073475s ]
INFO: [ view_filter ] --START--
INFO: Run Behavior\WriteHtmlCacheBehavior [ RunTime:0.001176s ]
INFO: [ view_filter ] --END-- [ RunTime:0.001618s ]
INFO: [ app_end ] --START--
INFO: Run Behavior\ShowPageTraceBehavior [ RunTime:0.002393s ]
INFO: [ app_end ] --END-- [ RunTime:0.002857s ]

[ 2016-12-27T10:42:47+08:00 ] ::1 /shop/ecshop/index.php/Admin/Category/catIndex
INFO: [ app_init ] --START--
INFO: Run Behavior\BuildLiteBehavior [ RunTime:0.000043s ]
INFO: [ app_init ] --END-- [ RunTime:0.000867s ]
INFO: [ app_begin ] --START--
INFO: Run Behavior\ReadHtmlCacheBehavior [ RunTime:0.001083s ]
INFO: [ app_begin ] --END-- [ RunTime:0.001372s ]
NOTIC: [8192] mysql_connect(): The mysql extension is deprecated and will be removed in the future: use mysqli or PDO instead D:\appserv\www\shop\ecshop\ThinkPHP\Library\Think\Db\Driver\Mysql.class.php 第 52 行.
SQL: SHOW COLUMNS FROM `cz_category` [ RunTime:0.001295s ]
NOTIC: [8] Undefined index: GoodsType D:\appserv\www\shop\ecshop\ThinkPHP\Library\Think\Db\Driver\Mysql.class.php 第 213 行.
NOTIC: [8] Undefined index: GoodsType D:\appserv\www\shop\ecshop\ThinkPHP\Library\Think\Db\Driver\Mysql.class.php 第 213 行.
NOTIC: [8] Undefined index: GoodsType D:\appserv\www\shop\ecshop\ThinkPHP\Library\Think\Db\Driver\Mysql.class.php 第 213 行.
NOTIC: [8] Undefined index: GoodsType D:\appserv\www\shop\ecshop\ThinkPHP\Library\Think\Db\Driver\Mysql.class.php 第 213 行.
NOTIC: [8] Undefined index: GoodsType D:\appserv\www\shop\ecshop\ThinkPHP\Library\Think\Db\Driver\Mysql.class.php 第 213 行.
NOTIC: [8] Undefined index: GoodsType D:\appserv\www\shop\ecshop\ThinkPHP\Library\Think\Db\Driver\Mysql.class.php 第 213 行.
NOTIC: [8] Undefined index: GoodsType D:\appserv\www\shop\ecshop\ThinkPHP\Library\Think\Db\Driver\Mysql.class.php 第 213 行.
SQL: SELECT * FROM `cz_category`  [ RunTime:0.007530s ]
INFO: [ view_parse ] --START--
INFO: [ template_filter ] --START--
INFO: Run Behavior\ContentReplaceBehavior [ RunTime:0.000127s ]
INFO: [ template_filter ] --END-- [ RunTime:0.000344s ]
INFO: Run Behavior\ParseTemplateBehavior [ RunTime:0.040948s ]
INFO: [ view_parse ] --END-- [ RunTime:0.041208s ]
INFO: [ view_filter ] --START--
INFO: Run Behavior\WriteHtmlCacheBehavior [ RunTime:0.000599s ]
INFO: [ view_filter ] --END-- [ RunTime:0.000791s ]
INFO: [ app_end ] --START--
INFO: Run Behavior\ShowPageTraceBehavior [ RunTime:0.001133s ]
INFO: [ app_end ] --END-- [ RunTime:0.001389s ]

[ 2016-12-27T10:43:00+08:00 ] ::1 /shop/ecshop/index.php/Admin/Brand/brandIndex
INFO: [ app_init ] --START--
INFO: Run Behavior\BuildLiteBehavior [ RunTime:0.000044s ]
INFO: [ app_init ] --END-- [ RunTime:0.000817s ]
INFO: [ app_begin ] --START--
INFO: Run Behavior\ReadHtmlCacheBehavior [ RunTime:0.001318s ]
INFO: [ app_begin ] --END-- [ RunTime:0.001618s ]
NOTIC: [8192] mysql_connect(): The mysql extension is deprecated and will be removed in the future: use mysqli or PDO instead D:\appserv\www\shop\ecshop\ThinkPHP\Library\Think\Db\Driver\Mysql.class.php 第 52 行.
SQL: SHOW COLUMNS FROM `cz_brand` [ RunTime:0.000986s ]
NOTIC: [8] Undefined index: GoodsType D:\appserv\www\shop\ecshop\ThinkPHP\Library\Think\Db\Driver\Mysql.class.php 第 213 行.
NOTIC: [8] Undefined index: GoodsType D:\appserv\www\shop\ecshop\ThinkPHP\Library\Think\Db\Driver\Mysql.class.php 第 213 行.
NOTIC: [8] Undefined index: GoodsType D:\appserv\www\shop\ecshop\ThinkPHP\Library\Think\Db\Driver\Mysql.class.php 第 213 行.
NOTIC: [8] Undefined index: GoodsType D:\appserv\www\shop\ecshop\ThinkPHP\Library\Think\Db\Driver\Mysql.class.php 第 213 行.
NOTIC: [8] Undefined index: GoodsType D:\appserv\www\shop\ecshop\ThinkPHP\Library\Think\Db\Driver\Mysql.class.php 第 213 行.
NOTIC: [8] Undefined index: GoodsType D:\appserv\www\shop\ecshop\ThinkPHP\Library\Think\Db\Driver\Mysql.class.php 第 213 行.
NOTIC: [8] Undefined index: GoodsType D:\appserv\www\shop\ecshop\ThinkPHP\Library\Think\Db\Driver\Mysql.class.php 第 213 行.
SQL: SELECT COUNT(*) AS tp_count FROM `cz_brand` WHERE `brand_name` LIKE '%%' LIMIT 1   [ RunTime:0.000400s ]
SQL: SELECT * FROM `cz_brand` WHERE `brand_name` LIKE '%%' ORDER BY sort_order asc LIMIT 0,3   [ RunTime:0.000622s ]
INFO: [ view_parse ] --START--
INFO: [ template_filter ] --START--
INFO: Run Behavior\ContentReplaceBehavior [ RunTime:0.000115s ]
INFO: [ template_filter ] --END-- [ RunTime:0.000331s ]
NOTIC: [8] Undefined index: brand_logo D:\appserv\www\shop\ecshop\Application\Runtime\Cache\Admin\9565800db338b186b90e85da70dcb484.php 第 45 行.
NOTIC: [8] Undefined index: brand_logo D:\appserv\www\shop\ecshop\Application\Runtime\Cache\Admin\9565800db338b186b90e85da70dcb484.php 第 45 行.
NOTIC: [8] Undefined index: brand_logo D:\appserv\www\shop\ecshop\Application\Runtime\Cache\Admin\9565800db338b186b90e85da70dcb484.php 第 45 行.
INFO: Run Behavior\ParseTemplateBehavior [ RunTime:0.017682s ]
INFO: [ view_parse ] --END-- [ RunTime:0.017898s ]
INFO: [ view_filter ] --START--
INFO: Run Behavior\WriteHtmlCacheBehavior [ RunTime:0.000538s ]
INFO: [ view_filter ] --END-- [ RunTime:0.000727s ]
INFO: [ app_end ] --START--
INFO: Run Behavior\ShowPageTraceBehavior [ RunTime:0.000960s ]
INFO: [ app_end ] --END-- [ RunTime:0.001178s ]

[ 2016-12-27T10:43:04+08:00 ] ::1 /shop/ecshop/index.php/Admin/GoodsType/typeIndex
INFO: [ app_init ] --START--
INFO: Run Behavior\BuildLiteBehavior [ RunTime:0.000084s ]
INFO: [ app_init ] --END-- [ RunTime:0.001435s ]
INFO: [ app_begin ] --START--
INFO: Run Behavior\ReadHtmlCacheBehavior [ RunTime:0.001686s ]
INFO: [ app_begin ] --END-- [ RunTime:0.002082s ]
NOTIC: [8192] mysql_connect(): The mysql extension is deprecated and will be removed in the future: use mysqli or PDO instead D:\appserv\www\shop\ecshop\ThinkPHP\Library\Think\Db\Driver\Mysql.class.php 第 52 行.
SQL: SHOW COLUMNS FROM `cz_goods_type` [ RunTime:0.002793s ]
NOTIC: [8] Undefined index: GoodsType D:\appserv\www\shop\ecshop\ThinkPHP\Library\Think\Db\Driver\Mysql.class.php 第 213 行.
NOTIC: [8] Undefined index: GoodsType D:\appserv\www\shop\ecshop\ThinkPHP\Library\Think\Db\Driver\Mysql.class.php 第 213 行.
SQL: SELECT COUNT(*) AS tp_count FROM `cz_goods_type` LIMIT 1   [ RunTime:0.000955s ]
SQL: SELECT * FROM `cz_goods_type` LIMIT 0,5   [ RunTime:0.001582s ]
INFO: [ view_parse ] --START--
INFO: [ template_filter ] --START--
INFO: Run Behavior\ContentReplaceBehavior [ RunTime:0.000178s ]
INFO: [ template_filter ] --END-- [ RunTime:0.000520s ]
INFO: Run Behavior\ParseTemplateBehavior [ RunTime:0.036923s ]
INFO: [ view_parse ] --END-- [ RunTime:0.037307s ]
INFO: [ view_filter ] --START--
INFO: Run Behavior\WriteHtmlCacheBehavior [ RunTime:0.001115s ]
INFO: [ view_filter ] --END-- [ RunTime:0.001604s ]
INFO: [ app_end ] --START--
INFO: Run Behavior\ShowPageTraceBehavior [ RunTime:0.001860s ]
INFO: [ app_end ] --END-- [ RunTime:0.002206s ]

[ 2016-12-27T10:43:09+08:00 ] ::1 /shop/ecshop/index.php/Admin/Goods/goodsAdd
INFO: [ app_init ] --START--
INFO: Run Behavior\BuildLiteBehavior [ RunTime:0.000044s ]
INFO: [ app_init ] --END-- [ RunTime:0.000849s ]
INFO: [ app_begin ] --START--
INFO: Run Behavior\ReadHtmlCacheBehavior [ RunTime:0.000992s ]
INFO: [ app_begin ] --END-- [ RunTime:0.001203s ]
NOTIC: [8192] mysql_connect(): The mysql extension is deprecated and will be removed in the future: use mysqli or PDO instead D:\appserv\www\shop\ecshop\ThinkPHP\Library\Think\Db\Driver\Mysql.class.php 第 52 行.
SQL: SHOW COLUMNS FROM `cz_goods_type` [ RunTime:0.000949s ]
NOTIC: [8] Undefined index: GoodsType D:\appserv\www\shop\ecshop\ThinkPHP\Library\Think\Db\Driver\Mysql.class.php 第 213 行.
NOTIC: [8] Undefined index: GoodsType D:\appserv\www\shop\ecshop\ThinkPHP\Library\Think\Db\Driver\Mysql.class.php 第 213 行.
SQL: SELECT * FROM `cz_goods_type`  [ RunTime:0.000348s ]
SQL: SHOW COLUMNS FROM `cz_category` [ RunTime:0.069463s ]
NOTIC: [8] Undefined index: GoodsType D:\appserv\www\shop\ecshop\ThinkPHP\Library\Think\Db\Driver\Mysql.class.php 第 213 行.
NOTIC: [8] Undefined index: GoodsType D:\appserv\www\shop\ecshop\ThinkPHP\Library\Think\Db\Driver\Mysql.class.php 第 213 行.
NOTIC: [8] Undefined index: GoodsType D:\appserv\www\shop\ecshop\ThinkPHP\Library\Think\Db\Driver\Mysql.class.php 第 213 行.
NOTIC: [8] Undefined index: GoodsType D:\appserv\www\shop\ecshop\ThinkPHP\Library\Think\Db\Driver\Mysql.class.php 第 213 行.
NOTIC: [8] Undefined index: GoodsType D:\appserv\www\shop\ecshop\ThinkPHP\Library\Think\Db\Driver\Mysql.class.php 第 213 行.
NOTIC: [8] Undefined index: GoodsType D:\appserv\www\shop\ecshop\ThinkPHP\Library\Think\Db\Driver\Mysql.class.php 第 213 行.
NOTIC: [8] Undefined index: GoodsType D:\appserv\www\shop\ecshop\ThinkPHP\Library\Think\Db\Driver\Mysql.class.php 第 213 行.
SQL: SELECT * FROM `cz_category`  [ RunTime:0.002397s ]
SQL: SHOW COLUMNS FROM `cz_brand` [ RunTime:0.002746s ]
NOTIC: [8] Undefined index: GoodsType D:\appserv\www\shop\ecshop\ThinkPHP\Library\Think\Db\Driver\Mysql.class.php 第 213 行.
NOTIC: [8] Undefined index: GoodsType D:\appserv\www\shop\ecshop\ThinkPHP\Library\Think\Db\Driver\Mysql.class.php 第 213 行.
NOTIC: [8] Undefined index: GoodsType D:\appserv\www\shop\ecshop\ThinkPHP\Library\Think\Db\Driver\Mysql.class.php 第 213 行.
NOTIC: [8] Undefined index: GoodsType D:\appserv\www\shop\ecshop\ThinkPHP\Library\Think\Db\Driver\Mysql.class.php 第 213 行.
NOTIC: [8] Undefined index: GoodsType D:\appserv\www\shop\ecshop\ThinkPHP\Library\Think\Db\Driver\Mysql.class.php 第 213 行.
NOTIC: [8] Undefined index: GoodsType D:\appserv\www\shop\ecshop\ThinkPHP\Library\Think\Db\Driver\Mysql.class.php 第 213 行.
NOTIC: [8] Undefined index: GoodsType D:\appserv\www\shop\ecshop\ThinkPHP\Library\Think\Db\Driver\Mysql.class.php 第 213 行.
SQL: SELECT * FROM `cz_brand`  [ RunTime:0.001714s ]
INFO: [ view_parse ] --START--
INFO: [ template_filter ] --START--
INFO: Run Behavior\ContentReplaceBehavior [ RunTime:0.000423s ]
INFO: [ template_filter ] --END-- [ RunTime:0.000692s ]
NOTIC: [8] Undefined variable: goodsinfo D:\appserv\www\shop\ecshop\Application\Runtime\Cache\Admin\b71ec61a33b751284e371fb5a05f504d.php 第 159 行.
INFO: Run Behavior\ParseTemplateBehavior [ RunTime:0.062415s ]
INFO: [ view_parse ] --END-- [ RunTime:0.062843s ]
INFO: [ view_filter ] --START--
INFO: Run Behavior\WriteHtmlCacheBehavior [ RunTime:0.000755s ]
INFO: [ view_filter ] --END-- [ RunTime:0.001008s ]
INFO: [ app_end ] --START--
INFO: Run Behavior\ShowPageTraceBehavior [ RunTime:0.001750s ]
INFO: [ app_end ] --END-- [ RunTime:0.002202s ]

[ 2016-12-27T10:43:11+08:00 ] ::1 /shop/ecshop/index.php/Admin/Goods/goodsIndex
INFO: [ app_init ] --START--
INFO: Run Behavior\BuildLiteBehavior [ RunTime:0.000045s ]
INFO: [ app_init ] --END-- [ RunTime:0.000833s ]
INFO: [ app_begin ] --START--
INFO: Run Behavior\ReadHtmlCacheBehavior [ RunTime:0.001183s ]
INFO: [ app_begin ] --END-- [ RunTime:0.001495s ]
NOTIC: [8192] mysql_connect(): The mysql extension is deprecated and will be removed in the future: use mysqli or PDO instead D:\appserv\www\shop\ecshop\ThinkPHP\Library\Think\Db\Driver\Mysql.class.php 第 52 行.
SQL: SHOW COLUMNS FROM `cz_goods` [ RunTime:0.028011s ]
NOTIC: [8] Undefined index: GoodsType D:\appserv\www\shop\ecshop\ThinkPHP\Library\Think\Db\Driver\Mysql.class.php 第 213 行.
NOTIC: [8] Undefined index: GoodsType D:\appserv\www\shop\ecshop\ThinkPHP\Library\Think\Db\Driver\Mysql.class.php 第 213 行.
NOTIC: [8] Undefined index: GoodsType D:\appserv\www\shop\ecshop\ThinkPHP\Library\Think\Db\Driver\Mysql.class.php 第 213 行.
NOTIC: [8] Undefined index: GoodsType D:\appserv\www\shop\ecshop\ThinkPHP\Library\Think\Db\Driver\Mysql.class.php 第 213 行.
NOTIC: [8] Undefined index: GoodsType D:\appserv\www\shop\ecshop\ThinkPHP\Library\Think\Db\Driver\Mysql.class.php 第 213 行.
NOTIC: [8] Undefined index: GoodsType D:\appserv\www\shop\ecshop\ThinkPHP\Library\Think\Db\Driver\Mysql.class.php 第 213 行.
NOTIC: [8] Undefined index: GoodsType D:\appserv\www\shop\ecshop\ThinkPHP\Library\Think\Db\Driver\Mysql.class.php 第 213 行.
NOTIC: [8] Undefined index: GoodsType D:\appserv\www\shop\ecshop\ThinkPHP\Library\Think\Db\Driver\Mysql.class.php 第 213 行.
NOTIC: [8] Undefined index: GoodsType D:\appserv\www\shop\ecshop\ThinkPHP\Library\Think\Db\Driver\Mysql.class.php 第 213 行.
NOTIC: [8] Undefined index: GoodsType D:\appserv\www\shop\ecshop\ThinkPHP\Library\Think\Db\Driver\Mysql.class.php 第 213 行.
NOTIC: [8] Undefined index: GoodsType D:\appserv\www\shop\ecshop\ThinkPHP\Library\Think\Db\Driver\Mysql.class.php 第 213 行.
NOTIC: [8] Undefined index: GoodsType D:\appserv\www\shop\ecshop\ThinkPHP\Library\Think\Db\Driver\Mysql.class.php 第 213 行.
NOTIC: [8] Undefined index: GoodsType D:\appserv\www\shop\ecshop\ThinkPHP\Library\Think\Db\Driver\Mysql.class.php 第 213 行.
NOTIC: [8] Undefined index: GoodsType D:\appserv\www\shop\ecshop\ThinkPHP\Library\Think\Db\Driver\Mysql.class.php 第 213 行.
NOTIC: [8] Undefined index: GoodsType D:\appserv\www\shop\ecshop\ThinkPHP\Library\Think\Db\Driver\Mysql.class.php 第 213 行.
NOTIC: [8] Undefined index: GoodsType D:\appserv\www\shop\ecshop\ThinkPHP\Library\Think\Db\Driver\Mysql.class.php 第 213 行.
NOTIC: [8] Undefined index: GoodsType D:\appserv\www\shop\ecshop\ThinkPHP\Library\Think\Db\Driver\Mysql.class.php 第 213 行.
NOTIC: [8] Undefined index: GoodsType D:\appserv\www\shop\ecshop\ThinkPHP\Library\Think\Db\Driver\Mysql.class.php 第 213 行.
NOTIC: [8] Undefined index: GoodsType D:\appserv\www\shop\ecshop\ThinkPHP\Library\Think\Db\Driver\Mysql.class.php 第 213 行.
NOTIC: [8] Undefined index: GoodsType D:\appserv\www\shop\ecshop\ThinkPHP\Library\Think\Db\Driver\Mysql.class.php 第 213 行.
NOTIC: [8] Undefined index: GoodsType D:\appserv\www\shop\ecshop\ThinkPHP\Library\Think\Db\Driver\Mysql.class.php 第 213 行.
NOTIC: [8] Undefined index: GoodsType D:\appserv\www\shop\ecshop\ThinkPHP\Library\Think\Db\Driver\Mysql.class.php 第 213 行.
NOTIC: [8] Undefined index: GoodsType D:\appserv\www\shop\ecshop\ThinkPHP\Library\Think\Db\Driver\Mysql.class.php 第 213 行.
SQL: SELECT * FROM `cz_goods` WHERE `goods_name` LIKE '%%'  [ RunTime:0.022257s ]
SQL: SHOW COLUMNS FROM `cz_brand` [ RunTime:0.001031s ]
NOTIC: [8] Undefined index: GoodsType D:\appserv\www\shop\ecshop\ThinkPHP\Library\Think\Db\Driver\Mysql.class.php 第 213 行.
NOTIC: [8] Undefined index: GoodsType D:\appserv\www\shop\ecshop\ThinkPHP\Library\Think\Db\Driver\Mysql.class.php 第 213 行.
NOTIC: [8] Undefined index: GoodsType D:\appserv\www\shop\ecshop\ThinkPHP\Library\Think\Db\Driver\Mysql.class.php 第 213 行.
NOTIC: [8] Undefined index: GoodsType D:\appserv\www\shop\ecshop\ThinkPHP\Library\Think\Db\Driver\Mysql.class.php 第 213 行.
NOTIC: [8] Undefined index: GoodsType D:\appserv\www\shop\ecshop\ThinkPHP\Library\Think\Db\Driver\Mysql.class.php 第 213 行.
NOTIC: [8] Undefined index: GoodsType D:\appserv\www\shop\ecshop\ThinkPHP\Library\Think\Db\Driver\Mysql.class.php 第 213 行.
NOTIC: [8] Undefined index: GoodsType D:\appserv\www\shop\ecshop\ThinkPHP\Library\Think\Db\Driver\Mysql.class.php 第 213 行.
SQL: SELECT * FROM `cz_brand`  [ RunTime:0.000365s ]
SQL: SHOW COLUMNS FROM `cz_category` [ RunTime:0.000821s ]
NOTIC: [8] Undefined index: GoodsType D:\appserv\www\shop\ecshop\ThinkPHP\Library\Think\Db\Driver\Mysql.class.php 第 213 行.
NOTIC: [8] Undefined index: GoodsType D:\appserv\www\shop\ecshop\ThinkPHP\Library\Think\Db\Driver\Mysql.class.php 第 213 行.
NOTIC: [8] Undefined index: GoodsType D:\appserv\www\shop\ecshop\ThinkPHP\Library\Think\Db\Driver\Mysql.class.php 第 213 行.
NOTIC: [8] Undefined index: GoodsType D:\appserv\www\shop\ecshop\ThinkPHP\Library\Think\Db\Driver\Mysql.class.php 第 213 行.
NOTIC: [8] Undefined index: GoodsType D:\appserv\www\shop\ecshop\ThinkPHP\Library\Think\Db\Driver\Mysql.class.php 第 213 行.
NOTIC: [8] Undefined index: GoodsType D:\appserv\www\shop\ecshop\ThinkPHP\Library\Think\Db\Driver\Mysql.class.php 第 213 行.
NOTIC: [8] Undefined index: GoodsType D:\appserv\www\shop\ecshop\ThinkPHP\Library\Think\Db\Driver\Mysql.class.php 第 213 行.
SQL: SELECT * FROM `cz_category`  [ RunTime:0.000481s ]
INFO: [ view_parse ] --START--
INFO: [ template_filter ] --START--
INFO: Run Behavior\ContentReplaceBehavior [ RunTime:0.000210s ]
INFO: [ template_filter ] --END-- [ RunTime:0.000489s ]
INFO: Run Behavior\ParseTemplateBehavior [ RunTime:0.038449s ]
INFO: [ view_parse ] --END-- [ RunTime:0.038688s ]
INFO: [ view_filter ] --START--
INFO: Run Behavior\WriteHtmlCacheBehavior [ RunTime:0.000605s ]
INFO: [ view_filter ] --END-- [ RunTime:0.000806s ]
INFO: [ app_end ] --START--
INFO: Run Behavior\ShowPageTraceBehavior [ RunTime:0.001406s ]
INFO: [ app_end ] --END-- [ RunTime:0.001672s ]

[ 2016-12-27T10:43:16+08:00 ] ::1 /shop/ecshop/index.php/Admin/Index/order.php?act=list
INFO: [ app_init ] --START--
INFO: Run Behavior\BuildLiteBehavior [ RunTime:0.000045s ]
INFO: [ app_init ] --END-- [ RunTime:0.000908s ]
INFO: [ app_begin ] --START--
INFO: Run Behavior\ReadHtmlCacheBehavior [ RunTime:0.000949s ]
INFO: [ app_begin ] --END-- [ RunTime:0.001156s ]
ERR: 非法操作:order.php

[ 2016-12-27T10:43:18+08:00 ] ::1 /shop/ecshop/index.php/Admin/Index/order.php?act=add
INFO: [ app_init ] --START--
INFO: Run Behavior\BuildLiteBehavior [ RunTime:0.000047s ]
INFO: [ app_init ] --END-- [ RunTime:0.000888s ]
INFO: [ app_begin ] --START--
INFO: Run Behavior\ReadHtmlCacheBehavior [ RunTime:0.000968s ]
INFO: [ app_begin ] --END-- [ RunTime:0.001183s ]
ERR: 非法操作:order.php

[ 2016-12-27T10:43:19+08:00 ] ::1 /shop/ecshop/index.php/Admin/Index/order.php?act=delivery_list
INFO: [ app_init ] --START--
INFO: Run Behavior\BuildLiteBehavior [ RunTime:0.000075s ]
INFO: [ app_init ] --END-- [ RunTime:0.000908s ]
INFO: [ app_begin ] --START--
INFO: Run Behavior\ReadHtmlCacheBehavior [ RunTime:0.000925s ]
INFO: [ app_begin ] --END-- [ RunTime:0.001132s ]
ERR: 非法操作:order.php

[ 2016-12-27T10:43:19+08:00 ] ::1 /shop/ecshop/index.php/Admin/Index/order.php?act=back_list
INFO: [ app_init ] --START--
INFO: Run Behavior\BuildLiteBehavior [ RunTime:0.000045s ]
INFO: [ app_init ] --END-- [ RunTime:0.000973s ]
INFO: [ app_begin ] --START--
INFO: Run Behavior\ReadHtmlCacheBehavior [ RunTime:0.000931s ]
INFO: [ app_begin ] --END-- [ RunTime:0.001137s ]
ERR: 非法操作:order.php

[ 2016-12-27T10:43:20+08:00 ] ::1 /shop/ecshop/index.php/Admin/Index/order.php?act=list
INFO: [ app_init ] --START--
INFO: Run Behavior\BuildLiteBehavior [ RunTime:0.000057s ]
INFO: [ app_init ] --END-- [ RunTime:0.000829s ]
INFO: [ app_begin ] --START--
INFO: Run Behavior\ReadHtmlCacheBehavior [ RunTime:0.000936s ]
INFO: [ app_begin ] --END-- [ RunTime:0.001150s ]
ERR: 非法操作:order.php

[ 2016-12-27T11:22:57+08:00 ] ::1 /shop/ecshop/index.php/Admin/Index/order.php?act=list
INFO: [ app_init ] --START--
INFO: Run Behavior\BuildLiteBehavior [ RunTime:0.000045s ]
INFO: [ app_init ] --END-- [ RunTime:0.000850s ]
INFO: [ app_begin ] --START--
INFO: Run Behavior\ReadHtmlCacheBehavior [ RunTime:0.001167s ]
INFO: [ app_begin ] --END-- [ RunTime:0.001499s ]
ERR: 非法操作:order.php

[ 2016-12-27T11:22:58+08:00 ] ::1 /shop/ecshop/index.php/Admin/Index/order.php?act=add
INFO: [ app_init ] --START--
INFO: Run Behavior\BuildLiteBehavior [ RunTime:0.000044s ]
INFO: [ app_init ] --END-- [ RunTime:0.000865s ]
INFO: [ app_begin ] --START--
INFO: Run Behavior\ReadHtmlCacheBehavior [ RunTime:0.001373s ]
INFO: [ app_begin ] --END-- [ RunTime:0.001703s ]
ERR: 非法操作:order.php

[ 2016-12-27T11:22:59+08:00 ] ::1 /shop/ecshop/index.php/Admin/Index/order.php?act=delivery_list
INFO: [ app_init ] --START--
INFO: Run Behavior\BuildLiteBehavior [ RunTime:0.000043s ]
INFO: [ app_init ] --END-- [ RunTime:0.000857s ]
INFO: [ app_begin ] --START--
INFO: Run Behavior\ReadHtmlCacheBehavior [ RunTime:0.001472s ]
INFO: [ app_begin ] --END-- [ RunTime:0.001789s ]
ERR: 非法操作:order.php

[ 2016-12-27T11:23:00+08:00 ] ::1 /shop/ecshop/index.php/Admin/Index/order.php?act=list
INFO: [ app_init ] --START--
INFO: Run Behavior\BuildLiteBehavior [ RunTime:0.000045s ]
INFO: [ app_init ] --END-- [ RunTime:0.001057s ]
INFO: [ app_begin ] --START--
INFO: Run Behavior\ReadHtmlCacheBehavior [ RunTime:0.001376s ]
INFO: [ app_begin ] --END-- [ RunTime:0.001686s ]
ERR: 非法操作:order.php

[ 2016-12-27T11:23:06+08:00 ] ::1 /shop/ecshop/index.php/Admin/Category/catIndex
INFO: [ app_init ] --START--
INFO: Run Behavior\BuildLiteBehavior [ RunTime:0.000042s ]
INFO: [ app_init ] --END-- [ RunTime:0.000852s ]
INFO: [ app_begin ] --START--
INFO: Run Behavior\ReadHtmlCacheBehavior [ RunTime:0.001294s ]
INFO: [ app_begin ] --END-- [ RunTime:0.001617s ]
NOTIC: [8192] mysql_connect(): The mysql extension is deprecated and will be removed in the future: use mysqli or PDO instead D:\appserv\www\shop\ecshop\ThinkPHP\Library\Think\Db\Driver\Mysql.class.php 第 52 行.
SQL: SHOW COLUMNS FROM `cz_category` [ RunTime:0.001134s ]
NOTIC: [8] Undefined index: GoodsType D:\appserv\www\shop\ecshop\ThinkPHP\Library\Think\Db\Driver\Mysql.class.php 第 213 行.
NOTIC: [8] Undefined index: GoodsType D:\appserv\www\shop\ecshop\ThinkPHP\Library\Think\Db\Driver\Mysql.class.php 第 213 行.
NOTIC: [8] Undefined index: GoodsType D:\appserv\www\shop\ecshop\ThinkPHP\Library\Think\Db\Driver\Mysql.class.php 第 213 行.
NOTIC: [8] Undefined index: GoodsType D:\appserv\www\shop\ecshop\ThinkPHP\Library\Think\Db\Driver\Mysql.class.php 第 213 行.
NOTIC: [8] Undefined index: GoodsType D:\appserv\www\shop\ecshop\ThinkPHP\Library\Think\Db\Driver\Mysql.class.php 第 213 行.
NOTIC: [8] Undefined index: GoodsType D:\appserv\www\shop\ecshop\ThinkPHP\Library\Think\Db\Driver\Mysql.class.php 第 213 行.
NOTIC: [8] Undefined index: GoodsType D:\appserv\www\shop\ecshop\ThinkPHP\Library\Think\Db\Driver\Mysql.class.php 第 213 行.
SQL: SELECT * FROM `cz_category`  [ RunTime:0.000751s ]
INFO: [ view_parse ] --START--
INFO: [ template_filter ] --START--
INFO: Run Behavior\ContentReplaceBehavior [ RunTime:0.000126s ]
INFO: [ template_filter ] --END-- [ RunTime:0.000340s ]
INFO: Run Behavior\ParseTemplateBehavior [ RunTime:0.018537s ]
INFO: [ view_parse ] --END-- [ RunTime:0.018771s ]
INFO: [ view_filter ] --START--
INFO: Run Behavior\WriteHtmlCacheBehavior [ RunTime:0.000722s ]
INFO: [ view_filter ] --END-- [ RunTime:0.000916s ]
INFO: [ app_end ] --START--
INFO: Run Behavior\ShowPageTraceBehavior [ RunTime:0.001216s ]
INFO: [ app_end ] --END-- [ RunTime:0.001645s ]

[ 2016-12-27T11:23:14+08:00 ] ::1 /shop/ecshop/index.php/Admin/Category/catIndex
INFO: [ app_init ] --START--
INFO: Run Behavior\BuildLiteBehavior [ RunTime:0.000080s ]
INFO: [ app_init ] --END-- [ RunTime:0.001667s ]
INFO: [ app_begin ] --START--
INFO: Run Behavior\ReadHtmlCacheBehavior [ RunTime:0.001048s ]
INFO: [ app_begin ] --END-- [ RunTime:0.001302s ]
NOTIC: [8192] mysql_connect(): The mysql extension is deprecated and will be removed in the future: use mysqli or PDO instead D:\appserv\www\shop\ecshop\ThinkPHP\Library\Think\Db\Driver\Mysql.class.php 第 52 行.
SQL: SHOW COLUMNS FROM `cz_category` [ RunTime:0.000923s ]
NOTIC: [8] Undefined index: GoodsType D:\appserv\www\shop\ecshop\ThinkPHP\Library\Think\Db\Driver\Mysql.class.php 第 213 行.
NOTIC: [8] Undefined index: GoodsType D:\appserv\www\shop\ecshop\ThinkPHP\Library\Think\Db\Driver\Mysql.class.php 第 213 行.
NOTIC: [8] Undefined index: GoodsType D:\appserv\www\shop\ecshop\ThinkPHP\Library\Think\Db\Driver\Mysql.class.php 第 213 行.
NOTIC: [8] Undefined index: GoodsType D:\appserv\www\shop\ecshop\ThinkPHP\Library\Think\Db\Driver\Mysql.class.php 第 213 行.
NOTIC: [8] Undefined index: GoodsType D:\appserv\www\shop\ecshop\ThinkPHP\Library\Think\Db\Driver\Mysql.class.php 第 213 行.
NOTIC: [8] Undefined index: GoodsType D:\appserv\www\shop\ecshop\ThinkPHP\Library\Think\Db\Driver\Mysql.class.php 第 213 行.
NOTIC: [8] Undefined index: GoodsType D:\appserv\www\shop\ecshop\ThinkPHP\Library\Think\Db\Driver\Mysql.class.php 第 213 行.
SQL: SELECT * FROM `cz_category`  [ RunTime:0.000493s ]
INFO: [ view_parse ] --START--
INFO: [ template_filter ] --START--
INFO: Run Behavior\ContentReplaceBehavior [ RunTime:0.000123s ]
INFO: [ template_filter ] --END-- [ RunTime:0.000343s ]
INFO: Run Behavior\ParseTemplateBehavior [ RunTime:0.017567s ]
INFO: [ view_parse ] --END-- [ RunTime:0.017785s ]
INFO: [ view_filter ] --START--
INFO: Run Behavior\WriteHtmlCacheBehavior [ RunTime:0.000572s ]
INFO: [ view_filter ] --END-- [ RunTime:0.000763s ]
INFO: [ app_end ] --START--
INFO: Run Behavior\ShowPageTraceBehavior [ RunTime:0.001606s ]
INFO: [ app_end ] --END-- [ RunTime:0.002028s ]

[ 2016-12-27T11:29:47+08:00 ] ::1 /shop/ecshop/index.php/Admin/Index/index.html
INFO: [ app_init ] --START--
INFO: Run Behavior\BuildLiteBehavior [ RunTime:0.000045s ]
INFO: [ app_init ] --END-- [ RunTime:0.000807s ]
INFO: [ app_begin ] --START--
INFO: Run Behavior\ReadHtmlCacheBehavior [ RunTime:0.001361s ]
INFO: [ app_begin ] --END-- [ RunTime:0.001612s ]
INFO: [ view_parse ] --START--
INFO: [ template_filter ] --START--
INFO: Run Behavior\ContentReplaceBehavior [ RunTime:0.000124s ]
INFO: [ template_filter ] --END-- [ RunTime:0.000482s ]
NOTIC: [8] Undefined variable: shop_url D:\appserv\www\shop\ecshop\Application\Runtime\Cache\Admin\b595b808c2ebeeeb0478ffc30bb4e87a.php 第 16 行.
INFO: Run Behavior\ParseTemplateBehavior [ RunTime:0.013151s ]
INFO: [ view_parse ] --END-- [ RunTime:0.013369s ]
INFO: [ view_filter ] --START--
INFO: Run Behavior\WriteHtmlCacheBehavior [ RunTime:0.001080s ]
INFO: [ view_filter ] --END-- [ RunTime:0.001320s ]
INFO: [ app_end ] --START--
INFO: Run Behavior\ShowPageTraceBehavior [ RunTime:0.000992s ]
INFO: [ app_end ] --END-- [ RunTime:0.001199s ]

[ 2016-12-27T11:29:47+08:00 ] ::1 /shop/ecshop/index.php/Admin/Index/top1
INFO: [ app_init ] --START--
INFO: Run Behavior\BuildLiteBehavior [ RunTime:0.000079s ]
INFO: [ app_init ] --END-- [ RunTime:0.001162s ]
INFO: [ app_begin ] --START--
INFO: Run Behavior\ReadHtmlCacheBehavior [ RunTime:0.001343s ]
INFO: [ app_begin ] --END-- [ RunTime:0.001720s ]
INFO: [ view_parse ] --START--
INFO: [ template_filter ] --START--
INFO: Run Behavior\ContentReplaceBehavior [ RunTime:0.000190s ]
INFO: [ template_filter ] --END-- [ RunTime:0.000589s ]
INFO: Run Behavior\ParseTemplateBehavior [ RunTime:0.016453s ]
INFO: [ view_parse ] --END-- [ RunTime:0.016850s ]
INFO: [ view_filter ] --START--
INFO: Run Behavior\WriteHtmlCacheBehavior [ RunTime:0.009605s ]
INFO: [ view_filter ] --END-- [ RunTime:0.010116s ]
INFO: [ app_end ] --START--
INFO: Run Behavior\ShowPageTraceBehavior [ RunTime:0.002291s ]
INFO: [ app_end ] --END-- [ RunTime:0.010044s ]

[ 2016-12-27T11:29:47+08:00 ] ::1 /shop/ecshop/index.php/Admin/Index/main
INFO: [ app_init ] --START--
INFO: Run Behavior\BuildLiteBehavior [ RunTime:0.000168s ]
INFO: [ app_init ] --END-- [ RunTime:0.011171s ]
INFO: [ app_begin ] --START--
INFO: Run Behavior\ReadHtmlCacheBehavior [ RunTime:0.001601s ]
INFO: [ app_begin ] --END-- [ RunTime:0.002019s ]
INFO: [ view_parse ] --START--
INFO: [ template_filter ] --START--
INFO: Run Behavior\ContentReplaceBehavior [ RunTime:0.000194s ]
INFO: [ template_filter ] --END-- [ RunTime:0.000580s ]
INFO: Run Behavior\ParseTemplateBehavior [ RunTime:0.023183s ]
INFO: [ view_parse ] --END-- [ RunTime:0.023868s ]
INFO: [ view_filter ] --START--
INFO: Run Behavior\WriteHtmlCacheBehavior [ RunTime:0.000931s ]
INFO: [ view_filter ] --END-- [ RunTime:0.001308s ]
INFO: [ app_end ] --START--
INFO: Run Behavior\ShowPageTraceBehavior [ RunTime:0.003172s ]
INFO: [ app_end ] --END-- [ RunTime:0.003667s ]

[ 2016-12-27T11:29:47+08:00 ] ::1 /shop/ecshop/index.php/Admin/Index/menu1
INFO: [ app_init ] --START--
INFO: Run Behavior\BuildLiteBehavior [ RunTime:0.000067s ]
INFO: [ app_init ] --END-- [ RunTime:0.001184s ]
INFO: [ app_begin ] --START--
INFO: Run Behavior\ReadHtmlCacheBehavior [ RunTime:0.003572s ]
INFO: [ app_begin ] --END-- [ RunTime:0.003966s ]
NOTIC: [8192] mysql_connect(): The mysql extension is deprecated and will be removed in the future: use mysqli or PDO instead D:\appserv\www\shop\ecshop\ThinkPHP\Library\Think\Db\Driver\Mysql.class.php 第 52 行.
SQL: SHOW COLUMNS FROM `cz_role` [ RunTime:0.003112s ]
NOTIC: [8] Undefined index: GoodsType D:\appserv\www\shop\ecshop\ThinkPHP\Library\Think\Db\Driver\Mysql.class.php 第 213 行.
NOTIC: [8] Undefined index: GoodsType D:\appserv\www\shop\ecshop\ThinkPHP\Library\Think\Db\Driver\Mysql.class.php 第 213 行.
SQL: SELECT * FROM `cz_role` WHERE `role_id` = '1' LIMIT 1   [ RunTime:0.000770s ]
NOTIC: [8] Undefined index: role_auth_ids D:\appserv\www\shop\ecshop\Application\Admin\Controller\IndexController.class.php 第 23 行.
INFO: [ view_parse ] --START--
INFO: [ template_filter ] --START--
INFO: Run Behavior\ContentReplaceBehavior [ RunTime:0.000280s ]
INFO: [ template_filter ] --END-- [ RunTime:0.000704s ]
INFO: Run Behavior\ParseTemplateBehavior [ RunTime:0.023621s ]
INFO: [ view_parse ] --END-- [ RunTime:0.024399s ]
INFO: [ view_filter ] --START--
INFO: Run Behavior\WriteHtmlCacheBehavior [ RunTime:0.001460s ]
INFO: [ view_filter ] --END-- [ RunTime:0.001892s ]
INFO: [ app_end ] --START--
INFO: Run Behavior\ShowPageTraceBehavior [ RunTime:0.001984s ]
INFO: [ app_end ] --END-- [ RunTime:0.002386s ]

[ 2016-12-27T11:29:47+08:00 ] ::1 /shop/ecshop/index.php/Admin/Index/drag1
INFO: [ app_init ] --START--
INFO: Run Behavior\BuildLiteBehavior [ RunTime:0.000077s ]
INFO: [ app_init ] --END-- [ RunTime:0.001321s ]
INFO: [ app_begin ] --START--
INFO: Run Behavior\ReadHtmlCacheBehavior [ RunTime:0.002846s ]
INFO: [ app_begin ] --END-- [ RunTime:0.003378s ]
INFO: [ view_parse ] --START--
INFO: [ template_filter ] --START--
INFO: Run Behavior\ContentReplaceBehavior [ RunTime:0.000215s ]
INFO: [ template_filter ] --END-- [ RunTime:0.000606s ]
INFO: Run Behavior\ParseTemplateBehavior [ RunTime:0.017957s ]
INFO: [ view_parse ] --END-- [ RunTime:0.018408s ]
INFO: [ view_filter ] --START--
INFO: Run Behavior\WriteHtmlCacheBehavior [ RunTime:0.001391s ]
INFO: [ view_filter ] --END-- [ RunTime:0.001873s ]
INFO: [ app_end ] --START--
INFO: Run Behavior\ShowPageTraceBehavior [ RunTime:0.001673s ]
INFO: [ app_end ] --END-- [ RunTime:0.002024s ]

[ 2016-12-27T11:29:49+08:00 ] ::1 /shop/ecshop/index.php/Admin/Auth/authIndex
INFO: [ app_init ] --START--
INFO: Run Behavior\BuildLiteBehavior [ RunTime:0.000080s ]
INFO: [ app_init ] --END-- [ RunTime:0.001253s ]
INFO: [ app_begin ] --START--
INFO: Run Behavior\ReadHtmlCacheBehavior [ RunTime:0.001433s ]
INFO: [ app_begin ] --END-- [ RunTime:0.001693s ]
INFO: [ view_parse ] --START--
INFO: [ template_filter ] --START--
INFO: Run Behavior\ContentReplaceBehavior [ RunTime:0.000251s ]
INFO: [ template_filter ] --END-- [ RunTime:0.000797s ]
NOTIC: [8] Undefined variable: catList D:\appserv\www\shop\ecshop\Application\Runtime\Cache\Admin\039c1c84c1776eaea83d9e4abeb7be2b.php 第 32 行.
INFO: Run Behavior\ParseTemplateBehavior [ RunTime:0.143306s ]
INFO: [ view_parse ] --END-- [ RunTime:0.144085s ]
INFO: [ view_filter ] --START--
INFO: Run Behavior\WriteHtmlCacheBehavior [ RunTime:0.003273s ]
INFO: [ view_filter ] --END-- [ RunTime:0.004112s ]
INFO: [ app_end ] --START--
INFO: Run Behavior\ShowPageTraceBehavior [ RunTime:0.003793s ]
INFO: [ app_end ] --END-- [ RunTime:0.004636s ]

[ 2016-12-27T11:33:11+08:00 ] ::1 /shop/ecshop/index.php/Admin/Brand/brandIndex
INFO: [ app_init ] --START--
INFO: Run Behavior\BuildLiteBehavior [ RunTime:0.000069s ]
INFO: [ app_init ] --END-- [ RunTime:0.000997s ]
INFO: [ app_begin ] --START--
INFO: Run Behavior\ReadHtmlCacheBehavior [ RunTime:0.001610s ]
INFO: [ app_begin ] --END-- [ RunTime:0.001850s ]
NOTIC: [8192] mysql_connect(): The mysql extension is deprecated and will be removed in the future: use mysqli or PDO instead D:\appserv\www\shop\ecshop\ThinkPHP\Library\Think\Db\Driver\Mysql.class.php 第 52 行.
SQL: SHOW COLUMNS FROM `cz_brand` [ RunTime:0.001195s ]
NOTIC: [8] Undefined index: GoodsType D:\appserv\www\shop\ecshop\ThinkPHP\Library\Think\Db\Driver\Mysql.class.php 第 213 行.
NOTIC: [8] Undefined index: GoodsType D:\appserv\www\shop\ecshop\ThinkPHP\Library\Think\Db\Driver\Mysql.class.php 第 213 行.
NOTIC: [8] Undefined index: GoodsType D:\appserv\www\shop\ecshop\ThinkPHP\Library\Think\Db\Driver\Mysql.class.php 第 213 行.
NOTIC: [8] Undefined index: GoodsType D:\appserv\www\shop\ecshop\ThinkPHP\Library\Think\Db\Driver\Mysql.class.php 第 213 行.
NOTIC: [8] Undefined index: GoodsType D:\appserv\www\shop\ecshop\ThinkPHP\Library\Think\Db\Driver\Mysql.class.php 第 213 行.
NOTIC: [8] Undefined index: GoodsType D:\appserv\www\shop\ecshop\ThinkPHP\Library\Think\Db\Driver\Mysql.class.php 第 213 行.
NOTIC: [8] Undefined index: GoodsType D:\appserv\www\shop\ecshop\ThinkPHP\Library\Think\Db\Driver\Mysql.class.php 第 213 行.
SQL: SELECT COUNT(*) AS tp_count FROM `cz_brand` WHERE `brand_name` LIKE '%%' LIMIT 1   [ RunTime:0.000549s ]
SQL: SELECT * FROM `cz_brand` WHERE `brand_name` LIKE '%%' ORDER BY sort_order asc LIMIT 0,3   [ RunTime:0.000476s ]
INFO: [ view_parse ] --START--
INFO: [ template_filter ] --START--
INFO: Run Behavior\ContentReplaceBehavior [ RunTime:0.000120s ]
INFO: [ template_filter ] --END-- [ RunTime:0.000355s ]
NOTIC: [8] Undefined index: brand_logo D:\appserv\www\shop\ecshop\Application\Runtime\Cache\Admin\9565800db338b186b90e85da70dcb484.php 第 45 行.
NOTIC: [8] Undefined index: brand_logo D:\appserv\www\shop\ecshop\Application\Runtime\Cache\Admin\9565800db338b186b90e85da70dcb484.php 第 45 行.
NOTIC: [8] Undefined index: brand_logo D:\appserv\www\shop\ecshop\Application\Runtime\Cache\Admin\9565800db338b186b90e85da70dcb484.php 第 45 行.
INFO: Run Behavior\ParseTemplateBehavior [ RunTime:0.017958s ]
INFO: [ view_parse ] --END-- [ RunTime:0.018163s ]
INFO: [ view_filter ] --START--
INFO: Run Behavior\WriteHtmlCacheBehavior [ RunTime:0.000896s ]
INFO: [ view_filter ] --END-- [ RunTime:0.001091s ]
INFO: [ app_end ] --START--
INFO: Run Behavior\ShowPageTraceBehavior [ RunTime:0.001181s ]
INFO: [ app_end ] --END-- [ RunTime:0.001382s ]

[ 2016-12-27T11:33:15+08:00 ] ::1 /shop/ecshop/index.php/Admin/GoodsType/typeIndex
INFO: [ app_init ] --START--
INFO: Run Behavior\BuildLiteBehavior [ RunTime:0.000043s ]
INFO: [ app_init ] --END-- [ RunTime:0.000777s ]
INFO: [ app_begin ] --START--
INFO: Run Behavior\ReadHtmlCacheBehavior [ RunTime:0.001195s ]
INFO: [ app_begin ] --END-- [ RunTime:0.001408s ]
NOTIC: [8192] mysql_connect(): The mysql extension is deprecated and will be removed in the future: use mysqli or PDO instead D:\appserv\www\shop\ecshop\ThinkPHP\Library\Think\Db\Driver\Mysql.class.php 第 52 行.
SQL: SHOW COLUMNS FROM `cz_goods_type` [ RunTime:0.000979s ]
NOTIC: [8] Undefined index: GoodsType D:\appserv\www\shop\ecshop\ThinkPHP\Library\Think\Db\Driver\Mysql.class.php 第 213 行.
NOTIC: [8] Undefined index: GoodsType D:\appserv\www\shop\ecshop\ThinkPHP\Library\Think\Db\Driver\Mysql.class.php 第 213 行.
SQL: SELECT COUNT(*) AS tp_count FROM `cz_goods_type` LIMIT 1   [ RunTime:0.000328s ]
SQL: SELECT * FROM `cz_goods_type` LIMIT 0,5   [ RunTime:0.000430s ]
INFO: [ view_parse ] --START--
INFO: [ template_filter ] --START--
INFO: Run Behavior\ContentReplaceBehavior [ RunTime:0.000111s ]
INFO: [ template_filter ] --END-- [ RunTime:0.000329s ]
INFO: Run Behavior\ParseTemplateBehavior [ RunTime:0.015109s ]
INFO: [ view_parse ] --END-- [ RunTime:0.015330s ]
INFO: [ view_filter ] --START--
INFO: Run Behavior\WriteHtmlCacheBehavior [ RunTime:0.000840s ]
INFO: [ view_filter ] --END-- [ RunTime:0.001040s ]
INFO: [ app_end ] --START--
INFO: Run Behavior\ShowPageTraceBehavior [ RunTime:0.001075s ]
INFO: [ app_end ] --END-- [ RunTime:0.001266s ]

[ 2016-12-27T11:39:54+08:00 ] ::1 /shop/ecshop/index.php/Admin/Index/index.html
INFO: [ app_init ] --START--
INFO: Run Behavior\BuildLiteBehavior [ RunTime:0.000084s ]
INFO: [ app_init ] --END-- [ RunTime:0.001674s ]
INFO: [ app_begin ] --START--
INFO: Run Behavior\ReadHtmlCacheBehavior [ RunTime:0.001900s ]
INFO: [ app_begin ] --END-- [ RunTime:0.002349s ]
INFO: [ view_parse ] --START--
INFO: [ template_filter ] --START--
INFO: Run Behavior\ContentReplaceBehavior [ RunTime:0.000693s ]
INFO: [ template_filter ] --END-- [ RunTime:0.001786s ]
NOTIC: [8] Undefined variable: shop_url D:\appserv\www\shop\ecshop\Application\Runtime\Cache\Admin\b595b808c2ebeeeb0478ffc30bb4e87a.php 第 16 行.
INFO: Run Behavior\ParseTemplateBehavior [ RunTime:0.021120s ]
INFO: [ view_parse ] --END-- [ RunTime:0.021572s ]
INFO: [ view_filter ] --START--
INFO: Run Behavior\WriteHtmlCacheBehavior [ RunTime:0.001382s ]
INFO: [ view_filter ] --END-- [ RunTime:0.001959s ]
INFO: [ app_end ] --START--
INFO: Run Behavior\ShowPageTraceBehavior [ RunTime:0.002572s ]
INFO: [ app_end ] --END-- [ RunTime:0.003132s ]

[ 2016-12-27T11:39:54+08:00 ] ::1 /shop/ecshop/index.php/Admin/Index/top1
INFO: [ app_init ] --START--
INFO: Run Behavior\BuildLiteBehavior [ RunTime:0.000064s ]
INFO: [ app_init ] --END-- [ RunTime:0.002758s ]
INFO: [ app_begin ] --START--
INFO: Run Behavior\ReadHtmlCacheBehavior [ RunTime:0.001415s ]
INFO: [ app_begin ] --END-- [ RunTime:0.001849s ]
INFO: [ view_parse ] --START--
INFO: [ template_filter ] --START--
INFO: Run Behavior\ContentReplaceBehavior [ RunTime:0.000212s ]
INFO: [ template_filter ] --END-- [ RunTime:0.000607s ]
INFO: Run Behavior\ParseTemplateBehavior [ RunTime:0.015294s ]
INFO: [ view_parse ] --END-- [ RunTime:0.015706s ]
INFO: [ view_filter ] --START--
INFO: Run Behavior\WriteHtmlCacheBehavior [ RunTime:0.000652s ]
INFO: [ view_filter ] --END-- [ RunTime:0.001038s ]
INFO: [ app_end ] --START--
INFO: Run Behavior\ShowPageTraceBehavior [ RunTime:0.001274s ]
INFO: [ app_end ] --END-- [ RunTime:0.001670s ]

[ 2016-12-27T11:39:54+08:00 ] ::1 /shop/ecshop/index.php/Admin/Index/main
INFO: [ app_init ] --START--
INFO: Run Behavior\BuildLiteBehavior [ RunTime:0.000075s ]
INFO: [ app_init ] --END-- [ RunTime:0.001174s ]
INFO: [ app_begin ] --START--
INFO: Run Behavior\ReadHtmlCacheBehavior [ RunTime:0.001664s ]
INFO: [ app_begin ] --END-- [ RunTime:0.002087s ]
INFO: [ view_parse ] --START--
INFO: [ template_filter ] --START--
INFO: Run Behavior\ContentReplaceBehavior [ RunTime:0.000174s ]
INFO: [ template_filter ] --END-- [ RunTime:0.000566s ]
INFO: Run Behavior\ParseTemplateBehavior [ RunTime:0.017253s ]
INFO: [ view_parse ] --END-- [ RunTime:0.017677s ]
INFO: [ view_filter ] --START--
INFO: Run Behavior\WriteHtmlCacheBehavior [ RunTime:0.001248s ]
INFO: [ view_filter ] --END-- [ RunTime:0.001632s ]
INFO: [ app_end ] --START--
INFO: Run Behavior\ShowPageTraceBehavior [ RunTime:0.002119s ]
INFO: [ app_end ] --END-- [ RunTime:0.002524s ]

[ 2016-12-27T11:39:54+08:00 ] ::1 /shop/ecshop/index.php/Admin/Index/drag1
INFO: [ app_init ] --START--
INFO: Run Behavior\BuildLiteBehavior [ RunTime:0.000070s ]
INFO: [ app_init ] --END-- [ RunTime:0.001166s ]
INFO: [ app_begin ] --START--
INFO: Run Behavior\ReadHtmlCacheBehavior [ RunTime:0.004748s ]
INFO: [ app_begin ] --END-- [ RunTime:0.005892s ]
INFO: [ view_parse ] --START--
INFO: [ template_filter ] --START--
INFO: Run Behavior\ContentReplaceBehavior [ RunTime:0.000179s ]
INFO: [ template_filter ] --END-- [ RunTime:0.000575s ]
INFO: Run Behavior\ParseTemplateBehavior [ RunTime:0.022556s ]
INFO: [ view_parse ] --END-- [ RunTime:0.022957s ]
INFO: [ view_filter ] --START--
INFO: Run Behavior\WriteHtmlCacheBehavior [ RunTime:0.001576s ]
INFO: [ view_filter ] --END-- [ RunTime:0.001957s ]
INFO: [ app_end ] --START--
INFO: Run Behavior\ShowPageTraceBehavior [ RunTime:0.001429s ]
INFO: [ app_end ] --END-- [ RunTime:0.001842s ]

[ 2016-12-27T11:39:54+08:00 ] ::1 /shop/ecshop/index.php/Admin/Index/menu1
INFO: [ app_init ] --START--
INFO: Run Behavior\BuildLiteBehavior [ RunTime:0.000151s ]
INFO: [ app_init ] --END-- [ RunTime:0.014883s ]
INFO: [ app_begin ] --START--
INFO: Run Behavior\ReadHtmlCacheBehavior [ RunTime:0.001430s ]
INFO: [ app_begin ] --END-- [ RunTime:0.001913s ]
NOTIC: [8192] mysql_connect(): The mysql extension is deprecated and will be removed in the future: use mysqli or PDO instead D:\appserv\www\shop\ecshop\ThinkPHP\Library\Think\Db\Driver\Mysql.class.php 第 52 行.
SQL: SHOW COLUMNS FROM `cz_role` [ RunTime:0.001607s ]
NOTIC: [8] Undefined index: GoodsType D:\appserv\www\shop\ecshop\ThinkPHP\Library\Think\Db\Driver\Mysql.class.php 第 213 行.
NOTIC: [8] Undefined index: GoodsType D:\appserv\www\shop\ecshop\ThinkPHP\Library\Think\Db\Driver\Mysql.class.php 第 213 行.
SQL: SELECT * FROM `cz_role` WHERE `role_id` = '1' LIMIT 1   [ RunTime:0.000549s ]
NOTIC: [8] Undefined index: role_auth_ids D:\appserv\www\shop\ecshop\Application\Admin\Controller\IndexController.class.php 第 23 行.
INFO: [ view_parse ] --START--
INFO: [ template_filter ] --START--
INFO: Run Behavior\ContentReplaceBehavior [ RunTime:0.000155s ]
INFO: [ template_filter ] --END-- [ RunTime:0.000369s ]
INFO: Run Behavior\ParseTemplateBehavior [ RunTime:0.016916s ]
INFO: [ view_parse ] --END-- [ RunTime:0.017266s ]
INFO: [ view_filter ] --START--
INFO: Run Behavior\WriteHtmlCacheBehavior [ RunTime:0.000637s ]
INFO: [ view_filter ] --END-- [ RunTime:0.000836s ]
INFO: [ app_end ] --START--
INFO: Run Behavior\ShowPageTraceBehavior [ RunTime:0.002514s ]
INFO: [ app_end ] --END-- [ RunTime:0.003003s ]

[ 2016-12-27T11:39:55+08:00 ] ::1 /shop/ecshop/index.php/Admin/Auth/authIndex
INFO: [ app_init ] --START--
INFO: Run Behavior\BuildLiteBehavior [ RunTime:0.000043s ]
INFO: [ app_init ] --END-- [ RunTime:0.000817s ]
INFO: [ app_begin ] --START--
INFO: Run Behavior\ReadHtmlCacheBehavior [ RunTime:0.000750s ]
INFO: [ app_begin ] --END-- [ RunTime:0.000989s ]
INFO: [ view_parse ] --START--
INFO: [ template_filter ] --START--
INFO: Run Behavior\ContentReplaceBehavior [ RunTime:0.000177s ]
INFO: [ template_filter ] --END-- [ RunTime:0.000390s ]
NOTIC: [8] Undefined variable: catList D:\appserv\www\shop\ecshop\Application\Runtime\Cache\Admin\039c1c84c1776eaea83d9e4abeb7be2b.php 第 32 行.
INFO: Run Behavior\ParseTemplateBehavior [ RunTime:0.015598s ]
INFO: [ view_parse ] --END-- [ RunTime:0.015826s ]
INFO: [ view_filter ] --START--
INFO: Run Behavior\WriteHtmlCacheBehavior [ RunTime:0.000775s ]
INFO: [ view_filter ] --END-- [ RunTime:0.001015s ]
INFO: [ app_end ] --START--
INFO: Run Behavior\ShowPageTraceBehavior [ RunTime:0.001013s ]
INFO: [ app_end ] --END-- [ RunTime:0.001236s ]

[ 2016-12-27T11:39:57+08:00 ] ::1 /shop/ecshop/index.php/Admin/Role/roleIndex
INFO: [ app_init ] --START--
INFO: Run Behavior\BuildLiteBehavior [ RunTime:0.000044s ]
INFO: [ app_init ] --END-- [ RunTime:0.000924s ]
INFO: [ app_begin ] --START--
INFO: Run Behavior\ReadHtmlCacheBehavior [ RunTime:0.000767s ]
INFO: [ app_begin ] --END-- [ RunTime:0.000972s ]
INFO: [ view_parse ] --START--
INFO: [ template_filter ] --START--
INFO: Run Behavior\ContentReplaceBehavior [ RunTime:0.000108s ]
INFO: [ template_filter ] --END-- [ RunTime:0.000361s ]
NOTIC: [8] Undefined variable: typeList D:\appserv\www\shop\ecshop\Application\Runtime\Cache\Admin\2be2af8da10cd0bff847046c8b97ddd4.php 第 30 行.
NOTIC: [8] Undefined variable: page D:\appserv\www\shop\ecshop\Application\Runtime\Cache\Admin\2be2af8da10cd0bff847046c8b97ddd4.php 第 45 行.
INFO: Run Behavior\ParseTemplateBehavior [ RunTime:0.014633s ]
INFO: [ view_parse ] --END-- [ RunTime:0.014899s ]
INFO: [ view_filter ] --START--
INFO: Run Behavior\WriteHtmlCacheBehavior [ RunTime:0.000603s ]
INFO: [ view_filter ] --END-- [ RunTime:0.000795s ]
INFO: [ app_end ] --START--
INFO: Run Behavior\ShowPageTraceBehavior [ RunTime:0.000965s ]
INFO: [ app_end ] --END-- [ RunTime:0.001160s ]

[ 2016-12-27T11:39:58+08:00 ] ::1 /shop/ecshop/index.php/Admin/Admin/adminIndex
INFO: [ app_init ] --START--
INFO: Run Behavior\BuildLiteBehavior [ RunTime:0.000044s ]
INFO: [ app_init ] --END-- [ RunTime:0.000814s ]
INFO: [ app_begin ] --START--
INFO: Run Behavior\ReadHtmlCacheBehavior [ RunTime:0.000828s ]
INFO: [ app_begin ] --END-- [ RunTime:0.001046s ]
ERR: 无法加载控制器:Admin

[ 2016-12-27T11:42:15+08:00 ] ::1 /shop/ecshop/index.php/Admin/Index/index.html
INFO: [ app_init ] --START--
INFO: Run Behavior\BuildLiteBehavior [ RunTime:0.000042s ]
INFO: [ app_init ] --END-- [ RunTime:0.000846s ]
INFO: [ app_begin ] --START--
INFO: Run Behavior\ReadHtmlCacheBehavior [ RunTime:0.000914s ]
INFO: [ app_begin ] --END-- [ RunTime:0.001135s ]
INFO: [ view_parse ] --START--
INFO: [ template_filter ] --START--
INFO: Run Behavior\ContentReplaceBehavior [ RunTime:0.000097s ]
INFO: [ template_filter ] --END-- [ RunTime:0.000308s ]
NOTIC: [8] Undefined variable: shop_url D:\appserv\www\shop\ecshop\Application\Runtime\Cache\Admin\b595b808c2ebeeeb0478ffc30bb4e87a.php 第 16 行.
INFO: Run Behavior\ParseTemplateBehavior [ RunTime:0.009905s ]
INFO: [ view_parse ] --END-- [ RunTime:0.010206s ]
INFO: [ view_filter ] --START--
INFO: Run Behavior\WriteHtmlCacheBehavior [ RunTime:0.000898s ]
INFO: [ view_filter ] --END-- [ RunTime:0.001140s ]
INFO: [ app_end ] --START--
INFO: Run Behavior\ShowPageTraceBehavior [ RunTime:0.001056s ]
INFO: [ app_end ] --END-- [ RunTime:0.001264s ]

[ 2016-12-27T11:42:15+08:00 ] ::1 /shop/ecshop/index.php/Admin/Index/top1
INFO: [ app_init ] --START--
INFO: Run Behavior\BuildLiteBehavior [ RunTime:0.000077s ]
INFO: [ app_init ] --END-- [ RunTime:0.001379s ]
INFO: [ app_begin ] --START--
INFO: Run Behavior\ReadHtmlCacheBehavior [ RunTime:0.001023s ]
INFO: [ app_begin ] --END-- [ RunTime:0.001379s ]
INFO: [ view_parse ] --START--
INFO: [ template_filter ] --START--
INFO: Run Behavior\ContentReplaceBehavior [ RunTime:0.000447s ]
INFO: [ template_filter ] --END-- [ RunTime:0.001573s ]
INFO: Run Behavior\ParseTemplateBehavior [ RunTime:0.022487s ]
INFO: [ view_parse ] --END-- [ RunTime:0.022935s ]
INFO: [ view_filter ] --START--
INFO: Run Behavior\WriteHtmlCacheBehavior [ RunTime:0.002062s ]
INFO: [ view_filter ] --END-- [ RunTime:0.002486s ]
INFO: [ app_end ] --START--
INFO: Run Behavior\ShowPageTraceBehavior [ RunTime:0.001439s ]
INFO: [ app_end ] --END-- [ RunTime:0.001825s ]

[ 2016-12-27T11:42:15+08:00 ] ::1 /shop/ecshop/index.php/Admin/Index/main
INFO: [ app_init ] --START--
INFO: Run Behavior\BuildLiteBehavior [ RunTime:0.000111s ]
INFO: [ app_init ] --END-- [ RunTime:0.012017s ]
INFO: [ app_begin ] --START--
INFO: Run Behavior\ReadHtmlCacheBehavior [ RunTime:0.004439s ]
INFO: [ app_begin ] --END-- [ RunTime:0.004883s ]
INFO: [ view_parse ] --START--
INFO: [ template_filter ] --START--
INFO: Run Behavior\ContentReplaceBehavior [ RunTime:0.000195s ]
INFO: [ template_filter ] --END-- [ RunTime:0.000482s ]
INFO: Run Behavior\ParseTemplateBehavior [ RunTime:0.014897s ]
INFO: [ view_parse ] --END-- [ RunTime:0.015320s ]
INFO: [ view_filter ] --START--
INFO: Run Behavior\WriteHtmlCacheBehavior [ RunTime:0.001383s ]
INFO: [ view_filter ] --END-- [ RunTime:0.002391s ]
INFO: [ app_end ] --START--
INFO: Run Behavior\ShowPageTraceBehavior [ RunTime:0.001531s ]
INFO: [ app_end ] --END-- [ RunTime:0.001875s ]

[ 2016-12-27T11:42:16+08:00 ] ::1 /shop/ecshop/index.php/Admin/Index/drag1
INFO: [ app_init ] --START--
INFO: Run Behavior\BuildLiteBehavior [ RunTime:0.000080s ]
INFO: [ app_init ] --END-- [ RunTime:0.003382s ]
INFO: [ app_begin ] --START--
INFO: Run Behavior\ReadHtmlCacheBehavior [ RunTime:0.001797s ]
INFO: [ app_begin ] --END-- [ RunTime:0.002203s ]
INFO: [ view_parse ] --START--
INFO: [ template_filter ] --START--
INFO: Run Behavior\ContentReplaceBehavior [ RunTime:0.000354s ]
INFO: [ template_filter ] --END-- [ RunTime:0.000983s ]
INFO: Run Behavior\ParseTemplateBehavior [ RunTime:0.024902s ]
INFO: [ view_parse ] --END-- [ RunTime:0.025187s ]
INFO: [ view_filter ] --START--
INFO: Run Behavior\WriteHtmlCacheBehavior [ RunTime:0.001119s ]
INFO: [ view_filter ] --END-- [ RunTime:0.001425s ]
INFO: [ app_end ] --START--
INFO: Run Behavior\ShowPageTraceBehavior [ RunTime:0.001402s ]
INFO: [ app_end ] --END-- [ RunTime:0.001816s ]

[ 2016-12-27T11:42:16+08:00 ] ::1 /shop/ecshop/index.php/Admin/Index/menu1
INFO: [ app_init ] --START--
INFO: Run Behavior\BuildLiteBehavior [ RunTime:0.000133s ]
INFO: [ app_init ] --END-- [ RunTime:0.003092s ]
INFO: [ app_begin ] --START--
INFO: Run Behavior\ReadHtmlCacheBehavior [ RunTime:0.003396s ]
INFO: [ app_begin ] --END-- [ RunTime:0.003868s ]
NOTIC: [8192] mysql_connect(): The mysql extension is deprecated and will be removed in the future: use mysqli or PDO instead D:\appserv\www\shop\ecshop\ThinkPHP\Library\Think\Db\Driver\Mysql.class.php 第 52 行.
SQL: SHOW COLUMNS FROM `cz_role` [ RunTime:0.003019s ]
NOTIC: [8] Undefined index: GoodsType D:\appserv\www\shop\ecshop\ThinkPHP\Library\Think\Db\Driver\Mysql.class.php 第 213 行.
NOTIC: [8] Undefined index: GoodsType D:\appserv\www\shop\ecshop\ThinkPHP\Library\Think\Db\Driver\Mysql.class.php 第 213 行.
SQL: SELECT * FROM `cz_role` WHERE `role_id` = '1' LIMIT 1   [ RunTime:0.000587s ]
NOTIC: [8] Undefined index: role_auth_ids D:\appserv\www\shop\ecshop\Application\Admin\Controller\IndexController.class.php 第 23 行.
INFO: [ view_parse ] --START--
INFO: [ template_filter ] --START--
INFO: Run Behavior\ContentReplaceBehavior [ RunTime:0.000282s ]
INFO: [ template_filter ] --END-- [ RunTime:0.000724s ]
INFO: Run Behavior\ParseTemplateBehavior [ RunTime:0.021578s ]
INFO: [ view_parse ] --END-- [ RunTime:0.021984s ]
INFO: [ view_filter ] --START--
INFO: Run Behavior\WriteHtmlCacheBehavior [ RunTime:0.001210s ]
INFO: [ view_filter ] --END-- [ RunTime:0.001577s ]
INFO: [ app_end ] --START--
INFO: Run Behavior\ShowPageTraceBehavior [ RunTime:0.001658s ]
INFO: [ app_end ] --END-- [ RunTime:0.002100s ]

[ 2016-12-27T11:42:16+08:00 ] ::1 /shop/ecshop/index.php/Admin/Admin/adminIndex
INFO: [ app_init ] --START--
INFO: Run Behavior\BuildLiteBehavior [ RunTime:0.000048s ]
INFO: [ app_init ] --END-- [ RunTime:0.000858s ]
INFO: [ app_begin ] --START--
INFO: Run Behavior\ReadHtmlCacheBehavior [ RunTime:0.001103s ]
INFO: [ app_begin ] --END-- [ RunTime:0.001356s ]
INFO: [ view_parse ] --START--
INFO: [ template_filter ] --START--
INFO: Run Behavior\ContentReplaceBehavior [ RunTime:0.000124s ]
INFO: [ template_filter ] --END-- [ RunTime:0.000389s ]
NOTIC: [8] Undefined variable: typeList D:\appserv\www\shop\ecshop\Application\Runtime\Cache\Admin\69f6ad395f27e19008429332d874b757.php 第 30 行.
NOTIC: [8] Undefined variable: page D:\appserv\www\shop\ecshop\Application\Runtime\Cache\Admin\69f6ad395f27e19008429332d874b757.php 第 45 行.
INFO: Run Behavior\ParseTemplateBehavior [ RunTime:0.016656s ]
INFO: [ view_parse ] --END-- [ RunTime:0.016931s ]
INFO: [ view_filter ] --START--
INFO: Run Behavior\WriteHtmlCacheBehavior [ RunTime:0.000859s ]
INFO: [ view_filter ] --END-- [ RunTime:0.001242s ]
INFO: [ app_end ] --START--
INFO: Run Behavior\ShowPageTraceBehavior [ RunTime:0.001077s ]
INFO: [ app_end ] --END-- [ RunTime:0.001311s ]

[ 2016-12-27T11:42:18+08:00 ] ::1 /shop/ecshop/index.php/Admin/Role/roleIndex
INFO: [ app_init ] --START--
INFO: Run Behavior\BuildLiteBehavior [ RunTime:0.000073s ]
INFO: [ app_init ] --END-- [ RunTime:0.001036s ]
INFO: [ app_begin ] --START--
INFO: Run Behavior\ReadHtmlCacheBehavior [ RunTime:0.001328s ]
INFO: [ app_begin ] --END-- [ RunTime:0.001694s ]
INFO: [ view_parse ] --START--
INFO: [ template_filter ] --START--
INFO: Run Behavior\ContentReplaceBehavior [ RunTime:0.000125s ]
INFO: [ template_filter ] --END-- [ RunTime:0.000384s ]
NOTIC: [8] Undefined variable: typeList D:\appserv\www\shop\ecshop\Application\Runtime\Cache\Admin\2be2af8da10cd0bff847046c8b97ddd4.php 第 30 行.
NOTIC: [8] Undefined variable: page D:\appserv\www\shop\ecshop\Application\Runtime\Cache\Admin\2be2af8da10cd0bff847046c8b97ddd4.php 第 45 行.
INFO: Run Behavior\ParseTemplateBehavior [ RunTime:0.016718s ]
INFO: [ view_parse ] --END-- [ RunTime:0.016985s ]
INFO: [ view_filter ] --START--
INFO: Run Behavior\WriteHtmlCacheBehavior [ RunTime:0.000852s ]
INFO: [ view_filter ] --END-- [ RunTime:0.001083s ]
INFO: [ app_end ] --START--
INFO: Run Behavior\ShowPageTraceBehavior [ RunTime:0.001352s ]
INFO: [ app_end ] --END-- [ RunTime:0.001672s ]

[ 2016-12-27T11:42:19+08:00 ] ::1 /shop/ecshop/index.php/Admin/Auth/authIndex
INFO: [ app_init ] --START--
INFO: Run Behavior\BuildLiteBehavior [ RunTime:0.000043s ]
INFO: [ app_init ] --END-- [ RunTime:0.000812s ]
INFO: [ app_begin ] --START--
INFO: Run Behavior\ReadHtmlCacheBehavior [ RunTime:0.000953s ]
INFO: [ app_begin ] --END-- [ RunTime:0.001173s ]
INFO: [ view_parse ] --START--
INFO: [ template_filter ] --START--
INFO: Run Behavior\ContentReplaceBehavior [ RunTime:0.000120s ]
INFO: [ template_filter ] --END-- [ RunTime:0.000327s ]
NOTIC: [8] Undefined variable: catList D:\appserv\www\shop\ecshop\Application\Runtime\Cache\Admin\039c1c84c1776eaea83d9e4abeb7be2b.php 第 32 行.
INFO: Run Behavior\ParseTemplateBehavior [ RunTime:0.015855s ]
INFO: [ view_parse ] --END-- [ RunTime:0.016093s ]
INFO: [ view_filter ] --START--
INFO: Run Behavior\WriteHtmlCacheBehavior [ RunTime:0.000792s ]
INFO: [ view_filter ] --END-- [ RunTime:0.000999s ]
INFO: [ app_end ] --START--
INFO: Run Behavior\ShowPageTraceBehavior [ RunTime:0.001008s ]
INFO: [ app_end ] --END-- [ RunTime:0.001278s ]

[ 2016-12-27T11:42:21+08:00 ] ::1 /shop/ecshop/index.php/Admin/Auth/authIndex
INFO: [ app_init ] --START--
INFO: Run Behavior\BuildLiteBehavior [ RunTime:0.000043s ]
INFO: [ app_init ] --END-- [ RunTime:0.000819s ]
INFO: [ app_begin ] --START--
INFO: Run Behavior\ReadHtmlCacheBehavior [ RunTime:0.001068s ]
INFO: [ app_begin ] --END-- [ RunTime:0.001283s ]
INFO: [ view_parse ] --START--
INFO: [ template_filter ] --START--
INFO: Run Behavior\ContentReplaceBehavior [ RunTime:0.000120s ]
INFO: [ template_filter ] --END-- [ RunTime:0.000340s ]
NOTIC: [8] Undefined variable: catList D:\appserv\www\shop\ecshop\Application\Runtime\Cache\Admin\039c1c84c1776eaea83d9e4abeb7be2b.php 第 32 行.
INFO: Run Behavior\ParseTemplateBehavior [ RunTime:0.016538s ]
INFO: [ view_parse ] --END-- [ RunTime:0.016789s ]
INFO: [ view_filter ] --START--
INFO: Run Behavior\WriteHtmlCacheBehavior [ RunTime:0.000615s ]
INFO: [ view_filter ] --END-- [ RunTime:0.000812s ]
INFO: [ app_end ] --START--
INFO: Run Behavior\ShowPageTraceBehavior [ RunTime:0.001077s ]
INFO: [ app_end ] --END-- [ RunTime:0.001286s ]

[ 2016-12-27T11:45:22+08:00 ] ::1 /shop/ecshop/index.php/Admin/Brand/brandIndex
INFO: [ app_init ] --START--
INFO: Run Behavior\BuildLiteBehavior [ RunTime:0.000045s ]
INFO: [ app_init ] --END-- [ RunTime:0.000947s ]
INFO: [ app_begin ] --START--
INFO: Run Behavior\ReadHtmlCacheBehavior [ RunTime:0.001072s ]
INFO: [ app_begin ] --END-- [ RunTime:0.001293s ]
NOTIC: [8192] mysql_connect(): The mysql extension is deprecated and will be removed in the future: use mysqli or PDO instead D:\appserv\www\shop\ecshop\ThinkPHP\Library\Think\Db\Driver\Mysql.class.php 第 52 行.
SQL: SHOW COLUMNS FROM `cz_brand` [ RunTime:0.001201s ]
NOTIC: [8] Undefined index: GoodsType D:\appserv\www\shop\ecshop\ThinkPHP\Library\Think\Db\Driver\Mysql.class.php 第 213 行.
NOTIC: [8] Undefined index: GoodsType D:\appserv\www\shop\ecshop\ThinkPHP\Library\Think\Db\Driver\Mysql.class.php 第 213 行.
NOTIC: [8] Undefined index: GoodsType D:\appserv\www\shop\ecshop\ThinkPHP\Library\Think\Db\Driver\Mysql.class.php 第 213 行.
NOTIC: [8] Undefined index: GoodsType D:\appserv\www\shop\ecshop\ThinkPHP\Library\Think\Db\Driver\Mysql.class.php 第 213 行.
NOTIC: [8] Undefined index: GoodsType D:\appserv\www\shop\ecshop\ThinkPHP\Library\Think\Db\Driver\Mysql.class.php 第 213 行.
NOTIC: [8] Undefined index: GoodsType D:\appserv\www\shop\ecshop\ThinkPHP\Library\Think\Db\Driver\Mysql.class.php 第 213 行.
NOTIC: [8] Undefined index: GoodsType D:\appserv\www\shop\ecshop\ThinkPHP\Library\Think\Db\Driver\Mysql.class.php 第 213 行.
SQL: SELECT COUNT(*) AS tp_count FROM `cz_brand` WHERE `brand_name` LIKE '%%' LIMIT 1   [ RunTime:0.000427s ]
SQL: SELECT * FROM `cz_brand` WHERE `brand_name` LIKE '%%' ORDER BY sort_order asc LIMIT 0,3   [ RunTime:0.000489s ]
INFO: [ view_parse ] --START--
INFO: [ template_filter ] --START--
INFO: Run Behavior\ContentReplaceBehavior [ RunTime:0.000117s ]
INFO: [ template_filter ] --END-- [ RunTime:0.000331s ]
NOTIC: [8] Undefined index: brand_logo D:\appserv\www\shop\ecshop\Application\Runtime\Cache\Admin\9565800db338b186b90e85da70dcb484.php 第 45 行.
NOTIC: [8] Undefined index: brand_logo D:\appserv\www\shop\ecshop\Application\Runtime\Cache\Admin\9565800db338b186b90e85da70dcb484.php 第 45 行.
NOTIC: [8] Undefined index: brand_logo D:\appserv\www\shop\ecshop\Application\Runtime\Cache\Admin\9565800db338b186b90e85da70dcb484.php 第 45 行.
INFO: Run Behavior\ParseTemplateBehavior [ RunTime:0.024489s ]
INFO: [ view_parse ] --END-- [ RunTime:0.025460s ]
INFO: [ view_filter ] --START--
INFO: Run Behavior\WriteHtmlCacheBehavior [ RunTime:0.000789s ]
INFO: [ view_filter ] --END-- [ RunTime:0.001068s ]
INFO: [ app_end ] --START--
INFO: Run Behavior\ShowPageTraceBehavior [ RunTime:0.001057s ]
INFO: [ app_end ] --END-- [ RunTime:0.001351s ]

[ 2016-12-27T11:45:24+08:00 ] ::1 /shop/ecshop/index.php/Admin/Auth/authIndex
INFO: [ app_init ] --START--
INFO: Run Behavior\BuildLiteBehavior [ RunTime:0.000043s ]
INFO: [ app_init ] --END-- [ RunTime:0.000842s ]
INFO: [ app_begin ] --START--
INFO: Run Behavior\ReadHtmlCacheBehavior [ RunTime:0.000968s ]
INFO: [ app_begin ] --END-- [ RunTime:0.001173s ]
INFO: [ view_parse ] --START--
INFO: [ template_filter ] --START--
INFO: Run Behavior\ContentReplaceBehavior [ RunTime:0.000118s ]
INFO: [ template_filter ] --END-- [ RunTime:0.000331s ]
NOTIC: [8] Undefined variable: catList D:\appserv\www\shop\ecshop\Application\Runtime\Cache\Admin\039c1c84c1776eaea83d9e4abeb7be2b.php 第 30 行.
INFO: Run Behavior\ParseTemplateBehavior [ RunTime:0.015576s ]
INFO: [ view_parse ] --END-- [ RunTime:0.015846s ]
INFO: [ view_filter ] --START--
INFO: Run Behavior\WriteHtmlCacheBehavior [ RunTime:0.000677s ]
INFO: [ view_filter ] --END-- [ RunTime:0.000886s ]
INFO: [ app_end ] --START--
INFO: Run Behavior\ShowPageTraceBehavior [ RunTime:0.001123s ]
INFO: [ app_end ] --END-- [ RunTime:0.001336s ]

[ 2016-12-27T11:46:34+08:00 ] ::1 /shop/ecshop/index.php/Admin/Auth/authIndex
INFO: [ app_init ] --START--
INFO: Run Behavior\BuildLiteBehavior [ RunTime:0.000045s ]
INFO: [ app_init ] --END-- [ RunTime:0.000938s ]
INFO: [ app_begin ] --START--
INFO: Run Behavior\ReadHtmlCacheBehavior [ RunTime:0.000963s ]
INFO: [ app_begin ] --END-- [ RunTime:0.001178s ]
INFO: [ view_parse ] --START--
INFO: [ template_filter ] --START--
INFO: Run Behavior\ContentReplaceBehavior [ RunTime:0.000120s ]
INFO: [ template_filter ] --END-- [ RunTime:0.000337s ]
NOTIC: [8] Undefined variable: catList D:\appserv\www\shop\ecshop\Application\Runtime\Cache\Admin\039c1c84c1776eaea83d9e4abeb7be2b.php 第 30 行.
INFO: Run Behavior\ParseTemplateBehavior [ RunTime:0.015235s ]
INFO: [ view_parse ] --END-- [ RunTime:0.015500s ]
INFO: [ view_filter ] --START--
INFO: Run Behavior\WriteHtmlCacheBehavior [ RunTime:0.000677s ]
INFO: [ view_filter ] --END-- [ RunTime:0.000885s ]
INFO: [ app_end ] --START--
INFO: Run Behavior\ShowPageTraceBehavior [ RunTime:0.000957s ]
INFO: [ app_end ] --END-- [ RunTime:0.001154s ]

[ 2016-12-27T11:46:35+08:00 ] ::1 /shop/ecshop/index.php/Admin/Auth/authAdd
INFO: [ app_init ] --START--
INFO: Run Behavior\BuildLiteBehavior [ RunTime:0.000043s ]
INFO: [ app_init ] --END-- [ RunTime:0.000806s ]
INFO: [ app_begin ] --START--
INFO: Run Behavior\ReadHtmlCacheBehavior [ RunTime:0.000952s ]
INFO: [ app_begin ] --END-- [ RunTime:0.001157s ]
INFO: [ view_parse ] --START--
INFO: [ template_filter ] --START--
INFO: Run Behavior\ContentReplaceBehavior [ RunTime:0.000106s ]
INFO: [ template_filter ] --END-- [ RunTime:0.000336s ]
NOTIC: [8] Undefined variable: catList D:\appserv\www\shop\ecshop\Application\Runtime\Cache\Admin\a64d1e0b77d0466eaff3634e07cd9cfb.php 第 31 行.
INFO: Run Behavior\ParseTemplateBehavior [ RunTime:0.013780s ]
INFO: [ view_parse ] --END-- [ RunTime:0.014019s ]
INFO: [ view_filter ] --START--
INFO: Run Behavior\WriteHtmlCacheBehavior [ RunTime:0.000791s ]
INFO: [ view_filter ] --END-- [ RunTime:0.001006s ]
INFO: [ app_end ] --START--
INFO: Run Behavior\ShowPageTraceBehavior [ RunTime:0.001043s ]
INFO: [ app_end ] --END-- [ RunTime:0.001253s ]

[ 2016-12-27T11:48:48+08:00 ] ::1 /shop/ecshop/index.php/Admin/Index/order.php?act=list
INFO: [ app_init ] --START--
INFO: Run Behavior\BuildLiteBehavior [ RunTime:0.000042s ]
INFO: [ app_init ] --END-- [ RunTime:0.000803s ]
INFO: [ app_begin ] --START--
INFO: Run Behavior\ReadHtmlCacheBehavior [ RunTime:0.001377s ]
INFO: [ app_begin ] --END-- [ RunTime:0.001624s ]
ERR: 非法操作:order.php

[ 2016-12-27T11:48:49+08:00 ] ::1 /shop/ecshop/index.php/Admin/Index/order.php?act=add
INFO: [ app_init ] --START--
INFO: Run Behavior\BuildLiteBehavior [ RunTime:0.000044s ]
INFO: [ app_init ] --END-- [ RunTime:0.000836s ]
INFO: [ app_begin ] --START--
INFO: Run Behavior\ReadHtmlCacheBehavior [ RunTime:0.001031s ]
INFO: [ app_begin ] --END-- [ RunTime:0.001301s ]
ERR: 非法操作:order.php

[ 2016-12-27T11:48:51+08:00 ] ::1 /shop/ecshop/index.php/Admin/Brand/brandIndex
INFO: [ app_init ] --START--
INFO: Run Behavior\BuildLiteBehavior [ RunTime:0.000045s ]
INFO: [ app_init ] --END-- [ RunTime:0.000866s ]
INFO: [ app_begin ] --START--
INFO: Run Behavior\ReadHtmlCacheBehavior [ RunTime:0.001069s ]
INFO: [ app_begin ] --END-- [ RunTime:0.001284s ]
NOTIC: [8192] mysql_connect(): The mysql extension is deprecated and will be removed in the future: use mysqli or PDO instead D:\appserv\www\shop\ecshop\ThinkPHP\Library\Think\Db\Driver\Mysql.class.php 第 52 行.
SQL: SHOW COLUMNS FROM `cz_brand` [ RunTime:0.001120s ]
NOTIC: [8] Undefined index: GoodsType D:\appserv\www\shop\ecshop\ThinkPHP\Library\Think\Db\Driver\Mysql.class.php 第 213 行.
NOTIC: [8] Undefined index: GoodsType D:\appserv\www\shop\ecshop\ThinkPHP\Library\Think\Db\Driver\Mysql.class.php 第 213 行.
NOTIC: [8] Undefined index: GoodsType D:\appserv\www\shop\ecshop\ThinkPHP\Library\Think\Db\Driver\Mysql.class.php 第 213 行.
NOTIC: [8] Undefined index: GoodsType D:\appserv\www\shop\ecshop\ThinkPHP\Library\Think\Db\Driver\Mysql.class.php 第 213 行.
NOTIC: [8] Undefined index: GoodsType D:\appserv\www\shop\ecshop\ThinkPHP\Library\Think\Db\Driver\Mysql.class.php 第 213 行.
NOTIC: [8] Undefined index: GoodsType D:\appserv\www\shop\ecshop\ThinkPHP\Library\Think\Db\Driver\Mysql.class.php 第 213 行.
NOTIC: [8] Undefined index: GoodsType D:\appserv\www\shop\ecshop\ThinkPHP\Library\Think\Db\Driver\Mysql.class.php 第 213 行.
SQL: SELECT COUNT(*) AS tp_count FROM `cz_brand` WHERE `brand_name` LIKE '%%' LIMIT 1   [ RunTime:0.000517s ]
SQL: SELECT * FROM `cz_brand` WHERE `brand_name` LIKE '%%' ORDER BY sort_order asc LIMIT 0,3   [ RunTime:0.000593s ]
INFO: [ view_parse ] --START--
INFO: [ template_filter ] --START--
INFO: Run Behavior\ContentReplaceBehavior [ RunTime:0.000117s ]
INFO: [ template_filter ] --END-- [ RunTime:0.000333s ]
NOTIC: [8] Undefined index: brand_logo D:\appserv\www\shop\ecshop\Application\Runtime\Cache\Admin\9565800db338b186b90e85da70dcb484.php 第 45 行.
NOTIC: [8] Undefined index: brand_logo D:\appserv\www\shop\ecshop\Application\Runtime\Cache\Admin\9565800db338b186b90e85da70dcb484.php 第 45 行.
NOTIC: [8] Undefined index: brand_logo D:\appserv\www\shop\ecshop\Application\Runtime\Cache\Admin\9565800db338b186b90e85da70dcb484.php 第 45 行.
INFO: Run Behavior\ParseTemplateBehavior [ RunTime:0.017823s ]
INFO: [ view_parse ] --END-- [ RunTime:0.018045s ]
INFO: [ view_filter ] --START--
INFO: Run Behavior\WriteHtmlCacheBehavior [ RunTime:0.000804s ]
INFO: [ view_filter ] --END-- [ RunTime:0.001025s ]
INFO: [ app_end ] --START--
INFO: Run Behavior\ShowPageTraceBehavior [ RunTime:0.001045s ]
INFO: [ app_end ] --END-- [ RunTime:0.001245s ]

[ 2016-12-27T11:48:53+08:00 ] ::1 /shop/ecshop/index.php/Admin/GoodsType/typeIndex
INFO: [ app_init ] --START--
INFO: Run Behavior\BuildLiteBehavior [ RunTime:0.000043s ]
INFO: [ app_init ] --END-- [ RunTime:0.000818s ]
INFO: [ app_begin ] --START--
INFO: Run Behavior\ReadHtmlCacheBehavior [ RunTime:0.000985s ]
INFO: [ app_begin ] --END-- [ RunTime:0.001228s ]
NOTIC: [8192] mysql_connect(): The mysql extension is deprecated and will be removed in the future: use mysqli or PDO instead D:\appserv\www\shop\ecshop\ThinkPHP\Library\Think\Db\Driver\Mysql.class.php 第 52 行.
SQL: SHOW COLUMNS FROM `cz_goods_type` [ RunTime:0.000791s ]
NOTIC: [8] Undefined index: GoodsType D:\appserv\www\shop\ecshop\ThinkPHP\Library\Think\Db\Driver\Mysql.class.php 第 213 行.
NOTIC: [8] Undefined index: GoodsType D:\appserv\www\shop\ecshop\ThinkPHP\Library\Think\Db\Driver\Mysql.class.php 第 213 行.
SQL: SELECT COUNT(*) AS tp_count FROM `cz_goods_type` LIMIT 1   [ RunTime:0.000247s ]
SQL: SELECT * FROM `cz_goods_type` LIMIT 0,5   [ RunTime:0.000419s ]
INFO: [ view_parse ] --START--
INFO: [ template_filter ] --START--
INFO: Run Behavior\ContentReplaceBehavior [ RunTime:0.000112s ]
INFO: [ template_filter ] --END-- [ RunTime:0.000323s ]
INFO: Run Behavior\ParseTemplateBehavior [ RunTime:0.015445s ]
INFO: [ view_parse ] --END-- [ RunTime:0.015668s ]
INFO: [ view_filter ] --START--
INFO: Run Behavior\WriteHtmlCacheBehavior [ RunTime:0.000773s ]
INFO: [ view_filter ] --END-- [ RunTime:0.000975s ]
INFO: [ app_end ] --START--
INFO: Run Behavior\ShowPageTraceBehavior [ RunTime:0.001063s ]
INFO: [ app_end ] --END-- [ RunTime:0.001264s ]

[ 2016-12-27T11:48:55+08:00 ] ::1 /shop/ecshop/index.php/Admin/Auth/authIndex
INFO: [ app_init ] --START--
INFO: Run Behavior\BuildLiteBehavior [ RunTime:0.000042s ]
INFO: [ app_init ] --END-- [ RunTime:0.000787s ]
INFO: [ app_begin ] --START--
INFO: Run Behavior\ReadHtmlCacheBehavior [ RunTime:0.000920s ]
INFO: [ app_begin ] --END-- [ RunTime:0.001124s ]
INFO: [ view_parse ] --START--
INFO: [ template_filter ] --START--
INFO: Run Behavior\ContentReplaceBehavior [ RunTime:0.000120s ]
INFO: [ template_filter ] --END-- [ RunTime:0.000337s ]
NOTIC: [8] Undefined variable: catList D:\appserv\www\shop\ecshop\Application\Runtime\Cache\Admin\039c1c84c1776eaea83d9e4abeb7be2b.php 第 30 行.
INFO: Run Behavior\ParseTemplateBehavior [ RunTime:0.015655s ]
INFO: [ view_parse ] --END-- [ RunTime:0.015967s ]
INFO: [ view_filter ] --START--
INFO: Run Behavior\WriteHtmlCacheBehavior [ RunTime:0.000708s ]
INFO: [ view_filter ] --END-- [ RunTime:0.000908s ]
INFO: [ app_end ] --START--
INFO: Run Behavior\ShowPageTraceBehavior [ RunTime:0.001151s ]
INFO: [ app_end ] --END-- [ RunTime:0.001415s ]

[ 2016-12-27T11:48:57+08:00 ] ::1 /shop/ecshop/index.php/Admin/Auth/authAdd
INFO: [ app_init ] --START--
INFO: Run Behavior\BuildLiteBehavior [ RunTime:0.000044s ]
INFO: [ app_init ] --END-- [ RunTime:0.000815s ]
INFO: [ app_begin ] --START--
INFO: Run Behavior\ReadHtmlCacheBehavior [ RunTime:0.000943s ]
INFO: [ app_begin ] --END-- [ RunTime:0.001149s ]
INFO: [ view_parse ] --START--
INFO: [ template_filter ] --START--
INFO: Run Behavior\ContentReplaceBehavior [ RunTime:0.000104s ]
INFO: [ template_filter ] --END-- [ RunTime:0.000336s ]
NOTIC: [8] Undefined variable: catList D:\appserv\www\shop\ecshop\Application\Runtime\Cache\Admin\a64d1e0b77d0466eaff3634e07cd9cfb.php 第 31 行.
INFO: Run Behavior\ParseTemplateBehavior [ RunTime:0.014895s ]
INFO: [ view_parse ] --END-- [ RunTime:0.015188s ]
INFO: [ view_filter ] --START--
INFO: Run Behavior\WriteHtmlCacheBehavior [ RunTime:0.000742s ]
INFO: [ view_filter ] --END-- [ RunTime:0.000976s ]
INFO: [ app_end ] --START--
INFO: Run Behavior\ShowPageTraceBehavior [ RunTime:0.001054s ]
INFO: [ app_end ] --END-- [ RunTime:0.001261s ]

[ 2016-12-27T11:49:17+08:00 ] ::1 /shop/ecshop/index.php/Admin/Auth/authIndex
INFO: [ app_init ] --START--
INFO: Run Behavior\BuildLiteBehavior [ RunTime:0.000090s ]
INFO: [ app_init ] --END-- [ RunTime:0.001016s ]
INFO: [ app_begin ] --START--
INFO: Run Behavior\ReadHtmlCacheBehavior [ RunTime:0.000982s ]
INFO: [ app_begin ] --END-- [ RunTime:0.001202s ]
INFO: [ view_parse ] --START--
INFO: [ template_filter ] --START--
INFO: Run Behavior\ContentReplaceBehavior [ RunTime:0.000120s ]
INFO: [ template_filter ] --END-- [ RunTime:0.000343s ]
NOTIC: [8] Undefined variable: catList D:\appserv\www\shop\ecshop\Application\Runtime\Cache\Admin\039c1c84c1776eaea83d9e4abeb7be2b.php 第 30 行.
INFO: Run Behavior\ParseTemplateBehavior [ RunTime:0.015709s ]
INFO: [ view_parse ] --END-- [ RunTime:0.015945s ]
INFO: [ view_filter ] --START--
INFO: Run Behavior\WriteHtmlCacheBehavior [ RunTime:0.000771s ]
INFO: [ view_filter ] --END-- [ RunTime:0.000972s ]
INFO: [ app_end ] --START--
INFO: Run Behavior\ShowPageTraceBehavior [ RunTime:0.000925s ]
INFO: [ app_end ] --END-- [ RunTime:0.001153s ]

[ 2016-12-27T11:49:19+08:00 ] ::1 /shop/ecshop/index.php/Admin/Auth/authAdd
INFO: [ app_init ] --START--
INFO: Run Behavior\BuildLiteBehavior [ RunTime:0.000043s ]
INFO: [ app_init ] --END-- [ RunTime:0.000774s ]
INFO: [ app_begin ] --START--
INFO: Run Behavior\ReadHtmlCacheBehavior [ RunTime:0.001014s ]
INFO: [ app_begin ] --END-- [ RunTime:0.001230s ]
INFO: [ view_parse ] --START--
INFO: [ template_filter ] --START--
INFO: Run Behavior\ContentReplaceBehavior [ RunTime:0.000108s ]
INFO: [ template_filter ] --END-- [ RunTime:0.000326s ]
NOTIC: [8] Undefined variable: catList D:\appserv\www\shop\ecshop\Application\Runtime\Cache\Admin\a64d1e0b77d0466eaff3634e07cd9cfb.php 第 31 行.
INFO: Run Behavior\ParseTemplateBehavior [ RunTime:0.013839s ]
INFO: [ view_parse ] --END-- [ RunTime:0.014148s ]
INFO: [ view_filter ] --START--
INFO: Run Behavior\WriteHtmlCacheBehavior [ RunTime:0.001374s ]
INFO: [ view_filter ] --END-- [ RunTime:0.001613s ]
INFO: [ app_end ] --START--
INFO: Run Behavior\ShowPageTraceBehavior [ RunTime:0.001161s ]
INFO: [ app_end ] --END-- [ RunTime:0.001435s ]

[ 2016-12-27T11:51:18+08:00 ] ::1 /shop/ecshop/index.php/Admin/Auth/authIndex
INFO: [ app_init ] --START--
INFO: Run Behavior\BuildLiteBehavior [ RunTime:0.000043s ]
INFO: [ app_init ] --END-- [ RunTime:0.000825s ]
INFO: [ app_begin ] --START--
INFO: Run Behavior\ReadHtmlCacheBehavior [ RunTime:0.001354s ]
INFO: [ app_begin ] --END-- [ RunTime:0.001709s ]
INFO: [ view_parse ] --START--
INFO: [ template_filter ] --START--
INFO: Run Behavior\ContentReplaceBehavior [ RunTime:0.000122s ]
INFO: [ template_filter ] --END-- [ RunTime:0.000343s ]
NOTIC: [8] Undefined variable: catList D:\appserv\www\shop\ecshop\Application\Runtime\Cache\Admin\039c1c84c1776eaea83d9e4abeb7be2b.php 第 30 行.
INFO: Run Behavior\ParseTemplateBehavior [ RunTime:0.016267s ]
INFO: [ view_parse ] --END-- [ RunTime:0.016502s ]
INFO: [ view_filter ] --START--
INFO: Run Behavior\WriteHtmlCacheBehavior [ RunTime:0.000714s ]
INFO: [ view_filter ] --END-- [ RunTime:0.000935s ]
INFO: [ app_end ] --START--
INFO: Run Behavior\ShowPageTraceBehavior [ RunTime:0.001095s ]
INFO: [ app_end ] --END-- [ RunTime:0.001386s ]

[ 2016-12-27T15:12:23+08:00 ] ::1 /shop/ecshop/index.php/Admin/Auth/authIndex
INFO: [ app_init ] --START--
INFO: Run Behavior\BuildLiteBehavior [ RunTime:0.000045s ]
INFO: [ app_init ] --END-- [ RunTime:0.001479s ]
INFO: [ app_begin ] --START--
INFO: Run Behavior\ReadHtmlCacheBehavior [ RunTime:0.002621s ]
INFO: [ app_begin ] --END-- [ RunTime:0.003197s ]
INFO: [ view_parse ] --START--
INFO: [ template_filter ] --START--
INFO: Run Behavior\ContentReplaceBehavior [ RunTime:0.000274s ]
INFO: [ template_filter ] --END-- [ RunTime:0.000772s ]
NOTIC: [8] Undefined variable: catList D:\appserv\www\shop\ecshop\Application\Runtime\Cache\Admin\039c1c84c1776eaea83d9e4abeb7be2b.php 第 30 行.
INFO: Run Behavior\ParseTemplateBehavior [ RunTime:0.046292s ]
INFO: [ view_parse ] --END-- [ RunTime:0.046899s ]
INFO: [ view_filter ] --START--
INFO: Run Behavior\WriteHtmlCacheBehavior [ RunTime:0.001310s ]
INFO: [ view_filter ] --END-- [ RunTime:0.001553s ]
INFO: [ app_end ] --START--
INFO: Run Behavior\ShowPageTraceBehavior [ RunTime:0.002254s ]
INFO: [ app_end ] --END-- [ RunTime:0.002505s ]

[ 2016-12-27T15:12:24+08:00 ] ::1 /shop/ecshop/index.php/Admin/Role/roleIndex
INFO: [ app_init ] --START--
INFO: Run Behavior\BuildLiteBehavior [ RunTime:0.000044s ]
INFO: [ app_init ] --END-- [ RunTime:0.000807s ]
INFO: [ app_begin ] --START--
INFO: Run Behavior\ReadHtmlCacheBehavior [ RunTime:0.000852s ]
INFO: [ app_begin ] --END-- [ RunTime:0.001155s ]
INFO: [ view_parse ] --START--
INFO: [ template_filter ] --START--
INFO: Run Behavior\ContentReplaceBehavior [ RunTime:0.000304s ]
INFO: [ template_filter ] --END-- [ RunTime:0.000981s ]
NOTIC: [8] Undefined variable: typeList D:\appserv\www\shop\ecshop\Application\Runtime\Cache\Admin\2be2af8da10cd0bff847046c8b97ddd4.php 第 30 行.
NOTIC: [8] Undefined variable: page D:\appserv\www\shop\ecshop\Application\Runtime\Cache\Admin\2be2af8da10cd0bff847046c8b97ddd4.php 第 45 行.
INFO: Run Behavior\ParseTemplateBehavior [ RunTime:0.054347s ]
INFO: [ view_parse ] --END-- [ RunTime:0.054909s ]
INFO: [ view_filter ] --START--
INFO: Run Behavior\WriteHtmlCacheBehavior [ RunTime:0.000842s ]
INFO: [ view_filter ] --END-- [ RunTime:0.001123s ]
INFO: [ app_end ] --START--
INFO: Run Behavior\ShowPageTraceBehavior [ RunTime:0.001511s ]
INFO: [ app_end ] --END-- [ RunTime:0.001828s ]

[ 2016-12-27T15:12:26+08:00 ] ::1 /shop/ecshop/index.php/Admin/Auth/authIndex
INFO: [ app_init ] --START--
INFO: Run Behavior\BuildLiteBehavior [ RunTime:0.000042s ]
INFO: [ app_init ] --END-- [ RunTime:0.000782s ]
INFO: [ app_begin ] --START--
INFO: Run Behavior\ReadHtmlCacheBehavior [ RunTime:0.000735s ]
INFO: [ app_begin ] --END-- [ RunTime:0.000944s ]
INFO: [ view_parse ] --START--
INFO: [ template_filter ] --START--
INFO: Run Behavior\ContentReplaceBehavior [ RunTime:0.000119s ]
INFO: [ template_filter ] --END-- [ RunTime:0.000334s ]
NOTIC: [8] Undefined variable: catList D:\appserv\www\shop\ecshop\Application\Runtime\Cache\Admin\039c1c84c1776eaea83d9e4abeb7be2b.php 第 30 行.
INFO: Run Behavior\ParseTemplateBehavior [ RunTime:0.015430s ]
INFO: [ view_parse ] --END-- [ RunTime:0.015651s ]
INFO: [ view_filter ] --START--
INFO: Run Behavior\WriteHtmlCacheBehavior [ RunTime:0.000525s ]
INFO: [ view_filter ] --END-- [ RunTime:0.000718s ]
INFO: [ app_end ] --START--
INFO: Run Behavior\ShowPageTraceBehavior [ RunTime:0.000923s ]
INFO: [ app_end ] --END-- [ RunTime:0.001116s ]

[ 2016-12-27T15:13:50+08:00 ] ::1 /shop/ecshop/index.php/Admin/Auth/authIndex
INFO: [ app_init ] --START--
INFO: Run Behavior\BuildLiteBehavior [ RunTime:0.000042s ]
INFO: [ app_init ] --END-- [ RunTime:0.000802s ]
INFO: [ app_begin ] --START--
INFO: Run Behavior\ReadHtmlCacheBehavior [ RunTime:0.000784s ]
INFO: [ app_begin ] --END-- [ RunTime:0.000992s ]
INFO: [ view_parse ] --START--
INFO: [ template_filter ] --START--
INFO: Run Behavior\ContentReplaceBehavior [ RunTime:0.000123s ]
INFO: [ template_filter ] --END-- [ RunTime:0.000342s ]
NOTIC: [8] Undefined variable: catList D:\appserv\www\shop\ecshop\Application\Runtime\Cache\Admin\039c1c84c1776eaea83d9e4abeb7be2b.php 第 30 行.
INFO: Run Behavior\ParseTemplateBehavior [ RunTime:0.015394s ]
INFO: [ view_parse ] --END-- [ RunTime:0.015624s ]
INFO: [ view_filter ] --START--
INFO: Run Behavior\WriteHtmlCacheBehavior [ RunTime:0.000495s ]
INFO: [ view_filter ] --END-- [ RunTime:0.000685s ]
INFO: [ app_end ] --START--
INFO: Run Behavior\ShowPageTraceBehavior [ RunTime:0.001331s ]
INFO: [ app_end ] --END-- [ RunTime:0.001685s ]

[ 2016-12-27T16:01:44+08:00 ] ::1 /shop/ecshop/index.php/Admin/Index/index.html
INFO: [ app_init ] --START--
INFO: Run Behavior\BuildLiteBehavior [ RunTime:0.000044s ]
INFO: [ app_init ] --END-- [ RunTime:0.000988s ]
INFO: [ app_begin ] --START--
INFO: Run Behavior\ReadHtmlCacheBehavior [ RunTime:0.001287s ]
INFO: [ app_begin ] --END-- [ RunTime:0.001622s ]
INFO: [ view_parse ] --START--
INFO: [ template_filter ] --START--
INFO: Run Behavior\ContentReplaceBehavior [ RunTime:0.000100s ]
INFO: [ template_filter ] --END-- [ RunTime:0.000346s ]
NOTIC: [8] Undefined variable: shop_url D:\appserv\www\shop\ecshop\Application\Runtime\Cache\Admin\b595b808c2ebeeeb0478ffc30bb4e87a.php 第 16 行.
INFO: Run Behavior\ParseTemplateBehavior [ RunTime:0.029205s ]
INFO: [ view_parse ] --END-- [ RunTime:0.029436s ]
INFO: [ view_filter ] --START--
INFO: Run Behavior\WriteHtmlCacheBehavior [ RunTime:0.000877s ]
INFO: [ view_filter ] --END-- [ RunTime:0.001087s ]
INFO: [ app_end ] --START--
INFO: Run Behavior\ShowPageTraceBehavior [ RunTime:0.001178s ]
INFO: [ app_end ] --END-- [ RunTime:0.001389s ]

[ 2016-12-27T16:01:45+08:00 ] ::1 /shop/ecshop/index.php/Admin/Index/top1
INFO: [ app_init ] --START--
INFO: Run Behavior\BuildLiteBehavior [ RunTime:0.000080s ]
INFO: [ app_init ] --END-- [ RunTime:0.001294s ]
INFO: [ app_begin ] --START--
INFO: Run Behavior\ReadHtmlCacheBehavior [ RunTime:0.002091s ]
INFO: [ app_begin ] --END-- [ RunTime:0.002497s ]
INFO: [ view_parse ] --START--
INFO: [ template_filter ] --START--
INFO: Run Behavior\ContentReplaceBehavior [ RunTime:0.000200s ]
INFO: [ template_filter ] --END-- [ RunTime:0.000617s ]
INFO: Run Behavior\ParseTemplateBehavior [ RunTime:0.028242s ]
INFO: [ view_parse ] --END-- [ RunTime:0.028575s ]
INFO: [ view_filter ] --START--
INFO: Run Behavior\WriteHtmlCacheBehavior [ RunTime:0.000492s ]
INFO: [ view_filter ] --END-- [ RunTime:0.000686s ]
INFO: [ app_end ] --START--
INFO: Run Behavior\ShowPageTraceBehavior [ RunTime:0.001141s ]
INFO: [ app_end ] --END-- [ RunTime:0.001425s ]

[ 2016-12-27T16:01:45+08:00 ] ::1 /shop/ecshop/index.php/Admin/Index/drag1
INFO: [ app_init ] --START--
INFO: Run Behavior\BuildLiteBehavior [ RunTime:0.000074s ]
INFO: [ app_init ] --END-- [ RunTime:0.001209s ]
INFO: [ app_begin ] --START--
INFO: Run Behavior\ReadHtmlCacheBehavior [ RunTime:0.001721s ]
INFO: [ app_begin ] --END-- [ RunTime:0.002073s ]
INFO: [ view_parse ] --START--
INFO: [ template_filter ] --START--
INFO: Run Behavior\ContentReplaceBehavior [ RunTime:0.000099s ]
INFO: [ template_filter ] --END-- [ RunTime:0.000314s ]
INFO: Run Behavior\ParseTemplateBehavior [ RunTime:0.033480s ]
INFO: [ view_parse ] --END-- [ RunTime:0.033728s ]
INFO: [ view_filter ] --START--
INFO: Run Behavior\WriteHtmlCacheBehavior [ RunTime:0.000776s ]
INFO: [ view_filter ] --END-- [ RunTime:0.000975s ]
INFO: [ app_end ] --START--
INFO: Run Behavior\ShowPageTraceBehavior [ RunTime:0.002225s ]
INFO: [ app_end ] --END-- [ RunTime:0.002470s ]

[ 2016-12-27T16:01:45+08:00 ] ::1 /shop/ecshop/index.php/Admin/Index/menu1
INFO: [ app_init ] --START--
INFO: Run Behavior\BuildLiteBehavior [ RunTime:0.000075s ]
INFO: [ app_init ] --END-- [ RunTime:0.001291s ]
INFO: [ app_begin ] --START--
INFO: Run Behavior\ReadHtmlCacheBehavior [ RunTime:0.001292s ]
INFO: [ app_begin ] --END-- [ RunTime:0.001668s ]
NOTIC: [8192] mysql_connect(): The mysql extension is deprecated and will be removed in the future: use mysqli or PDO instead D:\appserv\www\shop\ecshop\ThinkPHP\Library\Think\Db\Driver\Mysql.class.php 第 52 行.
SQL: SHOW COLUMNS FROM `cz_role` [ RunTime:0.004467s ]
NOTIC: [8] Undefined index: GoodsType D:\appserv\www\shop\ecshop\ThinkPHP\Library\Think\Db\Driver\Mysql.class.php 第 213 行.
NOTIC: [8] Undefined index: GoodsType D:\appserv\www\shop\ecshop\ThinkPHP\Library\Think\Db\Driver\Mysql.class.php 第 213 行.
SQL: SELECT * FROM `cz_role` WHERE `role_id` = '1' LIMIT 1   [ RunTime:0.000660s ]
NOTIC: [8] Undefined index: role_auth_ids D:\appserv\www\shop\ecshop\Application\Admin\Controller\IndexController.class.php 第 23 行.
INFO: [ view_parse ] --START--
INFO: [ template_filter ] --START--
INFO: Run Behavior\ContentReplaceBehavior [ RunTime:0.000161s ]
INFO: [ template_filter ] --END-- [ RunTime:0.000549s ]
INFO: Run Behavior\ParseTemplateBehavior [ RunTime:0.107820s ]
INFO: [ view_parse ] --END-- [ RunTime:0.108090s ]
INFO: [ view_filter ] --START--
INFO: Run Behavior\WriteHtmlCacheBehavior [ RunTime:0.000659s ]
INFO: [ view_filter ] --END-- [ RunTime:0.000879s ]
INFO: [ app_end ] --START--
INFO: Run Behavior\ShowPageTraceBehavior [ RunTime:0.001481s ]
INFO: [ app_end ] --END-- [ RunTime:0.001789s ]

[ 2016-12-27T16:01:45+08:00 ] ::1 /shop/ecshop/index.php/Admin/Index/main
INFO: [ app_init ] --START--
INFO: Run Behavior\BuildLiteBehavior [ RunTime:0.000079s ]
INFO: [ app_init ] --END-- [ RunTime:0.003614s ]
INFO: [ app_begin ] --START--
INFO: Run Behavior\ReadHtmlCacheBehavior [ RunTime:0.001200s ]
INFO: [ app_begin ] --END-- [ RunTime:0.001428s ]
INFO: [ view_parse ] --START--
INFO: [ template_filter ] --START--
INFO: Run Behavior\ContentReplaceBehavior [ RunTime:0.000112s ]
INFO: [ template_filter ] --END-- [ RunTime:0.000364s ]
INFO: Run Behavior\ParseTemplateBehavior [ RunTime:0.024853s ]
INFO: [ view_parse ] --END-- [ RunTime:0.025239s ]
INFO: [ view_filter ] --START--
INFO: Run Behavior\WriteHtmlCacheBehavior [ RunTime:0.001148s ]
INFO: [ view_filter ] --END-- [ RunTime:0.001471s ]
INFO: [ app_end ] --START--
INFO: Run Behavior\ShowPageTraceBehavior [ RunTime:0.001507s ]
INFO: [ app_end ] --END-- [ RunTime:0.001890s ]

[ 2016-12-27T16:01:46+08:00 ] ::1 /shop/ecshop/index.php/Admin/Auth/authIndex
INFO: [ app_init ] --START--
INFO: Run Behavior\BuildLiteBehavior [ RunTime:0.000043s ]
INFO: [ app_init ] --END-- [ RunTime:0.000897s ]
INFO: [ app_begin ] --START--
INFO: Run Behavior\ReadHtmlCacheBehavior [ RunTime:0.001299s ]
INFO: [ app_begin ] --END-- [ RunTime:0.001514s ]
NOTIC: [8192] mysql_connect(): The mysql extension is deprecated and will be removed in the future: use mysqli or PDO instead D:\appserv\www\shop\ecshop\ThinkPHP\Library\Think\Db\Driver\Mysql.class.php 第 52 行.
SQL: SHOW COLUMNS FROM `cz_auth` [ RunTime:0.001237s ]
NOTIC: [8] Undefined index: GoodsType D:\appserv\www\shop\ecshop\ThinkPHP\Library\Think\Db\Driver\Mysql.class.php 第 213 行.
NOTIC: [8] Undefined index: GoodsType D:\appserv\www\shop\ecshop\ThinkPHP\Library\Think\Db\Driver\Mysql.class.php 第 213 行.
NOTIC: [8] Undefined index: GoodsType D:\appserv\www\shop\ecshop\ThinkPHP\Library\Think\Db\Driver\Mysql.class.php 第 213 行.
NOTIC: [8] Undefined index: GoodsType D:\appserv\www\shop\ecshop\ThinkPHP\Library\Think\Db\Driver\Mysql.class.php 第 213 行.
NOTIC: [8] Undefined index: GoodsType D:\appserv\www\shop\ecshop\ThinkPHP\Library\Think\Db\Driver\Mysql.class.php 第 213 行.
NOTIC: [8] Undefined index: GoodsType D:\appserv\www\shop\ecshop\ThinkPHP\Library\Think\Db\Driver\Mysql.class.php 第 213 行.
SQL: SELECT * FROM `cz_auth`  [ RunTime:0.000684s ]
INFO: [ view_parse ] --START--
INFO: [ template_filter ] --START--
INFO: Run Behavior\ContentReplaceBehavior [ RunTime:0.000153s ]
INFO: [ template_filter ] --END-- [ RunTime:0.000372s ]
INFO: Run Behavior\ParseTemplateBehavior [ RunTime:0.015802s ]
INFO: [ view_parse ] --END-- [ RunTime:0.016024s ]
INFO: [ view_filter ] --START--
INFO: Run Behavior\WriteHtmlCacheBehavior [ RunTime:0.001039s ]
INFO: [ view_filter ] --END-- [ RunTime:0.001316s ]
INFO: [ app_end ] --START--
INFO: Run Behavior\ShowPageTraceBehavior [ RunTime:0.001705s ]
INFO: [ app_end ] --END-- [ RunTime:0.001985s ]

[ 2016-12-27T16:01:48+08:00 ] ::1 /shop/ecshop/index.php/Admin/Auth/authAdd
INFO: [ app_init ] --START--
INFO: Run Behavior\BuildLiteBehavior [ RunTime:0.000041s ]
INFO: [ app_init ] --END-- [ RunTime:0.000777s ]
INFO: [ app_begin ] --START--
INFO: Run Behavior\ReadHtmlCacheBehavior [ RunTime:0.001058s ]
INFO: [ app_begin ] --END-- [ RunTime:0.001270s ]
INFO: [ view_parse ] --START--
INFO: [ template_filter ] --START--
INFO: Run Behavior\ContentReplaceBehavior [ RunTime:0.000522s ]
INFO: [ template_filter ] --END-- [ RunTime:0.001748s ]
NOTIC: [8] Undefined variable: catList D:\appserv\www\shop\ecshop\Application\Runtime\Cache\Admin\a64d1e0b77d0466eaff3634e07cd9cfb.php 第 31 行.
INFO: Run Behavior\ParseTemplateBehavior [ RunTime:0.123685s ]
INFO: [ view_parse ] --END-- [ RunTime:0.123951s ]
INFO: [ view_filter ] --START--
INFO: Run Behavior\WriteHtmlCacheBehavior [ RunTime:0.001960s ]
INFO: [ view_filter ] --END-- [ RunTime:0.002330s ]
INFO: [ app_end ] --START--
INFO: Run Behavior\ShowPageTraceBehavior [ RunTime:0.002341s ]
INFO: [ app_end ] --END-- [ RunTime:0.002774s ]

[ 2016-12-27T16:02:05+08:00 ] ::1 /shop/ecshop/index.php/Admin/Auth/authAdd
INFO: [ app_init ] --START--
INFO: Run Behavior\BuildLiteBehavior [ RunTime:0.000044s ]
INFO: [ app_init ] --END-- [ RunTime:0.000774s ]
INFO: [ app_begin ] --START--
INFO: Run Behavior\ReadHtmlCacheBehavior [ RunTime:0.001737s ]
INFO: [ app_begin ] --END-- [ RunTime:0.001968s ]

