[ 2016-12-22T20:32:39+08:00 ] ::1 /shop/ecshop/index.php/Admin/Goods/goodedit
INFO: [ app_init ] --START--
INFO: Run Behavior\BuildLiteBehavior [ RunTime:0.000045s ]
INFO: [ app_init ] --END-- [ RunTime:0.000973s ]
INFO: [ app_begin ] --START--
INFO: Run Behavior\ReadHtmlCacheBehavior [ RunTime:0.001326s ]
INFO: [ app_begin ] --END-- [ RunTime:0.001573s ]
NOTIC: [8] Undefined index: admin D:\appserv\www\shop\ecshop\Application\Admin\Controller\BaseController.class.php 第 22 行.
INFO: [ view_parse ] --START--
INFO: [ template_filter ] --START--
INFO: Run Behavior\ContentReplaceBehavior [ RunTime:0.000222s ]
INFO: [ template_filter ] --END-- [ RunTime:0.000717s ]
INFO: Run Behavior\ParseTemplateBehavior [ RunTime:0.038778s ]
INFO: [ view_parse ] --END-- [ RunTime:0.039025s ]
INFO: [ view_filter ] --START--
INFO: Run Behavior\WriteHtmlCacheBehavior [ RunTime:0.001382s ]
INFO: [ view_filter ] --END-- [ RunTime:0.001688s ]

[ 2016-12-22T20:32:40+08:00 ] ::1 /shop/ecshop/index.php/Admin/Login/login.html
INFO: [ app_init ] --START--
INFO: Run Behavior\BuildLiteBehavior [ RunTime:0.000045s ]
INFO: [ app_init ] --END-- [ RunTime:0.000906s ]
INFO: [ app_begin ] --START--
INFO: Run Behavior\ReadHtmlCacheBehavior [ RunTime:0.001220s ]
INFO: [ app_begin ] --END-- [ RunTime:0.001462s ]
INFO: [ view_parse ] --START--
INFO: [ template_filter ] --START--
INFO: Run Behavior\ContentReplaceBehavior [ RunTime:0.000116s ]
INFO: [ template_filter ] --END-- [ RunTime:0.000346s ]
NOTIC: [8] Undefined variable: random D:\appserv\www\shop\ecshop\Application\Runtime\Cache\Admin\0dfec61edd66f450033aa87c28a760f4.php 第 35 行.
INFO: Run Behavior\ParseTemplateBehavior [ RunTime:0.023624s ]
INFO: [ view_parse ] --END-- [ RunTime:0.023861s ]
INFO: [ view_filter ] --START--
INFO: Run Behavior\WriteHtmlCacheBehavior [ RunTime:0.000824s ]
INFO: [ view_filter ] --END-- [ RunTime:0.001020s ]
INFO: [ app_end ] --START--
INFO: Run Behavior\ShowPageTraceBehavior [ RunTime:0.001081s ]
INFO: [ app_end ] --END-- [ RunTime:0.001285s ]

[ 2016-12-22T20:32:41+08:00 ] ::1 /shop/ecshop/index.php/Admin/Login/verifyCode/
INFO: [ app_init ] --START--
INFO: Run Behavior\BuildLiteBehavior [ RunTime:0.000043s ]
INFO: [ app_init ] --END-- [ RunTime:0.000745s ]
INFO: [ app_begin ] --START--
INFO: Run Behavior\ReadHtmlCacheBehavior [ RunTime:0.001051s ]
INFO: [ app_begin ] --END-- [ RunTime:0.001283s ]
INFO: [ app_end ] --START--
INFO: Run Behavior\ShowPageTraceBehavior [ RunTime:0.001943s ]
INFO: [ app_end ] --END-- [ RunTime:0.002328s ]

[ 2016-12-22T20:33:03+08:00 ] ::1 /shop/ecshop/index.php/Admin/Login/login.html
INFO: [ app_init ] --START--
INFO: Run Behavior\BuildLiteBehavior [ RunTime:0.000042s ]
INFO: [ app_init ] --END-- [ RunTime:0.000811s ]
INFO: [ app_begin ] --START--
INFO: Run Behavior\ReadHtmlCacheBehavior [ RunTime:0.001642s ]
INFO: [ app_begin ] --END-- [ RunTime:0.002025s ]
NOTIC: [8192] mysql_connect(): The mysql extension is deprecated and will be removed in the future: use mysqli or PDO instead D:\appserv\www\shop\ecshop\ThinkPHP\Library\Think\Db\Driver\Mysql.class.php 第 52 行.
SQL: SHOW COLUMNS FROM `cz_admin` [ RunTime:0.003393s ]
NOTIC: [8] Undefined index: GoodsType D:\appserv\www\shop\ecshop\ThinkPHP\Library\Think\Db\Driver\Mysql.class.php 第 213 行.
NOTIC: [8] Undefined index: GoodsType D:\appserv\www\shop\ecshop\ThinkPHP\Library\Think\Db\Driver\Mysql.class.php 第 213 行.
NOTIC: [8] Undefined index: GoodsType D:\appserv\www\shop\ecshop\ThinkPHP\Library\Think\Db\Driver\Mysql.class.php 第 213 行.
NOTIC: [8] Undefined index: GoodsType D:\appserv\www\shop\ecshop\ThinkPHP\Library\Think\Db\Driver\Mysql.class.php 第 213 行.
NOTIC: [8] Undefined index: GoodsType D:\appserv\www\shop\ecshop\ThinkPHP\Library\Think\Db\Driver\Mysql.class.php 第 213 行.
NOTIC: [8] Undefined index: GoodsType D:\appserv\www\shop\ecshop\ThinkPHP\Library\Think\Db\Driver\Mysql.class.php 第 213 行.
SQL: SELECT * FROM `cz_admin` WHERE `admin_name` = 'admin' LIMIT 1   [ RunTime:0.000549s ]
INFO: [ view_parse ] --START--
INFO: [ template_filter ] --START--
INFO: Run Behavior\ContentReplaceBehavior [ RunTime:0.000107s ]
INFO: [ template_filter ] --END-- [ RunTime:0.000346s ]
INFO: Run Behavior\ParseTemplateBehavior [ RunTime:0.012651s ]
INFO: [ view_parse ] --END-- [ RunTime:0.012875s ]
INFO: [ view_filter ] --START--
INFO: Run Behavior\WriteHtmlCacheBehavior [ RunTime:0.000815s ]
INFO: [ view_filter ] --END-- [ RunTime:0.001031s ]
INFO: [ app_end ] --START--
INFO: Run Behavior\ShowPageTraceBehavior [ RunTime:0.001065s ]
INFO: [ app_end ] --END-- [ RunTime:0.001360s ]

[ 2016-12-22T20:33:04+08:00 ] ::1 /shop/ecshop/index.php/Admin/Index/index.html
INFO: [ app_init ] --START--
INFO: Run Behavior\BuildLiteBehavior [ RunTime:0.000044s ]
INFO: [ app_init ] --END-- [ RunTime:0.000766s ]
INFO: [ app_begin ] --START--
INFO: Run Behavior\ReadHtmlCacheBehavior [ RunTime:0.001387s ]
INFO: [ app_begin ] --END-- [ RunTime:0.001753s ]
INFO: [ view_parse ] --START--
INFO: [ template_filter ] --START--
INFO: Run Behavior\ContentReplaceBehavior [ RunTime:0.000248s ]
INFO: [ template_filter ] --END-- [ RunTime:0.000683s ]
NOTIC: [8] Undefined variable: shop_url D:\appserv\www\shop\ecshop\Application\Runtime\Cache\Admin\b595b808c2ebeeeb0478ffc30bb4e87a.php 第 16 行.
INFO: Run Behavior\ParseTemplateBehavior [ RunTime:0.034984s ]
INFO: [ view_parse ] --END-- [ RunTime:0.035497s ]
INFO: [ view_filter ] --START--
INFO: Run Behavior\WriteHtmlCacheBehavior [ RunTime:0.001202s ]
INFO: [ view_filter ] --END-- [ RunTime:0.001579s ]
INFO: [ app_end ] --START--
INFO: Run Behavior\ShowPageTraceBehavior [ RunTime:0.001814s ]
INFO: [ app_end ] --END-- [ RunTime:0.002228s ]

[ 2016-12-22T20:33:04+08:00 ] ::1 /shop/ecshop/index.php/Admin/Index/top1
INFO: [ app_init ] --START--
INFO: Run Behavior\BuildLiteBehavior [ RunTime:0.000113s ]
INFO: [ app_init ] --END-- [ RunTime:0.002371s ]
INFO: [ app_begin ] --START--
INFO: Run Behavior\ReadHtmlCacheBehavior [ RunTime:0.001554s ]
INFO: [ app_begin ] --END-- [ RunTime:0.001954s ]
INFO: [ view_parse ] --START--
INFO: [ template_filter ] --START--
INFO: Run Behavior\ContentReplaceBehavior [ RunTime:0.000190s ]
INFO: [ template_filter ] --END-- [ RunTime:0.000555s ]
INFO: Run Behavior\ParseTemplateBehavior [ RunTime:0.028389s ]
INFO: [ view_parse ] --END-- [ RunTime:0.028725s ]
INFO: [ view_filter ] --START--
INFO: Run Behavior\WriteHtmlCacheBehavior [ RunTime:0.000815s ]
INFO: [ view_filter ] --END-- [ RunTime:0.001096s ]
INFO: [ app_end ] --START--
INFO: Run Behavior\ShowPageTraceBehavior [ RunTime:0.001422s ]
INFO: [ app_end ] --END-- [ RunTime:0.001776s ]

[ 2016-12-22T20:33:04+08:00 ] ::1 /shop/ecshop/index.php/Admin/Index/drag1
INFO: [ app_init ] --START--
INFO: Run Behavior\BuildLiteBehavior [ RunTime:0.000077s ]
INFO: [ app_init ] --END-- [ RunTime:0.001359s ]
INFO: [ app_begin ] --START--
INFO: Run Behavior\ReadHtmlCacheBehavior [ RunTime:0.001724s ]
INFO: [ app_begin ] --END-- [ RunTime:0.002170s ]
INFO: [ view_parse ] --START--
INFO: [ template_filter ] --START--
INFO: Run Behavior\ContentReplaceBehavior [ RunTime:0.000157s ]
INFO: [ template_filter ] --END-- [ RunTime:0.000478s ]
INFO: Run Behavior\ParseTemplateBehavior [ RunTime:0.050765s ]
INFO: [ view_parse ] --END-- [ RunTime:0.051188s ]
INFO: [ view_filter ] --START--
INFO: Run Behavior\WriteHtmlCacheBehavior [ RunTime:0.001250s ]
INFO: [ view_filter ] --END-- [ RunTime:0.001987s ]
INFO: [ app_end ] --START--
INFO: Run Behavior\ShowPageTraceBehavior [ RunTime:0.001656s ]
INFO: [ app_end ] --END-- [ RunTime:0.001983s ]

[ 2016-12-22T20:33:04+08:00 ] ::1 /shop/ecshop/index.php/Admin/Index/main
INFO: [ app_init ] --START--
INFO: Run Behavior\BuildLiteBehavior [ RunTime:0.000076s ]
INFO: [ app_init ] --END-- [ RunTime:0.001533s ]
INFO: [ app_begin ] --START--
INFO: Run Behavior\ReadHtmlCacheBehavior [ RunTime:0.001233s ]
INFO: [ app_begin ] --END-- [ RunTime:0.001709s ]
INFO: [ view_parse ] --START--
INFO: [ template_filter ] --START--
INFO: Run Behavior\ContentReplaceBehavior [ RunTime:0.000096s ]
INFO: [ template_filter ] --END-- [ RunTime:0.000312s ]
INFO: Run Behavior\ParseTemplateBehavior [ RunTime:0.045864s ]
INFO: [ view_parse ] --END-- [ RunTime:0.046103s ]
INFO: [ view_filter ] --START--
INFO: Run Behavior\WriteHtmlCacheBehavior [ RunTime:0.000673s ]
INFO: [ view_filter ] --END-- [ RunTime:0.000866s ]
INFO: [ app_end ] --START--
INFO: Run Behavior\ShowPageTraceBehavior [ RunTime:0.001192s ]
INFO: [ app_end ] --END-- [ RunTime:0.001412s ]

[ 2016-12-22T20:33:04+08:00 ] ::1 /shop/ecshop/index.php/Admin/Index/menu1
INFO: [ app_init ] --START--
INFO: Run Behavior\BuildLiteBehavior [ RunTime:0.000070s ]
INFO: [ app_init ] --END-- [ RunTime:0.001276s ]
INFO: [ app_begin ] --START--
INFO: Run Behavior\ReadHtmlCacheBehavior [ RunTime:0.001065s ]
INFO: [ app_begin ] --END-- [ RunTime:0.001372s ]
NOTIC: [8192] mysql_connect(): The mysql extension is deprecated and will be removed in the future: use mysqli or PDO instead D:\appserv\www\shop\ecshop\ThinkPHP\Library\Think\Db\Driver\Mysql.class.php 第 52 行.
SQL: SHOW COLUMNS FROM `cz_role` [ RunTime:0.003360s ]
NOTIC: [8] Undefined index: GoodsType D:\appserv\www\shop\ecshop\ThinkPHP\Library\Think\Db\Driver\Mysql.class.php 第 213 行.
NOTIC: [8] Undefined index: GoodsType D:\appserv\www\shop\ecshop\ThinkPHP\Library\Think\Db\Driver\Mysql.class.php 第 213 行.
NOTIC: [8] Undefined index: GoodsType D:\appserv\www\shop\ecshop\ThinkPHP\Library\Think\Db\Driver\Mysql.class.php 第 213 行.
NOTIC: [8] Undefined index: GoodsType D:\appserv\www\shop\ecshop\ThinkPHP\Library\Think\Db\Driver\Mysql.class.php 第 213 行.
SQL: SELECT * FROM `cz_role` WHERE `role_id` = '1' LIMIT 1   [ RunTime:0.001002s ]
INFO: [ view_parse ] --START--
INFO: [ template_filter ] --START--
INFO: Run Behavior\ContentReplaceBehavior [ RunTime:0.000164s ]
INFO: [ template_filter ] --END-- [ RunTime:0.000387s ]
INFO: Run Behavior\ParseTemplateBehavior [ RunTime:0.037016s ]
INFO: [ view_parse ] --END-- [ RunTime:0.037331s ]
INFO: [ view_filter ] --START--
INFO: Run Behavior\WriteHtmlCacheBehavior [ RunTime:0.000687s ]
INFO: [ view_filter ] --END-- [ RunTime:0.000880s ]
INFO: [ app_end ] --START--
INFO: Run Behavior\ShowPageTraceBehavior [ RunTime:0.001550s ]
INFO: [ app_end ] --END-- [ RunTime:0.001854s ]

[ 2016-12-22T20:33:06+08:00 ] ::1 /shop/ecshop/index.php/Admin/Goods/goodsIndex
INFO: [ app_init ] --START--
INFO: Run Behavior\BuildLiteBehavior [ RunTime:0.000044s ]
INFO: [ app_init ] --END-- [ RunTime:0.000831s ]
INFO: [ app_begin ] --START--
INFO: Run Behavior\ReadHtmlCacheBehavior [ RunTime:0.001118s ]
INFO: [ app_begin ] --END-- [ RunTime:0.001326s ]
NOTIC: [8192] mysql_connect(): The mysql extension is deprecated and will be removed in the future: use mysqli or PDO instead D:\appserv\www\shop\ecshop\ThinkPHP\Library\Think\Db\Driver\Mysql.class.php 第 52 行.
SQL: SHOW COLUMNS FROM `cz_goods` [ RunTime:0.001341s ]
NOTIC: [8] Undefined index: GoodsType D:\appserv\www\shop\ecshop\ThinkPHP\Library\Think\Db\Driver\Mysql.class.php 第 213 行.
NOTIC: [8] Undefined index: GoodsType D:\appserv\www\shop\ecshop\ThinkPHP\Library\Think\Db\Driver\Mysql.class.php 第 213 行.
NOTIC: [8] Undefined index: GoodsType D:\appserv\www\shop\ecshop\ThinkPHP\Library\Think\Db\Driver\Mysql.class.php 第 213 行.
NOTIC: [8] Undefined index: GoodsType D:\appserv\www\shop\ecshop\ThinkPHP\Library\Think\Db\Driver\Mysql.class.php 第 213 行.
NOTIC: [8] Undefined index: GoodsType D:\appserv\www\shop\ecshop\ThinkPHP\Library\Think\Db\Driver\Mysql.class.php 第 213 行.
NOTIC: [8] Undefined index: GoodsType D:\appserv\www\shop\ecshop\ThinkPHP\Library\Think\Db\Driver\Mysql.class.php 第 213 行.
NOTIC: [8] Undefined index: GoodsType D:\appserv\www\shop\ecshop\ThinkPHP\Library\Think\Db\Driver\Mysql.class.php 第 213 行.
NOTIC: [8] Undefined index: GoodsType D:\appserv\www\shop\ecshop\ThinkPHP\Library\Think\Db\Driver\Mysql.class.php 第 213 行.
NOTIC: [8] Undefined index: GoodsType D:\appserv\www\shop\ecshop\ThinkPHP\Library\Think\Db\Driver\Mysql.class.php 第 213 行.
NOTIC: [8] Undefined index: GoodsType D:\appserv\www\shop\ecshop\ThinkPHP\Library\Think\Db\Driver\Mysql.class.php 第 213 行.
NOTIC: [8] Undefined index: GoodsType D:\appserv\www\shop\ecshop\ThinkPHP\Library\Think\Db\Driver\Mysql.class.php 第 213 行.
NOTIC: [8] Undefined index: GoodsType D:\appserv\www\shop\ecshop\ThinkPHP\Library\Think\Db\Driver\Mysql.class.php 第 213 行.
NOTIC: [8] Undefined index: GoodsType D:\appserv\www\shop\ecshop\ThinkPHP\Library\Think\Db\Driver\Mysql.class.php 第 213 行.
NOTIC: [8] Undefined index: GoodsType D:\appserv\www\shop\ecshop\ThinkPHP\Library\Think\Db\Driver\Mysql.class.php 第 213 行.
NOTIC: [8] Undefined index: GoodsType D:\appserv\www\shop\ecshop\ThinkPHP\Library\Think\Db\Driver\Mysql.class.php 第 213 行.
NOTIC: [8] Undefined index: GoodsType D:\appserv\www\shop\ecshop\ThinkPHP\Library\Think\Db\Driver\Mysql.class.php 第 213 行.
NOTIC: [8] Undefined index: GoodsType D:\appserv\www\shop\ecshop\ThinkPHP\Library\Think\Db\Driver\Mysql.class.php 第 213 行.
NOTIC: [8] Undefined index: GoodsType D:\appserv\www\shop\ecshop\ThinkPHP\Library\Think\Db\Driver\Mysql.class.php 第 213 行.
NOTIC: [8] Undefined index: GoodsType D:\appserv\www\shop\ecshop\ThinkPHP\Library\Think\Db\Driver\Mysql.class.php 第 213 行.
NOTIC: [8] Undefined index: GoodsType D:\appserv\www\shop\ecshop\ThinkPHP\Library\Think\Db\Driver\Mysql.class.php 第 213 行.
NOTIC: [8] Undefined index: GoodsType D:\appserv\www\shop\ecshop\ThinkPHP\Library\Think\Db\Driver\Mysql.class.php 第 213 行.
NOTIC: [8] Undefined index: GoodsType D:\appserv\www\shop\ecshop\ThinkPHP\Library\Think\Db\Driver\Mysql.class.php 第 213 行.
NOTIC: [8] Undefined index: GoodsType D:\appserv\www\shop\ecshop\ThinkPHP\Library\Think\Db\Driver\Mysql.class.php 第 213 行.
SQL: SELECT * FROM `cz_goods`  [ RunTime:0.000641s ]
SQL: SHOW COLUMNS FROM `cz_brand` [ RunTime:0.001374s ]
NOTIC: [8] Undefined index: GoodsType D:\appserv\www\shop\ecshop\ThinkPHP\Library\Think\Db\Driver\Mysql.class.php 第 213 行.
NOTIC: [8] Undefined index: GoodsType D:\appserv\www\shop\ecshop\ThinkPHP\Library\Think\Db\Driver\Mysql.class.php 第 213 行.
NOTIC: [8] Undefined index: GoodsType D:\appserv\www\shop\ecshop\ThinkPHP\Library\Think\Db\Driver\Mysql.class.php 第 213 行.
NOTIC: [8] Undefined index: GoodsType D:\appserv\www\shop\ecshop\ThinkPHP\Library\Think\Db\Driver\Mysql.class.php 第 213 行.
NOTIC: [8] Undefined index: GoodsType D:\appserv\www\shop\ecshop\ThinkPHP\Library\Think\Db\Driver\Mysql.class.php 第 213 行.
NOTIC: [8] Undefined index: GoodsType D:\appserv\www\shop\ecshop\ThinkPHP\Library\Think\Db\Driver\Mysql.class.php 第 213 行.
NOTIC: [8] Undefined index: GoodsType D:\appserv\www\shop\ecshop\ThinkPHP\Library\Think\Db\Driver\Mysql.class.php 第 213 行.
SQL: SELECT * FROM `cz_brand`  [ RunTime:0.074048s ]
SQL: SHOW COLUMNS FROM `cz_category` [ RunTime:0.001545s ]
NOTIC: [8] Undefined index: GoodsType D:\appserv\www\shop\ecshop\ThinkPHP\Library\Think\Db\Driver\Mysql.class.php 第 213 行.
NOTIC: [8] Undefined index: GoodsType D:\appserv\www\shop\ecshop\ThinkPHP\Library\Think\Db\Driver\Mysql.class.php 第 213 行.
NOTIC: [8] Undefined index: GoodsType D:\appserv\www\shop\ecshop\ThinkPHP\Library\Think\Db\Driver\Mysql.class.php 第 213 行.
NOTIC: [8] Undefined index: GoodsType D:\appserv\www\shop\ecshop\ThinkPHP\Library\Think\Db\Driver\Mysql.class.php 第 213 行.
NOTIC: [8] Undefined index: GoodsType D:\appserv\www\shop\ecshop\ThinkPHP\Library\Think\Db\Driver\Mysql.class.php 第 213 行.
NOTIC: [8] Undefined index: GoodsType D:\appserv\www\shop\ecshop\ThinkPHP\Library\Think\Db\Driver\Mysql.class.php 第 213 行.
NOTIC: [8] Undefined index: GoodsType D:\appserv\www\shop\ecshop\ThinkPHP\Library\Think\Db\Driver\Mysql.class.php 第 213 行.
SQL: SELECT * FROM `cz_category`  [ RunTime:0.000729s ]
INFO: [ view_parse ] --START--
INFO: [ template_filter ] --START--
INFO: Run Behavior\ContentReplaceBehavior [ RunTime:0.000214s ]
INFO: [ template_filter ] --END-- [ RunTime:0.000551s ]
INFO: Run Behavior\ParseTemplateBehavior [ RunTime:0.044792s ]
INFO: [ view_parse ] --END-- [ RunTime:0.045148s ]
INFO: [ view_filter ] --START--
INFO: Run Behavior\WriteHtmlCacheBehavior [ RunTime:0.000795s ]
INFO: [ view_filter ] --END-- [ RunTime:0.000990s ]
INFO: [ app_end ] --START--
INFO: Run Behavior\ShowPageTraceBehavior [ RunTime:0.001094s ]
INFO: [ app_end ] --END-- [ RunTime:0.001309s ]

[ 2016-12-22T20:33:08+08:00 ] ::1 /shop/ecshop/index.php/Admin/Goods/goodsAdd
INFO: [ app_init ] --START--
INFO: Run Behavior\BuildLiteBehavior [ RunTime:0.000044s ]
INFO: [ app_init ] --END-- [ RunTime:0.000824s ]
INFO: [ app_begin ] --START--
INFO: Run Behavior\ReadHtmlCacheBehavior [ RunTime:0.001357s ]
INFO: [ app_begin ] --END-- [ RunTime:0.001654s ]
NOTIC: [8192] mysql_connect(): The mysql extension is deprecated and will be removed in the future: use mysqli or PDO instead D:\appserv\www\shop\ecshop\ThinkPHP\Library\Think\Db\Driver\Mysql.class.php 第 52 行.
SQL: SHOW COLUMNS FROM `cz_goods_type` [ RunTime:0.001239s ]
NOTIC: [8] Undefined index: GoodsType D:\appserv\www\shop\ecshop\ThinkPHP\Library\Think\Db\Driver\Mysql.class.php 第 213 行.
NOTIC: [8] Undefined index: GoodsType D:\appserv\www\shop\ecshop\ThinkPHP\Library\Think\Db\Driver\Mysql.class.php 第 213 行.
SQL: SELECT * FROM `cz_goods_type`  [ RunTime:0.000408s ]
SQL: SHOW COLUMNS FROM `cz_category` [ RunTime:0.000878s ]
NOTIC: [8] Undefined index: GoodsType D:\appserv\www\shop\ecshop\ThinkPHP\Library\Think\Db\Driver\Mysql.class.php 第 213 行.
NOTIC: [8] Undefined index: GoodsType D:\appserv\www\shop\ecshop\ThinkPHP\Library\Think\Db\Driver\Mysql.class.php 第 213 行.
NOTIC: [8] Undefined index: GoodsType D:\appserv\www\shop\ecshop\ThinkPHP\Library\Think\Db\Driver\Mysql.class.php 第 213 行.
NOTIC: [8] Undefined index: GoodsType D:\appserv\www\shop\ecshop\ThinkPHP\Library\Think\Db\Driver\Mysql.class.php 第 213 行.
NOTIC: [8] Undefined index: GoodsType D:\appserv\www\shop\ecshop\ThinkPHP\Library\Think\Db\Driver\Mysql.class.php 第 213 行.
NOTIC: [8] Undefined index: GoodsType D:\appserv\www\shop\ecshop\ThinkPHP\Library\Think\Db\Driver\Mysql.class.php 第 213 行.
NOTIC: [8] Undefined index: GoodsType D:\appserv\www\shop\ecshop\ThinkPHP\Library\Think\Db\Driver\Mysql.class.php 第 213 行.
SQL: SELECT * FROM `cz_category`  [ RunTime:0.000564s ]
SQL: SHOW COLUMNS FROM `cz_brand` [ RunTime:0.001223s ]
NOTIC: [8] Undefined index: GoodsType D:\appserv\www\shop\ecshop\ThinkPHP\Library\Think\Db\Driver\Mysql.class.php 第 213 行.
NOTIC: [8] Undefined index: GoodsType D:\appserv\www\shop\ecshop\ThinkPHP\Library\Think\Db\Driver\Mysql.class.php 第 213 行.
NOTIC: [8] Undefined index: GoodsType D:\appserv\www\shop\ecshop\ThinkPHP\Library\Think\Db\Driver\Mysql.class.php 第 213 行.
NOTIC: [8] Undefined index: GoodsType D:\appserv\www\shop\ecshop\ThinkPHP\Library\Think\Db\Driver\Mysql.class.php 第 213 行.
NOTIC: [8] Undefined index: GoodsType D:\appserv\www\shop\ecshop\ThinkPHP\Library\Think\Db\Driver\Mysql.class.php 第 213 行.
NOTIC: [8] Undefined index: GoodsType D:\appserv\www\shop\ecshop\ThinkPHP\Library\Think\Db\Driver\Mysql.class.php 第 213 行.
NOTIC: [8] Undefined index: GoodsType D:\appserv\www\shop\ecshop\ThinkPHP\Library\Think\Db\Driver\Mysql.class.php 第 213 行.
SQL: SELECT * FROM `cz_brand`  [ RunTime:0.000440s ]
INFO: [ view_parse ] --START--
INFO: [ template_filter ] --START--
INFO: Run Behavior\ContentReplaceBehavior [ RunTime:0.000447s ]
INFO: [ template_filter ] --END-- [ RunTime:0.000767s ]
INFO: Run Behavior\ParseTemplateBehavior [ RunTime:0.174760s ]
INFO: [ view_parse ] --END-- [ RunTime:0.175160s ]
INFO: [ view_filter ] --START--
INFO: Run Behavior\WriteHtmlCacheBehavior [ RunTime:0.001354s ]
INFO: [ view_filter ] --END-- [ RunTime:0.001763s ]
INFO: [ app_end ] --START--
INFO: Run Behavior\ShowPageTraceBehavior [ RunTime:0.001785s ]
INFO: [ app_end ] --END-- [ RunTime:0.002094s ]

